#
# A fatal error has been detected by the Java Runtime Environment:
#
#  Internal Error (jvmciRuntime.cpp:1609), pid=29, tid=47
#  fatal error: Fatal exception in JVMCI: Error calling jdk.vm.ci.services.Services.serializeSavedProperties
#
# JRE version: OpenJDK Runtime Environment GraalVM CE 22.3.0 (17.0.5+8) (build 17.0.5+8-jvmci-22.3-b08)
# Java VM: OpenJDK 64-Bit Server VM GraalVM CE 22.3.0 (17.0.5+8-jvmci-22.3-b08, mixed mode, sharing, tiered, jvmci, jvmci compiler, compressed oops, compressed class ptrs, parallel gc, linux-amd64)
# Problematic frame:
# V  [libjvm.so+0x972714]  JVMCIRuntime::fatal_exception(JVMCIEnv*, char const*)+0x74
#
# Core dump will be written. Default location: Core dumps may be processed with "/usr/share/apport/apport -p%p -s%s -c%c -d%d -P%P -u%u -g%g -- %E" (or dumping to /home/runner/Hangman-Game-Java/core.29)
#
# If you would like to submit a bug report, please visit:
#   https://github.com/oracle/graal/issues
#

---------------  S U M M A R Y ------------

Command Line: -XX:ThreadPriorityPolicy=1 -XX:+UnlockExperimentalVMOptions -XX:+EnableJVMCIProduct -XX:JVMCIThreadsPerNativeLibraryRuntime=1 -XX:-UnlockExperimentalVMOptions -Declipse.application=org.eclipse.jdt.ls.core.id1 -Dosgi.bundles.defaultStartLevel=4 -Declipse.product=org.eclipse.jdt.ls.core.product -Dlog.level=ALL -Xverify:none -XX:+UseParallelGC -XX:GCTimeRatio=4 -XX:AdaptiveSizePolicyWeight=90 -Dsun.zip.disableMemoryMapping=true -Xmx512m -Xms100m /nix/store/m6gcpi1ii6rghy04cjwjddcavv7i90df-jdt-language-server-1.9.0/share/java/plugins/org.eclipse.equinox.launcher_1.6.400.v20210924-0641.jar --add-modules=ALL-SYSTEM --add-opens java.base/java.util=ALL-UNNAMED --add-opens java.base/java.lang=ALL-UNNAMED -configuration /home/runner/.cache/jdt-language-server/config -data /home/runner/.cache/jdt-language-server/data/home/runner/Hangman-Game-Java

Host: AMD EPYC 7B12, 8 cores, 1G, Ubuntu 20.04.2 LTS
Time: Thu Mar 16 16:46:58 2023 UTC elapsed time: 325.423558 seconds (0d 0h 5m 25s)

---------------  T H R E A D  ---------------

Current thread (0x00007f63a00b21e0):  JavaThread "JVMCI-native CompilerThread0" daemon [_thread_in_vm, id=47, stack(0x00007f63872b3000,0x00007f63874b3000)]


Current CompileTask:
JVMCI-native: 325461 10581       4       java.util.regex.Pattern$Slice::match (79 bytes)

Stack: [0x00007f63872b3000,0x00007f63874b3000],  sp=0x00007f63874b1380,  free space=2040k
Native frames: (J=compiled Java code, j=interpreted, Vv=VM code, C=native code)
V  [libjvm.so+0x972714]  JVMCIRuntime::fatal_exception(JVMCIEnv*, char const*)+0x74
V  [libjvm.so+0x93e2fe]  JVMCIEnv::copy_saved_properties()+0x14e
V  [libjvm.so+0x9732a9]  JVMCIRuntime::initialize(JVMCIEnv*)+0xb19
V  [libjvm.so+0x9738a2]  JVMCIRuntime::get_HotSpotJVMCIRuntime(JVMCIEnv*)+0x12
V  [libjvm.so+0x9749f2]  JVMCIRuntime::compile_method(JVMCIEnv*, JVMCICompiler*, methodHandle const&, int)+0xd2
V  [libjvm.so+0x5b0d20]  CompileBroker::invoke_compiler_on_method(CompileTask*)+0x1470
V  [libjvm.so+0x5b12e8]  CompileBroker::compiler_thread_loop()+0x528
V  [libjvm.so+0xd82460]  JavaThread::thread_main_inner()+0xd0
V  [libjvm.so+0xd85a40]  Thread::call_run()+0xc0
V  [libjvm.so+0xbdb1e1]  thread_native_entry(Thread*)+0xe1

Register to memory mapping:

RAX=0x00007f63a7030000 points into unknown readable memory: 0x0000000000000058 | 58 00 00 00 00 00 00 00
RBX=0x00007f63a812b398: <offset 0x0000000000ef5398> in /nix/store/gpxl5qgg8kicmcvivwmybwjlpf7wh20l-graalvm17-ce-22.3.0/lib/server/libjvm.so at 0x00007f63a7236000
RCX=0x00007f63a80e31e8: <offset 0x0000000000ead1e8> in /nix/store/gpxl5qgg8kicmcvivwmybwjlpf7wh20l-graalvm17-ce-22.3.0/lib/server/libjvm.so at 0x00007f63a7236000
RDX=0x0000000000000649 is an unknown value
RSP=0x00007f63874b1380 is pointing into the stack for thread: 0x00007f63a00b21e0
RBP=0x00007f63874b13a0 is pointing into the stack for thread: 0x00007f63a00b21e0
RSI=0x00007f63a812bc48: <offset 0x0000000000ef5c48> in /nix/store/gpxl5qgg8kicmcvivwmybwjlpf7wh20l-graalvm17-ce-22.3.0/lib/server/libjvm.so at 0x00007f63a7236000
RDI=0x00000000e0000000 is an oop: java.lang.String 
{0x00000000e0000000} - klass: 'java/lang/String'
 - string: "resolution"
R8 =0x00007f63a812b398: <offset 0x0000000000ef5398> in /nix/store/gpxl5qgg8kicmcvivwmybwjlpf7wh20l-graalvm17-ce-22.3.0/lib/server/libjvm.so at 0x00007f63a7236000
R9 =0x0000000000000003 is an unknown value
R10=0x00007f63a847cda0: <offset 0x0000000001246da0> in /nix/store/gpxl5qgg8kicmcvivwmybwjlpf7wh20l-graalvm17-ce-22.3.0/lib/server/libjvm.so at 0x00007f63a7236000
R11=0x000000080044f048 is pointing into metadata
R12=0x0 is NULL
R13=0x00007f63a00b21e0 is a thread
R14=0x00007f63a0000b80 points into unknown readable memory: 0x00007f63a835ca38 | 38 ca 35 a8 63 7f 00 00
R15=0x00007f63a846ae40: <offset 0x0000000001234e40> in /nix/store/gpxl5qgg8kicmcvivwmybwjlpf7wh20l-graalvm17-ce-22.3.0/lib/server/libjvm.so at 0x00007f63a7236000


Registers:
RAX=0x00007f63a7030000, RBX=0x00007f63a812b398, RCX=0x00007f63a80e31e8, RDX=0x0000000000000649
RSP=0x00007f63874b1380, RBP=0x00007f63874b13a0, RSI=0x00007f63a812bc48, RDI=0x00000000e0000000
R8 =0x00007f63a812b398, R9 =0x0000000000000003, R10=0x00007f63a847cda0, R11=0x000000080044f048
R12=0x0000000000000000, R13=0x00007f63a00b21e0, R14=0x00007f63a0000b80, R15=0x00007f63a846ae40
RIP=0x00007f63a7ba8714, EFLAGS=0x0000000000010206, CSGSFS=0x002b000000000033, ERR=0x0000000000000006
  TRAPNO=0x000000000000000e

Top of Stack: (sp=0x00007f63874b1380)
0x00007f63874b1380:   00007f63874b1940 00007f63a00b21e0
0x00007f63874b1390:   00007f63a59c18c8 0000000800c417a0
0x00007f63874b13a0:   00007f63874b1500 00007f63a7b742fe
0x00007f63874b13b0:   00007f63874b13e0 00007f63874b1440 

Instructions: (pc=0x00007f63a7ba8714)
0x00007f63a7ba8614:   30 e8 f6 cf e8 ff 4c 89 e7 e8 2e 48 d1 ff 84 db
0x00007f63a7ba8624:   75 2a 4d 85 ed 74 04 4d 8b 6d 00 48 83 c4 08 44
0x00007f63a7ba8634:   89 f9 4c 89 f2 4c 89 ee 5b 4c 89 e7 41 5c 41 5d
0x00007f63a7ba8644:   41 5e 41 5f 5d e9 e2 47 d1 ff 66 90 48 83 c4 08
0x00007f63a7ba8654:   5b 41 5c 41 5d 41 5e 41 5f 5d c3 90 31 d2 be 08
0x00007f63a7ba8664:   00 00 00 4c 89 ff e8 b1 78 a3 ff 49 89 c5 e9 37
0x00007f63a7ba8674:   ff ff ff 66 0f 1f 84 00 00 00 00 00 48 8b 7a 08
0x00007f63a7ba8684:   e9 6d ff ff ff 0f 1f 80 00 00 00 00 e8 5b 48 0a
0x00007f63a7ba8694:   00 84 c0 75 89 e9 6a ff ff ff 66 90 55 48 89 e5
0x00007f63a7ba86a4:   41 56 41 55 41 54 49 89 fc 53 48 89 f3 66 48 8d
0x00007f63a7ba86b4:   3d 27 5e 85 00 66 66 48 e8 df 43 8d ff 4c 8b 28
0x00007f63a7ba86c4:   8b 05 be 72 8a 00 85 c0 75 14 ba 01 00 00 00 48
0x00007f63a7ba86d4:   8d 0d ae 72 8a 00 f0 0f b1 11 85 c0 74 4e be c8
0x00007f63a7ba86e4:   00 00 00 4c 89 ef e8 01 0b 41 00 48 8d 05 12 ac
0x00007f63a7ba86f4:   85 00 49 89 d8 48 8d 0d e8 aa 53 00 ba 49 06 00
0x00007f63a7ba8704:   00 48 8d 35 3c 35 58 00 bf 00 00 00 e0 48 8b 00
0x00007f63a7ba8714:   c6 00 58 31 c0 e8 e2 91 c6 ff 5b 41 5c 41 5d 41
0x00007f63a7ba8724:   5e 5d e9 55 34 26 00 0f 1f 44 00 00 48 8d 05 81
0x00007f63a7ba8734:   a3 8b 00 48 89 df 4c 8b 30 e8 9e 43 8d ff 48 89
0x00007f63a7ba8744:   de 48 89 c2 49 8b 06 4c 89 f7 ff 50 08 4c 89 f7
0x00007f63a7ba8754:   e8 a7 5c 27 00 4d 85 e4 74 12 be 01 00 00 00 4c
0x00007f63a7ba8764:   89 e7 e8 35 43 fc ff eb 82 0f 1f 00 be 01 00 00
0x00007f63a7ba8774:   00 4c 89 ef e8 d3 fd ff ff e9 6d ff ff ff 66 66
0x00007f63a7ba8784:   2e 0f 1f 84 00 00 00 00 00 0f 1f 00 55 48 89 e5
0x00007f63a7ba8794:   41 57 41 56 41 55 41 54 53 48 81 ec 08 02 00 00
0x00007f63a7ba87a4:   64 48 8b 04 25 28 00 00 00 48 89 45 c8 8b 07 83
0x00007f63a7ba87b4:   f8 02 0f 84 11 04 00 00 4c 8b 6f 18 49 89 ff 49
0x00007f63a7ba87c4:   89 f4 4d 85 ed 74 14 4c 89 ef e8 5d 57 22 00 41
0x00007f63a7ba87d4:   8b 07 83 f8 02 0f 84 19 04 00 00 48 8d 1d 9a 06
0x00007f63a7ba87e4:   8a 00 4c 8d 35 0b 3c 58 00 eb 38 90 48 85 d2 7f
0x00007f63a7ba87f4:   0d 48 8d 05 b4 c0 85 00 48 83 38 00 7e 0e 41 8b
0x00007f63a7ba8804:   77 2c 4c 89 f7 31 c0 e8 a0 b2 f7 ff 49 8b 7f 18 


Stack slot to memory mapping:
stack at sp + 0 slots: 0x00007f63874b1940 is pointing into the stack for thread: 0x00007f63a00b21e0
stack at sp + 1 slots: 0x00007f63a00b21e0 is a thread
stack at sp + 2 slots: 0x00007f63a59c18c8 points into unknown readable memory: 0x6573001880c9ffff | ff ff c9 80 18 00 73 65
stack at sp + 3 slots: 0x0000000800c417a0 is a pointer to class: 
jdk.vm.ci.services.Services {0x0000000800c417a0}
 - instance size:     2
 - klass size:        65
 - access:            public final synchronized 
 - state:             fully_initialized
 - name:              'jdk/vm/ci/services/Services'
 - super:             'java/lang/Object'
 - sub:               
 - arrays:            NULL
 - methods:           Array<T>(0x00007f63a4840cb0)
 - method ordering:   Array<T>(0x0000000800928960)
 - default_methods:   Array<T>(0x0000000000000000)
 - local interfaces:  Array<T>(0x00000008005ce810)
 - trans. interfaces: Array<T>(0x00000008005ce810)
 - constants:         constant pool [427] {0x00007f63a483fd90} for 'jdk/vm/ci/services/Services' cache=0x00007f63a4841f80
 - class loader data:  loader data: 0x00007f63a00283f0 of 'bootstrap'
 - source file:       'Services.java'
 - class annotations:       Array<T>(0x0000000000000000)
 - class type annotations:  Array<T>(0x0000000000000000)
 - field annotations:       Array<T>(0x0000000000000000)
 - field type annotations:  Array<T>(0x0000000000000000)
 - inner classes:     Array<T>(0x00007f63a4841f50)
 - nest members:     Array<T>(0x00007f63a4841f70)
 - permitted subclasses:     Array<T>(0x00000008005ce7a0)
 - java mirror:       a 'java/lang/Class'{0x00000000e01473a0} = 'jdk/vm/ci/services/Services'
 - vtable length      5  (start addr: 0x0000000800c41970)
 - itable length      2 (start addr: 0x0000000800c41998)
 - ---- static fields (3 words):
 - public static final 'IS_BUILDING_NATIVE_IMAGE' 'Z' @128 
 - public static final 'IS_IN_NATIVE_IMAGE' 'Z' @129 
 - private static volatile 'savedProperties' 'Ljava/util/Map;' @112 
 - static final 'JVMCI_ENABLED' 'Z' @130 
 - private static final 'servicesCache' 'Ljava/util/Map;' @116 
 - private static final 'MAX_UNICODE_IN_UTF8_LENGTH' 'I' @120 
 - private static final 'MAX_UTF8_PROPERTY_STRING_LENGTH' 'I' @124 
 - ---- non-static fields (0 words):
 - non-static oop maps: 
stack at sp + 4 slots: 0x00007f63874b1500 is pointing into the stack for thread: 0x00007f63a00b21e0
stack at sp + 5 slots: 0x00007f63a7b742fe: <offset 0x000000000093e2fe> in /nix/store/gpxl5qgg8kicmcvivwmybwjlpf7wh20l-graalvm17-ce-22.3.0/lib/server/libjvm.so at 0x00007f63a7236000
stack at sp + 6 slots: 0x00007f63874b13e0 is pointing into the stack for thread: 0x00007f63a00b21e0
stack at sp + 7 slots: 0x00007f63874b1440 is pointing into the stack for thread: 0x00007f63a00b21e0


---------------  P R O C E S S  ---------------

Threads class SMR info:
_java_thread_list=0x00007f631c29f5b0, length=35, elements={
0x00007f63a0026690, 0x00007f63a00a64d0, 0x00007f63a00a7910, 0x00007f63a00ae050,
0x00007f63a00af400, 0x00007f63a00b07f0, 0x00007f63a00b21e0, 0x00007f63a00b36f0,
0x00007f63a00b4b40, 0x00007f63a00dfa50, 0x00007f63a0127f80, 0x00007f63a0343bb0,
0x00007f63a0377670, 0x00007f63a0379670, 0x00007f63a063ede0, 0x00007f63380388a0,
0x00007f63382d0e60, 0x00007f63280010d0, 0x00007f63384b1290, 0x00007f633861fb00,
0x00007f63a0478960, 0x00007f63a065ba00, 0x00007f630c001130, 0x00007f6308461aa0,
0x00007f63084622c0, 0x00007f6330004010, 0x00007f63101aa750, 0x00007f63101b06c0,
0x00007f63101b2dc0, 0x00007f631005e830, 0x00007f63101b1df0, 0x00007f631005d1d0,
0x00007f631005c8d0, 0x00007f6310057250, 0x00007f631c001300
}

Java Threads: ( => current thread )
  0x00007f63a0026690 JavaThread "main" [_thread_blocked, id=39, stack(0x00007f63a7051000,0x00007f63a7151000)]
  0x00007f63a00a64d0 JavaThread "Reference Handler" daemon [_thread_blocked, id=42, stack(0x00007f63a5068000,0x00007f63a5168000)]
  0x00007f63a00a7910 JavaThread "Finalizer" daemon [_thread_blocked, id=43, stack(0x00007f63a4700000,0x00007f63a4800000)]
  0x00007f63a00ae050 JavaThread "Signal Dispatcher" daemon [_thread_blocked, id=44, stack(0x00007f63a431a000,0x00007f63a441a000)]
  0x00007f63a00af400 JavaThread "Service Thread" daemon [_thread_blocked, id=45, stack(0x00007f63a421a000,0x00007f63a431a000)]
  0x00007f63a00b07f0 JavaThread "Monitor Deflation Thread" daemon [_thread_blocked, id=46, stack(0x00007f63a411a000,0x00007f63a421a000)]
=>0x00007f63a00b21e0 JavaThread "JVMCI-native CompilerThread0" daemon [_thread_in_vm, id=47, stack(0x00007f63872b3000,0x00007f63874b3000)]
  0x00007f63a00b36f0 JavaThread "C1 CompilerThread0" daemon [_thread_blocked, id=48, stack(0x00007f63870b3000,0x00007f63872b3000)]
  0x00007f63a00b4b40 JavaThread "Sweeper thread" daemon [_thread_blocked, id=49, stack(0x00007f63a401a000,0x00007f63a411a000)]
  0x00007f63a00dfa50 JavaThread "Common-Cleaner" daemon [_thread_blocked, id=50, stack(0x00007f6386fb3000,0x00007f63870b3000)]
  0x00007f63a0127f80 JavaThread "Notification Thread" daemon [_thread_blocked, id=52, stack(0x00007f6386eb3000,0x00007f6386fb3000)]
  0x00007f63a0343bb0 JavaThread "Active Thread: Equinox Container: 955bcfa4-314f-40bd-a947-21d2c8d08250" [_thread_blocked, id=64, stack(0x00007f6384900000,0x00007f6384a00000)]
  0x00007f63a0377670 JavaThread "Framework Event Dispatcher: Equinox Container: 955bcfa4-314f-40bd-a947-21d2c8d08250" daemon [_thread_blocked, id=65, stack(0x00007f6384700000,0x00007f6384800000)]
  0x00007f63a0379670 JavaThread "Start Level: Equinox Container: 955bcfa4-314f-40bd-a947-21d2c8d08250" daemon [_thread_blocked, id=66, stack(0x00007f6384500000,0x00007f6384600000)]
  0x00007f63a063ede0 JavaThread "Refresh Thread: Equinox Container: 955bcfa4-314f-40bd-a947-21d2c8d08250" daemon [_thread_blocked, id=67, stack(0x00007f6384300000,0x00007f6384400000)]
  0x00007f63380388a0 JavaThread "SCR Component Actor" daemon [_thread_blocked, id=76, stack(0x00007f6384100000,0x00007f6384200000)]
  0x00007f63382d0e60 JavaThread "Worker-JM" [_thread_blocked, id=86, stack(0x00007f634eb00000,0x00007f634ec00000)]
  0x00007f63280010d0 JavaThread "Worker-1: Compacting resource model" [_thread_blocked, id=88, stack(0x00007f634e700000,0x00007f634e800000)]
  0x00007f63384b1290 JavaThread "Java indexing" daemon [_thread_blocked, id=89, stack(0x00007f634e500000,0x00007f634e600000)]
  0x00007f633861fb00 JavaThread "Bundle File Closer" daemon [_thread_blocked, id=98, stack(0x00007f634e300000,0x00007f634e400000)]
  0x00007f63a0478960 JavaThread "pool-3-thread-1" [_thread_blocked, id=99, stack(0x00007f634e100000,0x00007f634e200000)]
  0x00007f63a065ba00 JavaThread "pool-2-thread-1" [_thread_blocked, id=101, stack(0x00007f634df00000,0x00007f634e000000)]
  0x00007f630c001130 JavaThread "Worker-3" [_thread_blocked, id=110, stack(0x00007f634dd00000,0x00007f634de00000)]
  0x00007f6308461aa0 JavaThread "OkHttp repo.maven.apache.org" [_thread_in_native, id=179, stack(0x00007f634ed00000,0x00007f634ee00000)]
  0x00007f63084622c0 JavaThread "OkHttp ConnectionPool" daemon [_thread_blocked, id=180, stack(0x00007f6384400000,0x00007f6384500000)]
  0x00007f6330004010 JavaThread "OkHttp repo.maven.apache.org Writer" [_thread_blocked, id=181, stack(0x00007f634ec00000,0x00007f634ed00000)]
  0x00007f63101aa750 JavaThread "Thread-4" [_thread_blocked, id=258, stack(0x00007f6384000000,0x00007f6384100000)]
  0x00007f63101b06c0 JavaThread "Thread-44" [_thread_blocked, id=346, stack(0x00007f6384800000,0x00007f6384900000)]
  0x00007f63101b2dc0 JavaThread "Thread-45" [_thread_blocked, id=347, stack(0x00007f634de00000,0x00007f634df00000)]
  0x00007f631005e830 JavaThread "Thread-46" [_thread_blocked, id=348, stack(0x00007f634e600000,0x00007f634e700000)]
  0x00007f63101b1df0 JavaThread "Thread-47" [_thread_blocked, id=349, stack(0x00007f634e400000,0x00007f634e500000)]
  0x00007f631005d1d0 JavaThread "Thread-48" [_thread_blocked, id=350, stack(0x00007f634e800000,0x00007f634e900000)]
  0x00007f631005c8d0 JavaThread "Thread-49" [_thread_blocked, id=351, stack(0x00007f634ea00000,0x00007f634eb00000)]
  0x00007f6310057250 JavaThread "Thread-52" [_thread_blocked, id=818, stack(0x00007f634db00000,0x00007f634dc00000)]
  0x00007f631c001300 JavaThread "Worker-6" [_thread_blocked, id=1115, stack(0x00007f6384600000,0x00007f6384700000)]

Other Threads:
  0x00007f63a00a1c10 VMThread "VM Thread" [stack: 0x00007f63a516a000,0x00007f63a526a000] [id=41] _threads_hazard_ptr=0x00007f631c29f5b0
  0x00007f63a0129920 WatcherThread [stack: 0x00007f6386db3000,0x00007f6386eb3000] [id=53]
  0x00007f63a003df30 GCTaskThread "GC Thread#0" [stack: 0x00007f63a6c14000,0x00007f63a6d14000] [id=40]

Threads with active compile tasks:
JVMCI-native CompilerThread0   325568 10581       4       java.util.regex.Pattern$Slice::match (79 bytes)

VM state: synchronizing (normal execution)

VM Mutex/Monitor currently owned by a thread:  ([mutex/lock_event])
[0x00007f63a0023840] Threads_lock - owner thread: 0x00007f63a00a1c10
[0x00007f63a0023ff0] Heap_lock - owner thread: 0x00007f63280010d0

OutOfMemory and StackOverflow Exception counts:
OutOfMemoryError java_heap_errors=1
LinkageErrors=67

Heap address: 0x00000000e0000000, size: 512 MB, Compressed Oops mode: 32-bit

CDS archive(s) mapped at: [0x0000000800000000-0x0000000800bc8000-0x0000000800bc8000), size 12353536, SharedBaseAddress: 0x0000000800000000, ArchiveRelocationMode: 0.
Compressed class space mapped at: 0x0000000800c00000-0x0000000840c00000, reserved size: 1073741824
Narrow klass base: 0x0000000800000000, Narrow klass shift: 0, Narrow klass range: 0x100000000

GC Precious Log:
 CPUs: 8 total, 1 available
 Memory: 1024M
 Large Page Support: Disabled
 NUMA Support: Disabled
 Compressed Oops: Enabled (32-bit)
 Alignments: Space 512K, Generation 512K, Heap 2M
 Heap Min Capacity: 100M
 Heap Initial Capacity: 100M
 Heap Max Capacity: 512M
 Pre-touch: Disabled
 Parallel Workers: 1

Heap:
 PSYoungGen      total 28160K, used 23040K [0x00000000f5580000, 0x00000000f7700000, 0x0000000100000000)
  eden space 23040K, 100% used [0x00000000f5580000,0x00000000f6c00000,0x00000000f6c00000)
  from space 5120K, 0% used [0x00000000f7200000,0x00000000f7200000,0x00000000f7700000)
  to   space 5120K, 0% used [0x00000000f6c00000,0x00000000f6c00000,0x00000000f7100000)
 ParOldGen       total 349696K, used 349695K [0x00000000e0000000, 0x00000000f5580000, 0x00000000f5580000)
  object space 349696K, 99% used [0x00000000e0000000,0x00000000f557fe50,0x00000000f5580000)
 Metaspace       used 64590K, committed 65856K, reserved 1114112K
  class space    used 6319K, committed 6784K, reserved 1048576K

Card table byte_map: [0x00007f63a6d14000,0x00007f63a6e15000] _byte_map_base: 0x00007f63a6614000

Marking Bits: (ParMarkBitMap*) 0x00007f63a84644c0
 Begin Bits: [0x00007f63a5b67000, 0x00007f63a6367000)
 End Bits:   [0x00007f63a6367000, 0x00007f63a6b67000)

Polling page: 0x00007f63a702e000

Metaspace:

Usage:
  Non-class:     56.91 MB used.
      Class:      6.17 MB used.
       Both:     63.08 MB used.

Virtual space:
  Non-class space:       64.00 MB reserved,      57.69 MB ( 90%) committed,  8 nodes.
      Class space:        1.00 GB reserved,       6.62 MB ( <1%) committed,  1 nodes.
             Both:        1.06 GB reserved,      64.31 MB (  6%) committed. 

Chunk freelists:
   Non-Class:  2.31 MB
       Class:  1.46 MB
        Both:  3.78 MB

MaxMetaspaceSize: unlimited
CompressedClassSpaceSize: 1.00 GB
Initial GC threshold: 21.00 MB
Current GC threshold: 107.12 MB
CDS: on
MetaspaceReclaimPolicy: balanced
 - commit_granule_bytes: 65536.
 - commit_granule_words: 8192.
 - virtual_space_node_default_size: 1048576.
 - enlarge_chunks_in_place: 1.
 - new_chunks_are_fully_committed: 0.
 - uncommit_free_chunks: 1.
 - use_allocation_guard: 0.
 - handle_deallocations: 1.


Internal statistics:

num_allocs_failed_limit: 6.
num_arena_births: 528.
num_arena_deaths: 154.
num_vsnodes_births: 9.
num_vsnodes_deaths: 0.
num_space_committed: 1026.
num_space_uncommitted: 0.
num_chunks_returned_to_freelist: 218.
num_chunks_taken_from_freelist: 3098.
num_chunk_merges: 86.
num_chunk_splits: 2019.
num_chunks_enlarged: 1247.
num_purges: 2.
num_inconsistent_stats: 0.

CodeHeap 'non-profiled nmethods': size=120036Kb used=2701Kb max_used=2701Kb free=117334Kb
 bounds [0x00007f638ef7a000, 0x00007f638f22a000, 0x00007f63964b3000]
CodeHeap 'profiled nmethods': size=120032Kb used=18512Kb max_used=18512Kb free=101519Kb
 bounds [0x00007f6387a42000, 0x00007f6388c62000, 0x00007f638ef7a000]
CodeHeap 'non-nmethods': size=5692Kb used=1391Kb max_used=1412Kb free=4300Kb
 bounds [0x00007f63874b3000, 0x00007f6387723000, 0x00007f6387a42000]
 total_blobs=9036 nmethods=8311 adapters=637
 compilation: enabled
              stopped_count=0, restarted_count=0
 full_count=0

JVMCI Events (20 events):
Event: 151.597 Thread 0x00007f63a00b21e0 compacted oop handles in JVMCI runtime 0 from 180 to 130
Event: 160.285 Thread 0x00007f63a00b21e0 compacted oop handles in JVMCI runtime 0 from 148 to 147
Event: 162.827 Thread 0x00007f63a00b21e0 compacted oop handles in JVMCI runtime 0 from 155 to 151
Event: 162.829 Thread 0x00007f63a00b21e0 compacted oop handles in JVMCI runtime 0 from 155 to 154
Event: 170.590 Thread 0x00007f63a00b21e0 compacted oop handles in JVMCI runtime 0 from 161 to 96
Event: 190.999 Thread 0x00007f63a00b21e0 compacted oop handles in JVMCI runtime 0 from 172 to 158
Event: 190.999 Thread 0x00007f63a00b21e0 compacted oop handles in JVMCI runtime 0 from 159 to 122
Event: 228.301 Thread 0x00007f63a00b21e0 compacted oop handles in JVMCI runtime 0 from 127 to 82
Event: 231.121 Thread 0x00007f63a00b21e0 compacted oop handles in JVMCI runtime 0 from 106 to 103
Event: 232.370 Thread 0x00007f63a00b21e0 detaching from JVMCI runtime 0: releasing idle compiler thread (0 other threads still attached)
Event: 232.370 Thread 0x00007f63a00b21e0 shutting down HotSpotJVMCIRuntime for JVMCI runtime 0
Event: 232.370 Thread 0x00007f63a00b21e0 shut down JVMCI runtime 0
Event: 232.380 Thread 0x00007f63a00b21e0 destroyed JavaVM[1]@0x00007f634fa9e340 for JVMCI runtime 0
Event: 232.380 Thread 0x00007f63a00b21e0 compacted oop handles in JVMCI runtime 0 from 104 to 104
Event: 232.380 Thread 0x00007f63a00b21e0 releasing handles for JVMCI runtime 0: oop handles=104, metadata handles={total=1536, live=815, blocks=48}
Event: 232.380 Thread 0x00007f63a00b21e0 detached from JVMCI runtime 0
Event: 291.393 Thread 0x00007f63a00b21e0 attached to JVMCI runtime 0
Event: 291.394 Thread 0x00007f63a00b21e0 created JavaVM[2]@0x00007f634d09e340 for JVMCI runtime 0
Event: 291.394 Thread 0x00007f63a00b21e0 initializing JVMCI runtime 0
Event: 291.394 Thread 0x00007f63a00b21e0 done waiting for JavaVM references initialization in JVMCI runtime 0

Compilation events (20 events):
Event: 229.789 Thread 0x00007f63a00b21e0 nmethod 7528 0x00007f638f21c410 code [0x00007f638f21c580, 0x00007f638f21c5a0]
Event: 229.789 Thread 0x00007f63a00b21e0 10431       4       org.eclipse.jdt.internal.formatter.Token::isComment (36 bytes)
Event: 229.789 Thread 0x00007f63a00b21e0 nmethod 10431 0x00007f638f21c710 code [0x00007f638f21c880, 0x00007f638f21c8f8]
Event: 229.789 Thread 0x00007f63a00b21e0 9046       4       org.eclipse.jdt.internal.core.search.matching.ConstructorPattern::createDefaultDeclarationIndexKey (13 bytes)
Event: 231.121 Thread 0x00007f63a00b21e0 nmethod 9046 0x00007f638f21ca10 code [0x00007f638f21cba0, 0x00007f638f21d080]
Event: 231.121 Thread 0x00007f63a00b21e0 9597       4       java.util.Arrays$ArrayList::size (6 bytes)
Event: 231.129 Thread 0x00007f63a00b21e0 nmethod 9597 0x00007f638f21d390 code [0x00007f638f21d500, 0x00007f638f21d578]
Event: 267.869 Thread 0x00007f63a00b36f0 10577       3       java.io.OutputStreamWriter::close (8 bytes)
Event: 267.870 Thread 0x00007f63a00b36f0 nmethod 10577 0x00007f6388c53c10 code [0x00007f6388c53dc0, 0x00007f6388c53f20]
Event: 267.870 Thread 0x00007f63a00b36f0 10578   !   3       sun.nio.cs.StreamEncoder::close (48 bytes)
Event: 267.870 Thread 0x00007f63a00b36f0 nmethod 10578 0x00007f6388c54010 code [0x00007f6388c541e0, 0x00007f6388c54520]
Event: 270.380 Thread 0x00007f63a00b36f0 10579       3       java.nio.charset.CharsetEncoder::flush (49 bytes)
Event: 270.381 Thread 0x00007f63a00b36f0 nmethod 10579 0x00007f6388c54690 code [0x00007f6388c54860, 0x00007f6388c54da0]
Event: 270.381 Thread 0x00007f63a00b36f0 10580       3       java.nio.charset.CharsetEncoder::implFlush (4 bytes)
Event: 270.381 Thread 0x00007f63a00b36f0 nmethod 10580 0x00007f63889c1910 code [0x00007f63889c1aa0, 0x00007f63889c1bb0]
Event: 291.393 Thread 0x00007f63a00b21e0 10581       4       java.util.regex.Pattern$Slice::match (79 bytes)
Event: 300.504 Thread 0x00007f63a00b36f0 10582       3       java.util.LinkedList::get (14 bytes)
Event: 300.504 Thread 0x00007f63a00b36f0 nmethod 10582 0x00007f6388c54f10 code [0x00007f6388c55100, 0x00007f6388c556c0]
Event: 313.916 Thread 0x00007f63a00b36f0 10584       3       org.eclipse.jdt.internal.core.CompilationUnit::<init> (16 bytes)
Event: 313.917 Thread 0x00007f63a00b36f0 nmethod 10584 0x00007f6388c55890 code [0x00007f6388c55a60, 0x00007f6388c561d0]

GC Heap History (20 events):
Event: 310.865 GC heap before
{Heap before GC invocations=339 (full 193):
 PSYoungGen      total 28160K, used 23040K [0x00000000f5580000, 0x00000000f7700000, 0x0000000100000000)
  eden space 23040K, 100% used [0x00000000f5580000,0x00000000f6c00000,0x00000000f6c00000)
  from space 5120K, 0% used [0x00000000f7200000,0x00000000f7200000,0x00000000f7700000)
  to   space 5120K, 0% used [0x00000000f6c00000,0x00000000f6c00000,0x00000000f7100000)
 ParOldGen       total 349696K, used 349672K [0x00000000e0000000, 0x00000000f5580000, 0x00000000f5580000)
  object space 349696K, 99% used [0x00000000e0000000,0x00000000f557a190,0x00000000f5580000)
 Metaspace       used 64590K, committed 65856K, reserved 1114112K
  class space    used 6319K, committed 6784K, reserved 1048576K
}
Event: 313.916 GC heap after
{Heap after GC invocations=339 (full 193):
 PSYoungGen      total 28160K, used 23040K [0x00000000f5580000, 0x00000000f7700000, 0x0000000100000000)
  eden space 23040K, 100% used [0x00000000f5580000,0x00000000f6c00000,0x00000000f6c00000)
  from space 5120K, 0% used [0x00000000f6c00000,0x00000000f6c00000,0x00000000f7100000)
  to   space 5120K, 0% used [0x00000000f7200000,0x00000000f7200000,0x00000000f7700000)
 ParOldGen       total 349696K, used 349672K [0x00000000e0000000, 0x00000000f5580000, 0x00000000f5580000)
  object space 349696K, 99% used [0x00000000e0000000,0x00000000f557a190,0x00000000f5580000)
 Metaspace       used 64590K, committed 65856K, reserved 1114112K
  class space    used 6319K, committed 6784K, reserved 1048576K
}
Event: 313.917 GC heap before
{Heap before GC invocations=340 (full 194):
 PSYoungGen      total 28160K, used 23040K [0x00000000f5580000, 0x00000000f7700000, 0x0000000100000000)
  eden space 23040K, 100% used [0x00000000f5580000,0x00000000f6c00000,0x00000000f6c00000)
  from space 5120K, 0% used [0x00000000f6c00000,0x00000000f6c00000,0x00000000f7100000)
  to   space 5120K, 0% used [0x00000000f7200000,0x00000000f7200000,0x00000000f7700000)
 ParOldGen       total 349696K, used 349674K [0x00000000e0000000, 0x00000000f5580000, 0x00000000f5580000)
  object space 349696K, 99% used [0x00000000e0000000,0x00000000f557aa00,0x00000000f5580000)
 Metaspace       used 64590K, committed 65856K, reserved 1114112K
  class space    used 6319K, committed 6784K, reserved 1048576K
}
Event: 315.197 GC heap after
{Heap after GC invocations=340 (full 194):
 PSYoungGen      total 28160K, used 23039K [0x00000000f5580000, 0x00000000f7700000, 0x0000000100000000)
  eden space 23040K, 99% used [0x00000000f5580000,0x00000000f6bffe78,0x00000000f6c00000)
  from space 5120K, 0% used [0x00000000f7200000,0x00000000f7200000,0x00000000f7700000)
  to   space 5120K, 0% used [0x00000000f6c00000,0x00000000f6c00000,0x00000000f7100000)
 ParOldGen       total 349696K, used 349674K [0x00000000e0000000, 0x00000000f5580000, 0x00000000f5580000)
  object space 349696K, 99% used [0x00000000e0000000,0x00000000f557a8c0,0x00000000f5580000)
 Metaspace       used 64590K, committed 65856K, reserved 1114112K
  class space    used 6319K, committed 6784K, reserved 1048576K
}
Event: 315.197 GC heap before
{Heap before GC invocations=341 (full 195):
 PSYoungGen      total 28160K, used 23039K [0x00000000f5580000, 0x00000000f7700000, 0x0000000100000000)
  eden space 23040K, 99% used [0x00000000f5580000,0x00000000f6bffff0,0x00000000f6c00000)
  from space 5120K, 0% used [0x00000000f7200000,0x00000000f7200000,0x00000000f7700000)
  to   space 5120K, 0% used [0x00000000f6c00000,0x00000000f6c00000,0x00000000f7100000)
 ParOldGen       total 349696K, used 349674K [0x00000000e0000000, 0x00000000f5580000, 0x00000000f5580000)
  object space 349696K, 99% used [0x00000000e0000000,0x00000000f557a8c0,0x00000000f5580000)
 Metaspace       used 64590K, committed 65856K, reserved 1114112K
  class space    used 6319K, committed 6784K, reserved 1048576K
}
Event: 316.501 GC heap after
{Heap after GC invocations=341 (full 195):
 PSYoungGen      total 28160K, used 23039K [0x00000000f5580000, 0x00000000f7700000, 0x0000000100000000)
  eden space 23040K, 99% used [0x00000000f5580000,0x00000000f6bfffe0,0x00000000f6c00000)
  from space 5120K, 0% used [0x00000000f6c00000,0x00000000f6c00000,0x00000000f7100000)
  to   space 5120K, 0% used [0x00000000f7200000,0x00000000f7200000,0x00000000f7700000)
 ParOldGen       total 349696K, used 349674K [0x00000000e0000000, 0x00000000f5580000, 0x00000000f5580000)
  object space 349696K, 99% used [0x00000000e0000000,0x00000000f557a8c0,0x00000000f5580000)
 Metaspace       used 64590K, committed 65856K, reserved 1114112K
  class space    used 6319K, committed 6784K, reserved 1048576K
}
Event: 316.505 GC heap before
{Heap before GC invocations=342 (full 196):
 PSYoungGen      total 28160K, used 23039K [0x00000000f5580000, 0x00000000f7700000, 0x0000000100000000)
  eden space 23040K, 99% used [0x00000000f5580000,0x00000000f6bffff8,0x00000000f6c00000)
  from space 5120K, 0% used [0x00000000f6c00000,0x00000000f6c00000,0x00000000f7100000)
  to   space 5120K, 0% used [0x00000000f7200000,0x00000000f7200000,0x00000000f7700000)
 ParOldGen       total 349696K, used 349674K [0x00000000e0000000, 0x00000000f5580000, 0x00000000f5580000)
  object space 349696K, 99% used [0x00000000e0000000,0x00000000f557a8c0,0x00000000f5580000)
 Metaspace       used 64590K, committed 65856K, reserved 1114112K
  class space    used 6319K, committed 6784K, reserved 1048576K
}
Event: 317.694 GC heap after
{Heap after GC invocations=342 (full 196):
 PSYoungGen      total 28160K, used 23039K [0x00000000f5580000, 0x00000000f7700000, 0x0000000100000000)
  eden space 23040K, 99% used [0x00000000f5580000,0x00000000f6bffff8,0x00000000f6c00000)
  from space 5120K, 0% used [0x00000000f7200000,0x00000000f7200000,0x00000000f7700000)
  to   space 5120K, 0% used [0x00000000f6c00000,0x00000000f6c00000,0x00000000f7100000)
 ParOldGen       total 349696K, used 349674K [0x00000000e0000000, 0x00000000f5580000, 0x00000000f5580000)
  object space 349696K, 99% used [0x00000000e0000000,0x00000000f557a8c0,0x00000000f5580000)
 Metaspace       used 64590K, committed 65856K, reserved 1114112K
  class space    used 6319K, committed 6784K, reserved 1048576K
}
Event: 317.694 GC heap before
{Heap before GC invocations=343 (full 197):
 PSYoungGen      total 28160K, used 23039K [0x00000000f5580000, 0x00000000f7700000, 0x0000000100000000)
  eden space 23040K, 99% used [0x00000000f5580000,0x00000000f6bffff8,0x00000000f6c00000)
  from space 5120K, 0% used [0x00000000f7200000,0x00000000f7200000,0x00000000f7700000)
  to   space 5120K, 0% used [0x00000000f6c00000,0x00000000f6c00000,0x00000000f7100000)
 ParOldGen       total 349696K, used 349690K [0x00000000e0000000, 0x00000000f5580000, 0x00000000f5580000)
  object space 349696K, 99% used [0x00000000e0000000,0x00000000f557eb88,0x00000000f5580000)
 Metaspace       used 64590K, committed 65856K, reserved 1114112K
  class space    used 6319K, committed 6784K, reserved 1048576K
}
Event: 319.013 GC heap after
{Heap after GC invocations=343 (full 197):
 PSYoungGen      total 28160K, used 23039K [0x00000000f5580000, 0x00000000f7700000, 0x0000000100000000)
  eden space 23040K, 99% used [0x00000000f5580000,0x00000000f6bfffe0,0x00000000f6c00000)
  from space 5120K, 0% used [0x00000000f6c00000,0x00000000f6c00000,0x00000000f7100000)
  to   space 5120K, 0% used [0x00000000f7200000,0x00000000f7200000,0x00000000f7700000)
 ParOldGen       total 349696K, used 349688K [0x00000000e0000000, 0x00000000f5580000, 0x00000000f5580000)
  object space 349696K, 99% used [0x00000000e0000000,0x00000000f557e3a8,0x00000000f5580000)
 Metaspace       used 64590K, committed 65856K, reserved 1114112K
  class space    used 6319K, committed 6784K, reserved 1048576K
}
Event: 319.016 GC heap before
{Heap before GC invocations=344 (full 198):
 PSYoungGen      total 28160K, used 23040K [0x00000000f5580000, 0x00000000f7700000, 0x0000000100000000)
  eden space 23040K, 100% used [0x00000000f5580000,0x00000000f6c00000,0x00000000f6c00000)
  from space 5120K, 0% used [0x00000000f6c00000,0x00000000f6c00000,0x00000000f7100000)
  to   space 5120K, 0% used [0x00000000f7200000,0x00000000f7200000,0x00000000f7700000)
 ParOldGen       total 349696K, used 349695K [0x00000000e0000000, 0x00000000f5580000, 0x00000000f5580000)
  object space 349696K, 99% used [0x00000000e0000000,0x00000000f557fff0,0x00000000f5580000)
 Metaspace       used 64590K, committed 65856K, reserved 1114112K
  class space    used 6319K, committed 6784K, reserved 1048576K
}
Event: 320.307 GC heap after
{Heap after GC invocations=344 (full 198):
 PSYoungGen      total 28160K, used 23039K [0x00000000f5580000, 0x00000000f7700000, 0x0000000100000000)
  eden space 23040K, 99% used [0x00000000f5580000,0x00000000f6bfffc8,0x00000000f6c00000)
  from space 5120K, 0% used [0x00000000f7200000,0x00000000f7200000,0x00000000f7700000)
  to   space 5120K, 0% used [0x00000000f6c00000,0x00000000f6c00000,0x00000000f7100000)
 ParOldGen       total 349696K, used 349695K [0x00000000e0000000, 0x00000000f5580000, 0x00000000f5580000)
  object space 349696K, 99% used [0x00000000e0000000,0x00000000f557fdf8,0x00000000f5580000)
 Metaspace       used 64590K, committed 65856K, reserved 1114112K
  class space    used 6319K, committed 6784K, reserved 1048576K
}
Event: 320.309 GC heap before
{Heap before GC invocations=345 (full 199):
 PSYoungGen      total 28160K, used 23040K [0x00000000f5580000, 0x00000000f7700000, 0x0000000100000000)
  eden space 23040K, 100% used [0x00000000f5580000,0x00000000f6c00000,0x00000000f6c00000)
  from space 5120K, 0% used [0x00000000f7200000,0x00000000f7200000,0x00000000f7700000)
  to   space 5120K, 0% used [0x00000000f6c00000,0x00000000f6c00000,0x00000000f7100000)
 ParOldGen       total 349696K, used 349695K [0x00000000e0000000, 0x00000000f5580000, 0x00000000f5580000)
  object space 349696K, 99% used [0x00000000e0000000,0x00000000f557fdf8,0x00000000f5580000)
 Metaspace       used 64590K, committed 65856K, reserved 1114112K
  class space    used 6319K, committed 6784K, reserved 1048576K
}
Event: 321.577 GC heap after
{Heap after GC invocations=345 (full 199):
 PSYoungGen      total 28160K, used 23040K [0x00000000f5580000, 0x00000000f7700000, 0x0000000100000000)
  eden space 23040K, 100% used [0x00000000f5580000,0x00000000f6c00000,0x00000000f6c00000)
  from space 5120K, 0% used [0x00000000f6c00000,0x00000000f6c00000,0x00000000f7100000)
  to   space 5120K, 0% used [0x00000000f7200000,0x00000000f7200000,0x00000000f7700000)
 ParOldGen       total 349696K, used 349695K [0x00000000e0000000, 0x00000000f5580000, 0x00000000f5580000)
  object space 349696K, 99% used [0x00000000e0000000,0x00000000f557fdf8,0x00000000f5580000)
 Metaspace       used 64590K, committed 65856K, reserved 1114112K
  class space    used 6319K, committed 6784K, reserved 1048576K
}
Event: 321.578 GC heap before
{Heap before GC invocations=346 (full 200):
 PSYoungGen      total 28160K, used 23040K [0x00000000f5580000, 0x00000000f7700000, 0x0000000100000000)
  eden space 23040K, 100% used [0x00000000f5580000,0x00000000f6c00000,0x00000000f6c00000)
  from space 5120K, 0% used [0x00000000f6c00000,0x00000000f6c00000,0x00000000f7100000)
  to   space 5120K, 0% used [0x00000000f7200000,0x00000000f7200000,0x00000000f7700000)
 ParOldGen       total 349696K, used 349695K [0x00000000e0000000, 0x00000000f5580000, 0x00000000f5580000)
  object space 349696K, 99% used [0x00000000e0000000,0x00000000f557fff8,0x00000000f5580000)
 Metaspace       used 64590K, committed 65856K, reserved 1114112K
  class space    used 6319K, committed 6784K, reserved 1048576K
}
Event: 322.977 GC heap after
{Heap after GC invocations=346 (full 200):
 PSYoungGen      total 28160K, used 23040K [0x00000000f5580000, 0x00000000f7700000, 0x0000000100000000)
  eden space 23040K, 100% used [0x00000000f5580000,0x00000000f6c00000,0x00000000f6c00000)
  from space 5120K, 0% used [0x00000000f7200000,0x00000000f7200000,0x00000000f7700000)
  to   space 5120K, 0% used [0x00000000f6c00000,0x00000000f6c00000,0x00000000f7100000)
 ParOldGen       total 349696K, used 349695K [0x00000000e0000000, 0x00000000f5580000, 0x00000000f5580000)
  object space 349696K, 99% used [0x00000000e0000000,0x00000000f557fe18,0x00000000f5580000)
 Metaspace       used 64590K, committed 65856K, reserved 1114112K
  class space    used 6319K, committed 6784K, reserved 1048576K
}
Event: 322.978 GC heap before
{Heap before GC invocations=347 (full 201):
 PSYoungGen      total 28160K, used 23040K [0x00000000f5580000, 0x00000000f7700000, 0x0000000100000000)
  eden space 23040K, 100% used [0x00000000f5580000,0x00000000f6c00000,0x00000000f6c00000)
  from space 5120K, 0% used [0x00000000f7200000,0x00000000f7200000,0x00000000f7700000)
  to   space 5120K, 0% used [0x00000000f6c00000,0x00000000f6c00000,0x00000000f7100000)
 ParOldGen       total 349696K, used 349695K [0x00000000e0000000, 0x00000000f5580000, 0x00000000f5580000)
  object space 349696K, 99% used [0x00000000e0000000,0x00000000f557fec8,0x00000000f5580000)
 Metaspace       used 64590K, committed 65856K, reserved 1114112K
  class space    used 6319K, committed 6784K, reserved 1048576K
}
Event: 324.171 GC heap after
{Heap after GC invocations=347 (full 201):
 PSYoungGen      total 28160K, used 23040K [0x00000000f5580000, 0x00000000f7700000, 0x0000000100000000)
  eden space 23040K, 100% used [0x00000000f5580000,0x00000000f6c00000,0x00000000f6c00000)
  from space 5120K, 0% used [0x00000000f6c00000,0x00000000f6c00000,0x00000000f7100000)
  to   space 5120K, 0% used [0x00000000f7200000,0x00000000f7200000,0x00000000f7700000)
 ParOldGen       total 349696K, used 349695K [0x00000000e0000000, 0x00000000f5580000, 0x00000000f5580000)
  object space 349696K, 99% used [0x00000000e0000000,0x00000000f557fe18,0x00000000f5580000)
 Metaspace       used 64590K, committed 65856K, reserved 1114112K
  class space    used 6319K, committed 6784K, reserved 1048576K
}
Event: 324.171 GC heap before
{Heap before GC invocations=348 (full 202):
 PSYoungGen      total 28160K, used 23040K [0x00000000f5580000, 0x00000000f7700000, 0x0000000100000000)
  eden space 23040K, 100% used [0x00000000f5580000,0x00000000f6c00000,0x00000000f6c00000)
  from space 5120K, 0% used [0x00000000f6c00000,0x00000000f6c00000,0x00000000f7100000)
  to   space 5120K, 0% used [0x00000000f7200000,0x00000000f7200000,0x00000000f7700000)
 ParOldGen       total 349696K, used 349695K [0x00000000e0000000, 0x00000000f5580000, 0x00000000f5580000)
  object space 349696K, 99% used [0x00000000e0000000,0x00000000f557fe18,0x00000000f5580000)
 Metaspace       used 64590K, committed 65856K, reserved 1114112K
  class space    used 6319K, committed 6784K, reserved 1048576K
}
Event: 325.417 GC heap after
{Heap after GC invocations=348 (full 202):
 PSYoungGen      total 28160K, used 23040K [0x00000000f5580000, 0x00000000f7700000, 0x0000000100000000)
  eden space 23040K, 100% used [0x00000000f5580000,0x00000000f6c00000,0x00000000f6c00000)
  from space 5120K, 0% used [0x00000000f7200000,0x00000000f7200000,0x00000000f7700000)
  to   space 5120K, 0% used [0x00000000f6c00000,0x00000000f6c00000,0x00000000f7100000)
 ParOldGen       total 349696K, used 349694K [0x00000000e0000000, 0x00000000f5580000, 0x00000000f5580000)
  object space 349696K, 99% used [0x00000000e0000000,0x00000000f557fb78,0x00000000f5580000)
 Metaspace       used 64590K, committed 65856K, reserved 1114112K
  class space    used 6319K, committed 6784K, reserved 1048576K
}

Dll operation events (9 events):
Event: 0.003 Loaded shared library /nix/store/gpxl5qgg8kicmcvivwmybwjlpf7wh20l-graalvm17-ce-22.3.0/lib/libjava.so
Event: 0.008 Loaded shared library /nix/store/gpxl5qgg8kicmcvivwmybwjlpf7wh20l-graalvm17-ce-22.3.0/lib/libjsvml.so
Event: 0.268 Loaded shared library /nix/store/gpxl5qgg8kicmcvivwmybwjlpf7wh20l-graalvm17-ce-22.3.0/lib/libnio.so
Event: 0.273 Loaded shared library /nix/store/gpxl5qgg8kicmcvivwmybwjlpf7wh20l-graalvm17-ce-22.3.0/lib/libzip.so
Event: 0.276 Loaded shared library /nix/store/gpxl5qgg8kicmcvivwmybwjlpf7wh20l-graalvm17-ce-22.3.0/lib/libjvmcicompiler.so
Event: 0.676 Loaded shared library /nix/store/gpxl5qgg8kicmcvivwmybwjlpf7wh20l-graalvm17-ce-22.3.0/lib/libjimage.so
Event: 1.165 Loaded shared library /nix/store/gpxl5qgg8kicmcvivwmybwjlpf7wh20l-graalvm17-ce-22.3.0/lib/libnet.so
Event: 4.464 Loaded shared library /home/runner/.cache/jdt-language-server/config/org.eclipse.equinox.launcher/org.eclipse.equinox.launcher.gtk.linux.x86_64_1.2.400.v20211117-0650/eclipse_11600.so
Event: 13.507 Loaded shared library /nix/store/gpxl5qgg8kicmcvivwmybwjlpf7wh20l-graalvm17-ce-22.3.0/lib/libextnet.so

Deoptimization events (20 events):
Event: 74.266 Thread 0x00007f63384b1290 DEOPT PACKING pc=0x00007f6388b83db5 sp=0x00007f634e5fe110
Event: 74.266 Thread 0x00007f63384b1290 DEOPT UNPACKING pc=0x00007f6387505325 sp=0x00007f634e5fd658 mode 0
Event: 74.363 Thread 0x00007f63384b1290 DEOPT PACKING pc=0x00007f6388c32d33 sp=0x00007f634e5fe480
Event: 74.363 Thread 0x00007f63384b1290 DEOPT UNPACKING pc=0x00007f6387505325 sp=0x00007f634e5fd940 mode 0
Event: 74.505 Thread 0x00007f63384b1290 DEOPT PACKING pc=0x00007f6388c3db04 sp=0x00007f634e5fe120
Event: 74.505 Thread 0x00007f63384b1290 DEOPT UNPACKING pc=0x00007f6387505325 sp=0x00007f634e5fd5d8 mode 0
Event: 74.769 Thread 0x00007f63384b1290 DEOPT PACKING pc=0x00007f6388c40bc0 sp=0x00007f634e5fe2f0
Event: 74.769 Thread 0x00007f63384b1290 DEOPT UNPACKING pc=0x00007f6387505325 sp=0x00007f634e5fd778 mode 0
Event: 76.468 Thread 0x00007f63384b1290 Uncommon trap: trap_request=0xffffffed fr.pc=0x00007f638f11c30b relative=0x000000000000046b
Event: 76.468 Thread 0x00007f63384b1290 Uncommon trap: reason=null_assert_or_unreached0 action=reinterpret pc=0x00007f638f11c30b method=org.eclipse.jdt.internal.compiler.util.HashtableOfObject.putUnsafely([CLjava/lang/Object;)V @ 39 jvmci
Event: 76.468 Thread 0x00007f63384b1290 DEOPT PACKING pc=0x00007f638f11c30b sp=0x00007f634e5fe4d0
Event: 76.468 Thread 0x00007f63384b1290 DEOPT UNPACKING pc=0x00007f6387505325 sp=0x00007f634e5fd9a8 mode 3
Event: 76.502 Thread 0x00007f63384b1290 DEOPT PACKING pc=0x00007f6388c4ea2d sp=0x00007f634e5fe530
Event: 76.502 Thread 0x00007f63384b1290 DEOPT UNPACKING pc=0x00007f6387505325 sp=0x00007f634e5fda20 mode 0
Event: 176.989 Thread 0x00007f63a065ba00 Uncommon trap: trap_request=0xffffffed fr.pc=0x00007f638f2126ab relative=0x000000000000018b
Event: 176.989 Thread 0x00007f63a065ba00 Uncommon trap: reason=null_assert_or_unreached0 action=reinterpret pc=0x00007f638f2126ab method=com.google.gson.stream.JsonReader.peek()Lcom/google/gson/stream/JsonToken; @ 14 jvmci
Event: 176.989 Thread 0x00007f63a065ba00 DEOPT PACKING pc=0x00007f638f2126ab sp=0x00007f634dffdeb0
Event: 176.989 Thread 0x00007f63a065ba00 DEOPT UNPACKING pc=0x00007f6387505325 sp=0x00007f634dffd348 mode 3
Event: 182.273 Thread 0x00007f63384b1290 DEOPT PACKING pc=0x00007f6388c52985 sp=0x00007f634e5fe530
Event: 182.273 Thread 0x00007f63384b1290 DEOPT UNPACKING pc=0x00007f6387505325 sp=0x00007f634e5fda20 mode 0

Classes unloaded (20 events):
Event: 83.226 Thread 0x00007f63a00a1c10 Unloading class 0x0000000800eec000 'jdk/internal/reflect/GeneratedConstructorAccessor8'
Event: 83.226 Thread 0x00007f63a00a1c10 Unloading class 0x0000000800d99000 'java/lang/invoke/LambdaForm$MH+0x0000000800d99000'
Event: 83.226 Thread 0x00007f63a00a1c10 Unloading class 0x0000000800d98c00 'java/lang/invoke/LambdaForm$MH+0x0000000800d98c00'
Event: 83.226 Thread 0x00007f63a00a1c10 Unloading class 0x0000000800d98800 'java/lang/invoke/LambdaForm$MH+0x0000000800d98800'
Event: 83.226 Thread 0x00007f63a00a1c10 Unloading class 0x0000000800d98400 'java/lang/invoke/LambdaForm$MH+0x0000000800d98400'
Event: 83.226 Thread 0x00007f63a00a1c10 Unloading class 0x0000000800d98000 'jdk/internal/reflect/GeneratedConstructorAccessor3'
Event: 83.226 Thread 0x00007f63a00a1c10 Unloading class 0x0000000800d06800 'java/lang/invoke/LambdaForm$MH+0x0000000800d06800'
Event: 83.226 Thread 0x00007f63a00a1c10 Unloading class 0x0000000800d06000 'java/lang/invoke/LambdaForm$MH+0x0000000800d06000'
Event: 83.226 Thread 0x00007f63a00a1c10 Unloading class 0x0000000800d05c00 'java/lang/invoke/LambdaForm$MH+0x0000000800d05c00'
Event: 83.226 Thread 0x00007f63a00a1c10 Unloading class 0x0000000800d05800 'java/lang/invoke/LambdaForm$MH+0x0000000800d05800'
Event: 83.226 Thread 0x00007f63a00a1c10 Unloading class 0x0000000800d05000 'java/lang/invoke/LambdaForm$MH+0x0000000800d05000'
Event: 83.226 Thread 0x00007f63a00a1c10 Unloading class 0x0000000800d04c00 'java/lang/invoke/LambdaForm$MH+0x0000000800d04c00'
Event: 83.226 Thread 0x00007f63a00a1c10 Unloading class 0x0000000800d04800 'java/lang/invoke/LambdaForm$MH+0x0000000800d04800'
Event: 83.226 Thread 0x00007f63a00a1c10 Unloading class 0x0000000800d04000 'java/lang/invoke/LambdaForm$MH+0x0000000800d04000'
Event: 83.226 Thread 0x00007f63a00a1c10 Unloading class 0x0000000800c1d000 'jdk/internal/reflect/GeneratedMethodAccessor5'
Event: 83.226 Thread 0x00007f63a00a1c10 Unloading class 0x0000000800c1cc00 'jdk/internal/reflect/GeneratedMethodAccessor4'
Event: 83.226 Thread 0x00007f63a00a1c10 Unloading class 0x0000000800c1c800 'jdk/internal/reflect/GeneratedMethodAccessor3'
Event: 83.226 Thread 0x00007f63a00a1c10 Unloading class 0x0000000800c1c400 'jdk/internal/reflect/GeneratedMethodAccessor2'
Event: 83.226 Thread 0x00007f63a00a1c10 Unloading class 0x0000000800c1c000 'jdk/internal/reflect/GeneratedMethodAccessor1'
Event: 83.226 Thread 0x00007f63a00a1c10 Unloading class 0x0000000800c01c00 'java/lang/invoke/LambdaForm$DMH+0x0000000800c01c00'

Classes redefined (0 events):
No events

Internal exceptions (20 events):
Event: 54.571 Thread 0x00007f63101b2ff0 Exception <a 'java/lang/ArrayIndexOutOfBoundsException'{0x00000000f65177a8}: Index 1679 out of bounds for length 1679> (0x00000000f65177a8) 
thrown [src/hotspot/share/interpreter/interpreterRuntime.cpp, line 428]
Event: 58.284 Thread 0x00007f63101b06c0 Exception <a 'java/io/FileNotFoundException'{0x00000000f6012040}> (0x00000000f6012040) 
thrown [src/hotspot/share/prims/jni.cpp, line 516]
Event: 59.878 Thread 0x00007f63101b06c0 Exception <a 'java/lang/NoSuchMethodError'{0x00000000f5745c20}: 'java.lang.Object java.lang.invoke.DirectMethodHandle$Holder.newInvokeSpecial(java.lang.Object, java.lang.Object, int, java.lang.Object, java.lang.Object, java.lang.Object, java.lang.Object)'> (0x00000000f5745c20) 
thrown [src/hotspot/share/interpreter/linkResolver.cpp, line 758]
Event: 59.970 Thread 0x00007f63101b06c0 Exception <a 'java/lang/NoSuchMethodError'{0x00000000f5c9b340}: 'void java.lang.invoke.DirectMethodHandle$Holder.invokeSpecial(java.lang.Object, java.lang.Object, int)'> (0x00000000f5c9b340) 
thrown [src/hotspot/share/interpreter/linkResolver.cpp, line 758]
Event: 61.600 Thread 0x00007f63101b06c0 Exception <a 'java/lang/NoSuchMethodError'{0x00000000f60260d8}: 'java.lang.Object java.lang.invoke.DirectMethodHandle$Holder.invokeStatic(java.lang.Object, int, java.lang.Object, java.lang.Object, java.lang.Object, java.lang.Object)'> (0x00000000f60260d8) 
thrown [src/hotspot/share/interpreter/linkResolver.cpp, line 758]
Event: 61.610 Thread 0x00007f63101b06c0 Exception <a 'java/lang/NoSuchMethodError'{0x00000000f611d9a8}: 'java.lang.Object java.lang.invoke.DirectMethodHandle$Holder.newInvokeSpecial(java.lang.Object, int, java.lang.Object, java.lang.Object, java.lang.Object)'> (0x00000000f611d9a8) 
thrown [src/hotspot/share/interpreter/linkResolver.cpp, line 758]
Event: 62.014 Thread 0x00007f6310057250 Exception <a 'java/lang/ArrayIndexOutOfBoundsException'{0x00000000f5584e60}: Index 1693 out of bounds for length 1693> (0x00000000f5584e60) 
thrown [src/hotspot/share/interpreter/interpreterRuntime.cpp, line 428]
Event: 62.014 Thread 0x00007f6310057250 Exception <a 'java/lang/ArrayIndexOutOfBoundsException'{0x00000000f55851c8}: Index 1693 out of bounds for length 1693> (0x00000000f55851c8) 
thrown [src/hotspot/share/interpreter/interpreterRuntime.cpp, line 428]
Event: 62.014 Thread 0x00007f6310057250 Exception <a 'java/lang/ArrayIndexOutOfBoundsException'{0x00000000f5585530}: Index 1694 out of bounds for length 1693> (0x00000000f5585530) 
thrown [src/hotspot/share/interpreter/interpreterRuntime.cpp, line 428]
Event: 62.163 Thread 0x00007f63101b06c0 Exception <a 'java/lang/NoSuchMethodError'{0x00000000f5adf1c0}: 'int java.lang.invoke.DirectMethodHandle$Holder.invokeSpecialIFC(java.lang.Object, java.lang.Object, java.lang.Object, java.lang.Object)'> (0x00000000f5adf1c0) 
thrown [src/hotspot/share/interpreter/linkResolver.cpp, line 758]
Event: 67.942 Thread 0x00007f6310057250 Exception <a 'java/lang/ArrayIndexOutOfBoundsException'{0x00000000f607aba8}> (0x00000000f607aba8) 
thrown [src/hotspot/share/runtime/sharedRuntime.cpp, line 628]
Event: 68.109 Thread 0x00007f6310144af0 Exception <a 'java/lang/ArrayIndexOutOfBoundsException'{0x00000000f61bee78}> (0x00000000f61bee78) 
thrown [src/hotspot/share/runtime/sharedRuntime.cpp, line 628]
Event: 68.112 Thread 0x00007f6310057250 Exception <a 'java/lang/ArrayIndexOutOfBoundsException'{0x00000000f619efd0}> (0x00000000f619efd0) 
thrown [src/hotspot/share/runtime/sharedRuntime.cpp, line 628]
Event: 68.118 Thread 0x00007f6310145940 Exception <a 'java/lang/ArrayIndexOutOfBoundsException'{0x00000000f62084a8}> (0x00000000f62084a8) 
thrown [src/hotspot/share/runtime/sharedRuntime.cpp, line 628]
Event: 68.130 Thread 0x00007f6310145940 Exception <a 'java/lang/ArrayIndexOutOfBoundsException'{0x00000000f62429d0}> (0x00000000f62429d0) 
thrown [src/hotspot/share/runtime/sharedRuntime.cpp, line 628]
Event: 68.199 Thread 0x00007f6310144af0 Exception <a 'java/lang/ArrayIndexOutOfBoundsException'{0x00000000f639d648}> (0x00000000f639d648) 
thrown [src/hotspot/share/runtime/sharedRuntime.cpp, line 628]
Event: 68.365 Thread 0x00007f6310144af0 Exception <a 'java/lang/ArrayIndexOutOfBoundsException'{0x00000000f56e4398}> (0x00000000f56e4398) 
thrown [src/hotspot/share/runtime/sharedRuntime.cpp, line 628]
Event: 68.399 Thread 0x00007f6310145940 Exception <a 'java/lang/ArrayIndexOutOfBoundsException'{0x00000000f582e000}> (0x00000000f582e000) 
thrown [src/hotspot/share/runtime/sharedRuntime.cpp, line 628]
Event: 68.434 Thread 0x00007f6310057250 Exception <a 'java/lang/ArrayIndexOutOfBoundsException'{0x00000000f58645f0}> (0x00000000f58645f0) 
thrown [src/hotspot/share/runtime/sharedRuntime.cpp, line 628]
Event: 325.418 Thread 0x00007f63a00b21e0 Exception <a 'java/lang/OutOfMemoryError'{0x00000000e0004290}> (0x00000000e0004290) 
thrown [src/hotspot/share/gc/shared/memAllocator.cpp, line 136]

VM Operations (20 events):
Event: 308.705 Executing VM operation: ParallelGCFailedAllocation
Event: 310.865 Executing VM operation: ParallelGCFailedAllocation done
Event: 310.865 Executing VM operation: ParallelGCFailedAllocation
Event: 313.916 Executing VM operation: ParallelGCFailedAllocation done
Event: 313.917 Executing VM operation: ParallelGCFailedAllocation
Event: 315.197 Executing VM operation: ParallelGCFailedAllocation done
Event: 315.197 Executing VM operation: ParallelGCFailedAllocation
Event: 316.501 Executing VM operation: ParallelGCFailedAllocation done
Event: 316.503 Executing VM operation: ParallelGCFailedAllocation
Event: 317.694 Executing VM operation: ParallelGCFailedAllocation done
Event: 317.694 Executing VM operation: ParallelGCFailedAllocation
Event: 319.013 Executing VM operation: ParallelGCFailedAllocation done
Event: 319.014 Executing VM operation: ParallelGCFailedAllocation
Event: 320.309 Executing VM operation: ParallelGCFailedAllocation done
Event: 320.309 Executing VM operation: ParallelGCFailedAllocation
Event: 321.577 Executing VM operation: ParallelGCFailedAllocation done
Event: 321.578 Executing VM operation: ParallelGCFailedAllocation
Event: 322.978 Executing VM operation: ParallelGCFailedAllocation done
Event: 322.978 Executing VM operation: ParallelGCFailedAllocation
Event: 325.418 Executing VM operation: ParallelGCFailedAllocation done

Events (20 events):
Event: 67.579 Thread 0x00007f631005c8d0 Thread added: 0x00007f631005c8d0
Event: 67.673 Protecting memory [0x00007f634ea00000,0x00007f634ea04000] with protection modes 0
Event: 67.768 Thread 0x00007f6310144af0 Thread added: 0x00007f6310144af0
Event: 67.768 Protecting memory [0x00007f6384200000,0x00007f6384204000] with protection modes 0
Event: 68.010 Thread 0x00007f6310145940 Thread added: 0x00007f6310145940
Event: 68.010 Protecting memory [0x00007f634dc00000,0x00007f634dc04000] with protection modes 0
Event: 70.561 Thread 0x00007f6310145940 Thread exited: 0x00007f6310145940
Event: 70.715 Thread 0x00007f6310057250 Thread exited: 0x00007f6310057250
Event: 70.715 Thread 0x00007f6310144af0 Thread exited: 0x00007f6310144af0
Event: 74.890 Thread 0x00007f63a00b4b40 flushing nmethod 0x00007f638896e190
Event: 91.378 Thread 0x00007f63300054e0 Thread exited: 0x00007f63300054e0
Event: 92.678 Thread 0x00007f6308467cb0 Thread exited: 0x00007f6308467cb0
Event: 134.693 Thread 0x00007f630c0e1b00 Thread exited: 0x00007f630c0e1b00
Event: 137.652 Thread 0x00007f6338335080 Thread exited: 0x00007f6338335080
Event: 200.761 Thread 0x00007f631c001300 Thread exited: 0x00007f631c001300
Event: 200.762 Thread 0x00007f6304000ff0 Thread exited: 0x00007f6304000ff0
Event: 240.190 Thread 0x00007f6310057250 Thread added: 0x00007f6310057250
Event: 240.190 Protecting memory [0x00007f634db00000,0x00007f634db04000] with protection modes 0
Event: 319.014 Thread 0x00007f631c001300 Thread added: 0x00007f631c001300
Event: 319.014 Protecting memory [0x00007f6384600000,0x00007f6384604000] with protection modes 0


Dynamic libraries:
e0000000-f5580000 rw-p 00000000 00:00 0 
f5580000-f7700000 rw-p 00000000 00:00 0 
f7700000-100000000 ---p 00000000 00:00 0 
800000000-800449000 rw-p 00001000 00:1344 4611686019135357769            /nix/store/gpxl5qgg8kicmcvivwmybwjlpf7wh20l-graalvm17-ce-22.3.0/lib/server/classes.jsa
800449000-800bc8000 r--p 0044a000 00:1344 4611686019135357769            /nix/store/gpxl5qgg8kicmcvivwmybwjlpf7wh20l-graalvm17-ce-22.3.0/lib/server/classes.jsa
800bc8000-800c00000 ---p 00000000 00:00 0 
800c00000-800c20000 rw-p 00000000 00:00 0 
800c20000-800c40000 rw-p 00000000 00:00 0 
800c40000-800cc0000 rw-p 00000000 00:00 0 
800cc0000-800d00000 rw-p 00000000 00:00 0 
800d00000-800dc0000 rw-p 00000000 00:00 0 
800dc0000-800e00000 rw-p 00000000 00:00 0 
800e00000-800f40000 rw-p 00000000 00:00 0 
800f40000-800fc0000 rw-p 00000000 00:00 0 
800fc0000-801000000 rw-p 00000000 00:00 0 
801000000-8012a0000 rw-p 00000000 00:00 0 
8012a0000-840c00000 ---p 00000000 00:00 0 
55faffcb8000-55faffcb9000 r-xp 00000000 00:1344 4611686019099417844      /nix/store/gpxl5qgg8kicmcvivwmybwjlpf7wh20l-graalvm17-ce-22.3.0/bin/.java-wrapped
55faffcba000-55faffcbb000 r--p 00001000 00:1344 4611686019099417844      /nix/store/gpxl5qgg8kicmcvivwmybwjlpf7wh20l-graalvm17-ce-22.3.0/bin/.java-wrapped
55faffcbb000-55faffcbc000 rw-p 00002000 00:1344 4611686019099417844      /nix/store/gpxl5qgg8kicmcvivwmybwjlpf7wh20l-graalvm17-ce-22.3.0/bin/.java-wrapped
55faffcbc000-55faffcbd000 rw-p 00004000 00:1344 4611686019099417844      /nix/store/gpxl5qgg8kicmcvivwmybwjlpf7wh20l-graalvm17-ce-22.3.0/bin/.java-wrapped
55faffcbd000-55faffcbe000 rw-p 00005000 00:1344 4611686019099417844      /nix/store/gpxl5qgg8kicmcvivwmybwjlpf7wh20l-graalvm17-ce-22.3.0/bin/.java-wrapped
55faffeaa000-55faffef2000 rw-p 00000000 00:00 0                          [heap]
7f62b8000000-7f62b8021000 rw-p 00000000 00:00 0 
7f62b8021000-7f62bc000000 ---p 00000000 00:00 0 
7f62c0000000-7f62c0021000 rw-p 00000000 00:00 0 
7f62c0021000-7f62c4000000 ---p 00000000 00:00 0 
7f62c4000000-7f62c4021000 rw-p 00000000 00:00 0 
7f62c4021000-7f62c8000000 ---p 00000000 00:00 0 
7f62c8000000-7f62c8021000 rw-p 00000000 00:00 0 
7f62c8021000-7f62cc000000 ---p 00000000 00:00 0 
7f62cc000000-7f62cc021000 rw-p 00000000 00:00 0 
7f62cc021000-7f62d0000000 ---p 00000000 00:00 0 
7f62d0000000-7f62d0021000 rw-p 00000000 00:00 0 
7f62d0021000-7f62d4000000 ---p 00000000 00:00 0 
7f62d4000000-7f62d4029000 rw-p 00000000 00:00 0 
7f62d4029000-7f62d8000000 ---p 00000000 00:00 0 
7f62d8000000-7f62d80c6000 rw-p 00000000 00:00 0 
7f62d80c6000-7f62dc000000 ---p 00000000 00:00 0 
7f62dc000000-7f62dc132000 rw-p 00000000 00:00 0 
7f62dc132000-7f62e0000000 ---p 00000000 00:00 0 
7f62e3400000-7f62e35c0000 rw-p 00000000 00:00 0 
7f62e35c0000-7f62e35f0000 rw-p 00000000 00:00 0 
7f62e35f0000-7f62e3c00000 ---p 00000000 00:00 0 
7f62e4000000-7f62e4021000 rw-p 00000000 00:00 0 
7f62e4021000-7f62e8000000 ---p 00000000 00:00 0 
7f62e8000000-7f62e8021000 rw-p 00000000 00:00 0 
7f62e8021000-7f62ec000000 ---p 00000000 00:00 0 
7f62ec000000-7f62ec021000 rw-p 00000000 00:00 0 
7f62ec021000-7f62f0000000 ---p 00000000 00:00 0 
7f62f0000000-7f62f0021000 rw-p 00000000 00:00 0 
7f62f0021000-7f62f4000000 ---p 00000000 00:00 0 
7f62f4000000-7f62f4026000 rw-p 00000000 00:00 0 
7f62f4026000-7f62f8000000 ---p 00000000 00:00 0 
7f62f9000000-7f62f9800000 rw-p 00000000 00:00 0 
7f62f9800000-7f62f9a00000 rw-p 00000000 00:00 0 
7f62f9a00000-7f62f9b00000 rw-p 00000000 00:00 0 
7f62f9b00000-7f62f9bc0000 rw-p 00000000 00:00 0 
7f62f9bc0000-7f62f9c00000 ---p 00000000 00:00 0 
7f62f9c00000-7f62f9d60000 rw-p 00000000 00:00 0 
7f62f9d60000-7f62fa000000 rw-p 00000000 00:00 0 
7f62fa4b3000-7f6304000000 r--s 00000000 00:1344 4611686019135192581      /nix/store/gpxl5qgg8kicmcvivwmybwjlpf7wh20l-graalvm17-ce-22.3.0/lib/modules
7f6304000000-7f630402f000 rw-p 00000000 00:00 0 
7f630402f000-7f6308000000 ---p 00000000 00:00 0 
7f6308000000-7f6308559000 rw-p 00000000 00:00 0 
7f6308559000-7f630c000000 ---p 00000000 00:00 0 
7f630c000000-7f630c10c000 rw-p 00000000 00:00 0 
7f630c10c000-7f6310000000 ---p 00000000 00:00 0 
7f6310000000-7f63101cf000 rw-p 00000000 00:00 0 
7f63101cf000-7f6314000000 ---p 00000000 00:00 0 
7f6314000000-7f6314021000 rw-p 00000000 00:00 0 
7f6314021000-7f6318000000 ---p 00000000 00:00 0 
7f6318000000-7f6318021000 rw-p 00000000 00:00 0 
7f6318021000-7f631c000000 ---p 00000000 00:00 0 
7f631c000000-7f631c3f4000 rw-p 00000000 00:00 0 
7f631c3f4000-7f6320000000 ---p 00000000 00:00 0 
7f6320000000-7f6320063000 rw-p 00000000 00:00 0 
7f6320063000-7f6324000000 ---p 00000000 00:00 0 
7f6324000000-7f6324021000 rw-p 00000000 00:00 0 
7f6324021000-7f6328000000 ---p 00000000 00:00 0 
7f6328000000-7f6328056000 rw-p 00000000 00:00 0 
7f6328056000-7f632c000000 ---p 00000000 00:00 0 
7f632c000000-7f632c021000 rw-p 00000000 00:00 0 
7f632c021000-7f6330000000 ---p 00000000 00:00 0 
7f6330000000-7f6330021000 rw-p 00000000 00:00 0 
7f6330021000-7f6334000000 ---p 00000000 00:00 0 
7f6334000000-7f6334022000 rw-p 00000000 00:00 0 
7f6334022000-7f6338000000 ---p 00000000 00:00 0 
7f6338000000-7f63388eb000 rw-p 00000000 00:00 0 
7f63388eb000-7f633c000000 ---p 00000000 00:00 0 
7f633d000000-7f633d100000 rw-p 00000000 00:00 0 
7f633d100000-7f633d200000 rw-p 00000000 00:00 0 
7f633d200000-7f633d800000 rw-p 00000000 00:00 0 
7f633d800000-7f633d900000 rw-p 00000000 00:00 0 
7f633d900000-7f633db00000 rw-p 00000000 00:00 0 
7f633db00000-7f633dc00000 rw-p 00000000 00:00 0 
7f633dc00000-7f633dd00000 rw-p 00000000 00:00 0 
7f633dd00000-7f633de00000 rw-p 00000000 00:00 0 
7f633de00000-7f633e000000 rw-p 00000000 00:00 0 
7f633e000000-7f633e100000 rw-p 00000000 00:00 0 
7f633e100000-7f633e200000 rw-p 00000000 00:00 0 
7f633e200000-7f633e780000 rw-p 00000000 00:00 0 
7f633e780000-7f633e800000 rw-p 00000000 00:00 0 
7f633e800000-7f633e900000 rw-p 00000000 00:00 0 
7f633e900000-7f633ea00000 rw-p 00000000 00:00 0 
7f633ea00000-7f633ed00000 rw-p 00000000 00:00 0 
7f633ed00000-7f633ee00000 rw-p 00000000 00:00 0 
7f633ee00000-7f633f000000 rw-p 00000000 00:00 0 
7f633f000000-7f633f010000 r-xp 00000000 00:ef0 353                       /home/runner/.cache/jdt-language-server/config/org.eclipse.equinox.launcher/org.eclipse.equinox.launcher.gtk.linux.x86_64_1.2.400.v20211117-0650/eclipse_11600.so
7f633f010000-7f633f20f000 ---p 00010000 00:ef0 353                       /home/runner/.cache/jdt-language-server/config/org.eclipse.equinox.launcher/org.eclipse.equinox.launcher.gtk.linux.x86_64_1.2.400.v20211117-0650/eclipse_11600.so
7f633f20f000-7f633f210000 r--p 0000f000 00:ef0 353                       /home/runner/.cache/jdt-language-server/config/org.eclipse.equinox.launcher/org.eclipse.equinox.launcher.gtk.linux.x86_64_1.2.400.v20211117-0650/eclipse_11600.so
7f633f210000-7f633f211000 rw-p 00010000 00:ef0 353                       /home/runner/.cache/jdt-language-server/config/org.eclipse.equinox.launcher/org.eclipse.equinox.launcher.gtk.linux.x86_64_1.2.400.v20211117-0650/eclipse_11600.so
7f6340000000-7f6340021000 rw-p 00000000 00:00 0 
7f6340021000-7f6344000000 ---p 00000000 00:00 0 
7f6344000000-7f6344021000 rw-p 00000000 00:00 0 
7f6344021000-7f6348000000 ---p 00000000 00:00 0 
7f6348000000-7f6348021000 rw-p 00000000 00:00 0 
7f6348021000-7f634c000000 ---p 00000000 00:00 0 
7f634c400000-7f634c500000 ---p 00000000 00:00 0 
7f634c500000-7f634caaf000 r--p 01122000 00:1344 4611686019135190040      /nix/store/gpxl5qgg8kicmcvivwmybwjlpf7wh20l-graalvm17-ce-22.3.0/lib/libjvmcicompiler.so
7f634caaf000-7f634cc00000 r--p 00000000 00:00 0 
7f634cc00000-7f634cc3d000 rw-p 00000000 00:00 0 
7f634cc3d000-7f634d15d000 rw-p 0185f000 00:1344 4611686019135190040      /nix/store/gpxl5qgg8kicmcvivwmybwjlpf7wh20l-graalvm17-ce-22.3.0/lib/libjvmcicompiler.so
7f634d15d000-7f634d544000 r--p 01d7f000 00:1344 4611686019135190040      /nix/store/gpxl5qgg8kicmcvivwmybwjlpf7wh20l-graalvm17-ce-22.3.0/lib/libjvmcicompiler.so
7f634d600000-7f634d604000 ---p 00000000 00:00 0 
7f634d604000-7f634d700000 rw-p 00000000 00:00 0 
7f634d700000-7f634d704000 ---p 00000000 00:00 0 
7f634d704000-7f634d800000 rw-p 00000000 00:00 0 
7f634d900000-7f634d904000 ---p 00000000 00:00 0 
7f634d904000-7f634da00000 rw-p 00000000 00:00 0 
7f634db00000-7f634db04000 ---p 00000000 00:00 0 
7f634db04000-7f634dc00000 rw-p 00000000 00:00 0 
7f634dc00000-7f634dc04000 ---p 00000000 00:00 0 
7f634dc04000-7f634dd00000 rw-p 00000000 00:00 0 
7f634dd00000-7f634dd04000 ---p 00000000 00:00 0 
7f634dd04000-7f634de00000 rw-p 00000000 00:00 0 
7f634de00000-7f634de04000 ---p 00000000 00:00 0 
7f634de04000-7f634df00000 rw-p 00000000 00:00 0 
7f634df00000-7f634df04000 ---p 00000000 00:00 0 
7f634df04000-7f634e000000 rw-p 00000000 00:00 0 
7f634e100000-7f634e104000 ---p 00000000 00:00 0 
7f634e104000-7f634e200000 rw-p 00000000 00:00 0 
7f634e200000-7f634e204000 ---p 00000000 00:00 0 
7f634e204000-7f634e300000 rw-p 00000000 00:00 0 
7f634e300000-7f634e304000 ---p 00000000 00:00 0 
7f634e304000-7f634e400000 rw-p 00000000 00:00 0 
7f634e400000-7f634e404000 ---p 00000000 00:00 0 
7f634e404000-7f634e500000 rw-p 00000000 00:00 0 
7f634e500000-7f634e504000 ---p 00000000 00:00 0 
7f634e504000-7f634e600000 rw-p 00000000 00:00 0 
7f634e600000-7f634e604000 ---p 00000000 00:00 0 
7f634e604000-7f634e700000 rw-p 00000000 00:00 0 
7f634e700000-7f634e704000 ---p 00000000 00:00 0 
7f634e704000-7f634e800000 rw-p 00000000 00:00 0 
7f634e800000-7f634e804000 ---p 00000000 00:00 0 
7f634e804000-7f634e900000 rw-p 00000000 00:00 0 
7f634e900000-7f634e904000 ---p 00000000 00:00 0 
7f634e904000-7f634ea00000 rw-p 00000000 00:00 0 
7f634ea00000-7f634ea04000 ---p 00000000 00:00 0 
7f634ea04000-7f634eb00000 rw-p 00000000 00:00 0 
7f634eb00000-7f634eb04000 ---p 00000000 00:00 0 
7f634eb04000-7f634ec00000 rw-p 00000000 00:00 0 
7f634ec00000-7f634ec04000 ---p 00000000 00:00 0 
7f634ec04000-7f634ed00000 rw-p 00000000 00:00 0 
7f634ed00000-7f634ed04000 ---p 00000000 00:00 0 
7f634ed04000-7f634ee00000 rw-p 00000000 00:00 0 
7f634fa68000-7f634ff00000 rw-p 00000000 00:00 0 
7f6350000000-7f6350021000 rw-p 00000000 00:00 0 
7f6350021000-7f6354000000 ---p 00000000 00:00 0 
7f6354000000-7f6354021000 rw-p 00000000 00:00 0 
7f6354021000-7f6358000000 ---p 00000000 00:00 0 
7f6358000000-7f6358051000 rw-p 00000000 00:00 0 
7f6358051000-7f635c000000 ---p 00000000 00:00 0 
7f635c000000-7f635c021000 rw-p 00000000 00:00 0 
7f635c021000-7f6360000000 ---p 00000000 00:00 0 
7f6360000000-7f63600e3000 rw-p 00000000 00:00 0 
7f63600e3000-7f6364000000 ---p 00000000 00:00 0 
7f6364000000-7f6364af1000 rw-p 00000000 00:00 0 
7f6364af1000-7f6368000000 ---p 00000000 00:00 0 
7f6368000000-7f6368021000 rw-p 00000000 00:00 0 
7f6368021000-7f636c000000 ---p 00000000 00:00 0 
7f636c000000-7f636c021000 rw-p 00000000 00:00 0 
7f636c021000-7f6370000000 ---p 00000000 00:00 0 
7f6370000000-7f6370021000 rw-p 00000000 00:00 0 
7f6370021000-7f6374000000 ---p 00000000 00:00 0 
7f6374000000-7f6374021000 rw-p 00000000 00:00 0 
7f6374021000-7f6378000000 ---p 00000000 00:00 0 
7f6378000000-7f6378021000 rw-p 00000000 00:00 0 
7f6378021000-7f637c000000 ---p 00000000 00:00 0 
7f637c000000-7f637c021000 rw-p 00000000 00:00 0 
7f637c021000-7f6380000000 ---p 00000000 00:00 0 
7f6380000000-7f63801ec000 rw-p 00000000 00:00 0 
7f63801ec000-7f6384000000 ---p 00000000 00:00 0 
7f6384000000-7f6384004000 ---p 00000000 00:00 0 
7f6384004000-7f6384100000 rw-p 00000000 00:00 0 
7f6384100000-7f6384104000 ---p 00000000 00:00 0 
7f6384104000-7f6384200000 rw-p 00000000 00:00 0 
7f6384200000-7f6384204000 ---p 00000000 00:00 0 
7f6384204000-7f6384300000 rw-p 00000000 00:00 0 
7f6384300000-7f6384304000 ---p 00000000 00:00 0 
7f6384304000-7f6384400000 rw-p 00000000 00:00 0 
7f6384400000-7f6384404000 ---p 00000000 00:00 0 
7f6384404000-7f6384500000 rw-p 00000000 00:00 0 
7f6384500000-7f6384504000 ---p 00000000 00:00 0 
7f6384504000-7f6384600000 rw-p 00000000 00:00 0 
7f6384600000-7f6384604000 ---p 00000000 00:00 0 
7f6384604000-7f6384700000 rw-p 00000000 00:00 0 
7f6384700000-7f6384704000 ---p 00000000 00:00 0 
7f6384704000-7f6384800000 rw-p 00000000 00:00 0 
7f6384800000-7f6384804000 ---p 00000000 00:00 0 
7f6384804000-7f6384900000 rw-p 00000000 00:00 0 
7f6384900000-7f6384904000 ---p 00000000 00:00 0 
7f6384904000-7f6384a00000 rw-p 00000000 00:00 0 
7f6384a00000-7f6386b6a000 r-xp 00000000 00:1344 4611686019135190040      /nix/store/gpxl5qgg8kicmcvivwmybwjlpf7wh20l-graalvm17-ce-22.3.0/lib/libjvmcicompiler.so
7f6386b6a000-7f6386d69000 ---p 0216a000 00:1344 4611686019135190040      /nix/store/gpxl5qgg8kicmcvivwmybwjlpf7wh20l-graalvm17-ce-22.3.0/lib/libjvmcicompiler.so
7f6386d69000-7f6386d6a000 r--p 02169000 00:1344 4611686019135190040      /nix/store/gpxl5qgg8kicmcvivwmybwjlpf7wh20l-graalvm17-ce-22.3.0/lib/libjvmcicompiler.so
7f6386d6a000-7f6386d6c000 rw-p 0216a000 00:1344 4611686019135190040      /nix/store/gpxl5qgg8kicmcvivwmybwjlpf7wh20l-graalvm17-ce-22.3.0/lib/libjvmcicompiler.so
7f6386d6c000-7f6386d6d000 rw-p 00000000 00:00 0 
7f6386d6d000-7f6386d72000 rw-p 023c3000 00:1344 4611686019135190040      /nix/store/gpxl5qgg8kicmcvivwmybwjlpf7wh20l-graalvm17-ce-22.3.0/lib/libjvmcicompiler.so
7f6386db1000-7f6386db2000 ---p 00000000 00:00 0 
7f6386db2000-7f6386eb3000 rw-p 00000000 00:00 0 
7f6386eb3000-7f6386eb7000 ---p 00000000 00:00 0 
7f6386eb7000-7f6386fb3000 rw-p 00000000 00:00 0 
7f6386fb3000-7f6386fb7000 ---p 00000000 00:00 0 
7f6386fb7000-7f63870b3000 rw-p 00000000 00:00 0 
7f63870b3000-7f63870b7000 ---p 00000000 00:00 0 
7f63870b7000-7f63872b3000 rw-p 00000000 00:00 0 
7f63872b3000-7f63872b7000 ---p 00000000 00:00 0 
7f63872b7000-7f63874b3000 rw-p 00000000 00:00 0 
7f63874b3000-7f6387723000 rwxp 00000000 00:00 0 
7f6387723000-7f6387a42000 ---p 00000000 00:00 0 
7f6387a42000-7f6388c62000 rwxp 00000000 00:00 0 
7f6388c62000-7f638ef7a000 ---p 00000000 00:00 0 
7f638ef7a000-7f638f22a000 rwxp 00000000 00:00 0 
7f638f22a000-7f63964b3000 ---p 00000000 00:00 0 
7f63964b3000-7f63a0000000 r--s 00000000 00:1344 4611686019135192581      /nix/store/gpxl5qgg8kicmcvivwmybwjlpf7wh20l-graalvm17-ce-22.3.0/lib/modules
7f63a0000000-7f63a0660000 rw-p 00000000 00:00 0 
7f63a0660000-7f63a4000000 ---p 00000000 00:00 0 
7f63a401a000-7f63a401e000 ---p 00000000 00:00 0 
7f63a401e000-7f63a411a000 rw-p 00000000 00:00 0 
7f63a411a000-7f63a411e000 ---p 00000000 00:00 0 
7f63a411e000-7f63a421a000 rw-p 00000000 00:00 0 
7f63a421a000-7f63a421e000 ---p 00000000 00:00 0 
7f63a421e000-7f63a431a000 rw-p 00000000 00:00 0 
7f63a431a000-7f63a431e000 ---p 00000000 00:00 0 
7f63a431e000-7f63a441a000 rw-p 00000000 00:00 0 
7f63a441a000-7f63a4700000 r--p 00000000 00:cea 28444448                  /usr/lib/locale/locale-archive
7f63a4700000-7f63a4704000 ---p 00000000 00:00 0 
7f63a4704000-7f63a4c00000 rw-p 00000000 00:00 0 
7f63a4c00000-7f63a4f00000 rw-p 00000000 00:00 0 
7f63a4f00000-7f63a5000000 rw-p 00000000 00:00 0 
7f63a5000000-7f63a5002000 r-xp 00000000 00:1344 4611686019135190017      /nix/store/gpxl5qgg8kicmcvivwmybwjlpf7wh20l-graalvm17-ce-22.3.0/lib/libextnet.so
7f63a5002000-7f63a5003000 r--p 00001000 00:1344 4611686019135190017      /nix/store/gpxl5qgg8kicmcvivwmybwjlpf7wh20l-graalvm17-ce-22.3.0/lib/libextnet.so
7f63a5003000-7f63a5004000 rw-p 00002000 00:1344 4611686019135190017      /nix/store/gpxl5qgg8kicmcvivwmybwjlpf7wh20l-graalvm17-ce-22.3.0/lib/libextnet.so
7f63a5004000-7f63a5005000 rw-p 00004000 00:1344 4611686019135190017      /nix/store/gpxl5qgg8kicmcvivwmybwjlpf7wh20l-graalvm17-ce-22.3.0/lib/libextnet.so
7f63a5005000-7f63a5009000 ---p 00000000 00:00 0 
7f63a5009000-7f63a5027000 rw-p 00000000 00:00 0 
7f63a5027000-7f63a502e000 r-xp 00000000 00:1344 4611686019135192580      /nix/store/gpxl5qgg8kicmcvivwmybwjlpf7wh20l-graalvm17-ce-22.3.0/lib/libzip.so
7f63a502e000-7f63a502f000 ---p 00007000 00:1344 4611686019135192580      /nix/store/gpxl5qgg8kicmcvivwmybwjlpf7wh20l-graalvm17-ce-22.3.0/lib/libzip.so
7f63a502f000-7f63a5030000 r--p 00007000 00:1344 4611686019135192580      /nix/store/gpxl5qgg8kicmcvivwmybwjlpf7wh20l-graalvm17-ce-22.3.0/lib/libzip.so
7f63a5030000-7f63a5031000 rw-p 00008000 00:1344 4611686019135192580      /nix/store/gpxl5qgg8kicmcvivwmybwjlpf7wh20l-graalvm17-ce-22.3.0/lib/libzip.so
7f63a5031000-7f63a5033000 rw-p 0000b000 00:1344 4611686019135192580      /nix/store/gpxl5qgg8kicmcvivwmybwjlpf7wh20l-graalvm17-ce-22.3.0/lib/libzip.so
7f63a5033000-7f63a5048000 r-xp 00000000 00:1344 4611686019135192570      /nix/store/gpxl5qgg8kicmcvivwmybwjlpf7wh20l-graalvm17-ce-22.3.0/lib/libnet.so
7f63a5048000-7f63a5049000 ---p 00015000 00:1344 4611686019135192570      /nix/store/gpxl5qgg8kicmcvivwmybwjlpf7wh20l-graalvm17-ce-22.3.0/lib/libnet.so
7f63a5049000-7f63a504a000 r--p 00015000 00:1344 4611686019135192570      /nix/store/gpxl5qgg8kicmcvivwmybwjlpf7wh20l-graalvm17-ce-22.3.0/lib/libnet.so
7f63a504a000-7f63a504b000 rw-p 00016000 00:1344 4611686019135192570      /nix/store/gpxl5qgg8kicmcvivwmybwjlpf7wh20l-graalvm17-ce-22.3.0/lib/libnet.so
7f63a504b000-7f63a504e000 rw-p 0001b000 00:1344 4611686019135192570      /nix/store/gpxl5qgg8kicmcvivwmybwjlpf7wh20l-graalvm17-ce-22.3.0/lib/libnet.so
7f63a504e000-7f63a5061000 r-xp 00000000 00:1344 4611686019135192571      /nix/store/gpxl5qgg8kicmcvivwmybwjlpf7wh20l-graalvm17-ce-22.3.0/lib/libnio.so
7f63a5061000-7f63a5062000 r--p 00012000 00:1344 4611686019135192571      /nix/store/gpxl5qgg8kicmcvivwmybwjlpf7wh20l-graalvm17-ce-22.3.0/lib/libnio.so
7f63a5062000-7f63a5063000 rw-p 00013000 00:1344 4611686019135192571      /nix/store/gpxl5qgg8kicmcvivwmybwjlpf7wh20l-graalvm17-ce-22.3.0/lib/libnio.so
7f63a5063000-7f63a5068000 rw-p 00019000 00:1344 4611686019135192571      /nix/store/gpxl5qgg8kicmcvivwmybwjlpf7wh20l-graalvm17-ce-22.3.0/lib/libnio.so
7f63a5068000-7f63a506c000 ---p 00000000 00:00 0 
7f63a506c000-7f63a5168000 rw-p 00000000 00:00 0 
7f63a5168000-7f63a5169000 ---p 00000000 00:00 0 
7f63a5169000-7f63a526a000 rw-p 00000000 00:00 0 
7f63a526a000-7f63a5338000 r-xp 00000000 00:1344 4611686019135190036      /nix/store/gpxl5qgg8kicmcvivwmybwjlpf7wh20l-graalvm17-ce-22.3.0/lib/libjsvml.so
7f63a5338000-7f63a5339000 r--p 000cd000 00:1344 4611686019135190036      /nix/store/gpxl5qgg8kicmcvivwmybwjlpf7wh20l-graalvm17-ce-22.3.0/lib/libjsvml.so
7f63a5339000-7f63a533a000 rw-p 000ce000 00:1344 4611686019135190036      /nix/store/gpxl5qgg8kicmcvivwmybwjlpf7wh20l-graalvm17-ce-22.3.0/lib/libjsvml.so
7f63a533a000-7f63a6c12000 rw-p 00000000 00:00 0 
7f63a6c12000-7f63a6c13000 ---p 00000000 00:00 0 
7f63a6c13000-7f63a6dbe000 rw-p 00000000 00:00 0 
7f63a6dbe000-7f63a6dd0000 rw-p 00000000 00:00 0 
7f63a6dd0000-7f63a6e14000 ---p 00000000 00:00 0 
7f63a6e14000-7f63a6e1b000 rw-p 00000000 00:00 0 
7f63a6e1b000-7f63a6f00000 ---p 00000000 00:00 0 
7f63a6f00000-7f63a6f25000 rw-p 00000000 00:00 0 
7f63a6f25000-7f63a6feb000 ---p 00000000 00:00 0 
7f63a6feb000-7f63a6ff0000 rw-p 00000000 00:00 0 
7f63a6ff0000-7f63a6ff7000 ---p 00000000 00:00 0 
7f63a6ff7000-7f63a701b000 r-xp 00000000 00:1344 4611686019135190028      /nix/store/gpxl5qgg8kicmcvivwmybwjlpf7wh20l-graalvm17-ce-22.3.0/lib/libjava.so
7f63a701b000-7f63a701c000 ---p 00024000 00:1344 4611686019135190028      /nix/store/gpxl5qgg8kicmcvivwmybwjlpf7wh20l-graalvm17-ce-22.3.0/lib/libjava.so
7f63a701c000-7f63a701d000 r--p 00024000 00:1344 4611686019135190028      /nix/store/gpxl5qgg8kicmcvivwmybwjlpf7wh20l-graalvm17-ce-22.3.0/lib/libjava.so
7f63a701d000-7f63a701e000 rw-p 00025000 00:1344 4611686019135190028      /nix/store/gpxl5qgg8kicmcvivwmybwjlpf7wh20l-graalvm17-ce-22.3.0/lib/libjava.so
7f63a701e000-7f63a701f000 rw-p 00000000 00:00 0 
7f63a701f000-7f63a7026000 rw-p 0002f000 00:1344 4611686019135190028      /nix/store/gpxl5qgg8kicmcvivwmybwjlpf7wh20l-graalvm17-ce-22.3.0/lib/libjava.so
7f63a7026000-7f63a702e000 rw-s 00000000 00:416 350                       /tmp/hsperfdata_runner/29
7f63a702e000-7f63a702f000 ---p 00000000 00:00 0 
7f63a702f000-7f63a7030000 r--p 00000000 00:00 0 
7f63a7030000-7f63a7031000 rwxp 00000000 00:00 0 
7f63a7031000-7f63a704c000 r-xp 00000000 00:1344 4611686019135190032      /nix/store/gpxl5qgg8kicmcvivwmybwjlpf7wh20l-graalvm17-ce-22.3.0/lib/libjimage.so
7f63a704c000-7f63a704d000 ---p 0001b000 00:1344 4611686019135190032      /nix/store/gpxl5qgg8kicmcvivwmybwjlpf7wh20l-graalvm17-ce-22.3.0/lib/libjimage.so
7f63a704d000-7f63a704f000 r--p 0001b000 00:1344 4611686019135190032      /nix/store/gpxl5qgg8kicmcvivwmybwjlpf7wh20l-graalvm17-ce-22.3.0/lib/libjimage.so
7f63a704f000-7f63a7050000 rw-p 0001d000 00:1344 4611686019135190032      /nix/store/gpxl5qgg8kicmcvivwmybwjlpf7wh20l-graalvm17-ce-22.3.0/lib/libjimage.so
7f63a7050000-7f63a7051000 rw-p 00024000 00:1344 4611686019135190032      /nix/store/gpxl5qgg8kicmcvivwmybwjlpf7wh20l-graalvm17-ce-22.3.0/lib/libjimage.so
7f63a7051000-7f63a7055000 ---p 00000000 00:00 0 
7f63a7055000-7f63a7151000 rw-p 00000000 00:00 0 
7f63a7151000-7f63a715f000 r--p 00000000 00:1344 4611686019027979927      /nix/store/4nlgxhb09sdr51nc9hdm8az5b08vzkgx-glibc-2.35-163/lib/libm.so.6
7f63a715f000-7f63a71d2000 r-xp 0000e000 00:1344 4611686019027979927      /nix/store/4nlgxhb09sdr51nc9hdm8az5b08vzkgx-glibc-2.35-163/lib/libm.so.6
7f63a71d2000-7f63a722f000 r--p 00081000 00:1344 4611686019027979927      /nix/store/4nlgxhb09sdr51nc9hdm8az5b08vzkgx-glibc-2.35-163/lib/libm.so.6
7f63a722f000-7f63a7230000 r--p 000dd000 00:1344 4611686019027979927      /nix/store/4nlgxhb09sdr51nc9hdm8az5b08vzkgx-glibc-2.35-163/lib/libm.so.6
7f63a7230000-7f63a7231000 rw-p 000de000 00:1344 4611686019027979927      /nix/store/4nlgxhb09sdr51nc9hdm8az5b08vzkgx-glibc-2.35-163/lib/libm.so.6
7f63a7231000-7f63a7232000 r--p 00000000 00:1344 4611686019027979946      /nix/store/4nlgxhb09sdr51nc9hdm8az5b08vzkgx-glibc-2.35-163/lib/librt.so.1
7f63a7232000-7f63a7233000 r-xp 00001000 00:1344 4611686019027979946      /nix/store/4nlgxhb09sdr51nc9hdm8az5b08vzkgx-glibc-2.35-163/lib/librt.so.1
7f63a7233000-7f63a7234000 r--p 00002000 00:1344 4611686019027979946      /nix/store/4nlgxhb09sdr51nc9hdm8az5b08vzkgx-glibc-2.35-163/lib/librt.so.1
7f63a7234000-7f63a7235000 r--p 00002000 00:1344 4611686019027979946      /nix/store/4nlgxhb09sdr51nc9hdm8az5b08vzkgx-glibc-2.35-163/lib/librt.so.1
7f63a7235000-7f63a7236000 rw-p 00003000 00:1344 4611686019027979946      /nix/store/4nlgxhb09sdr51nc9hdm8az5b08vzkgx-glibc-2.35-163/lib/librt.so.1
7f63a7236000-7f63a8349000 r-xp 00000000 00:1344 4611686019135360866      /nix/store/gpxl5qgg8kicmcvivwmybwjlpf7wh20l-graalvm17-ce-22.3.0/lib/server/libjvm.so
7f63a8349000-7f63a834a000 ---p 01113000 00:1344 4611686019135360866      /nix/store/gpxl5qgg8kicmcvivwmybwjlpf7wh20l-graalvm17-ce-22.3.0/lib/server/libjvm.so
7f63a834a000-7f63a83ff000 r--p 01113000 00:1344 4611686019135360866      /nix/store/gpxl5qgg8kicmcvivwmybwjlpf7wh20l-graalvm17-ce-22.3.0/lib/server/libjvm.so
7f63a83ff000-7f63a8433000 rw-p 011c8000 00:1344 4611686019135360866      /nix/store/gpxl5qgg8kicmcvivwmybwjlpf7wh20l-graalvm17-ce-22.3.0/lib/server/libjvm.so
7f63a8433000-7f63a848f000 rw-p 00000000 00:00 0 
7f63a848f000-7f63a84b7000 r--p 00000000 00:1344 4611686019027979918      /nix/store/4nlgxhb09sdr51nc9hdm8az5b08vzkgx-glibc-2.35-163/lib/libc.so.6
7f63a84b7000-7f63a862d000 r-xp 00028000 00:1344 4611686019027979918      /nix/store/4nlgxhb09sdr51nc9hdm8az5b08vzkgx-glibc-2.35-163/lib/libc.so.6
7f63a862d000-7f63a8685000 r--p 0019e000 00:1344 4611686019027979918      /nix/store/4nlgxhb09sdr51nc9hdm8az5b08vzkgx-glibc-2.35-163/lib/libc.so.6
7f63a8685000-7f63a8689000 r--p 001f6000 00:1344 4611686019027979918      /nix/store/4nlgxhb09sdr51nc9hdm8az5b08vzkgx-glibc-2.35-163/lib/libc.so.6
7f63a8689000-7f63a868b000 rw-p 001fa000 00:1344 4611686019027979918      /nix/store/4nlgxhb09sdr51nc9hdm8az5b08vzkgx-glibc-2.35-163/lib/libc.so.6
7f63a868b000-7f63a869a000 rw-p 00000000 00:00 0 
7f63a869a000-7f63a869b000 r--p 00000000 00:1344 4611686019027979923      /nix/store/4nlgxhb09sdr51nc9hdm8az5b08vzkgx-glibc-2.35-163/lib/libdl.so.2
7f63a869b000-7f63a869c000 r-xp 00001000 00:1344 4611686019027979923      /nix/store/4nlgxhb09sdr51nc9hdm8az5b08vzkgx-glibc-2.35-163/lib/libdl.so.2
7f63a869c000-7f63a869d000 r--p 00002000 00:1344 4611686019027979923      /nix/store/4nlgxhb09sdr51nc9hdm8az5b08vzkgx-glibc-2.35-163/lib/libdl.so.2
7f63a869d000-7f63a869e000 r--p 00002000 00:1344 4611686019027979923      /nix/store/4nlgxhb09sdr51nc9hdm8az5b08vzkgx-glibc-2.35-163/lib/libdl.so.2
7f63a869e000-7f63a869f000 rw-p 00003000 00:1344 4611686019027979923      /nix/store/4nlgxhb09sdr51nc9hdm8az5b08vzkgx-glibc-2.35-163/lib/libdl.so.2
7f63a869f000-7f63a86a0000 r--p 00000000 00:1344 4611686019027979942      /nix/store/4nlgxhb09sdr51nc9hdm8az5b08vzkgx-glibc-2.35-163/lib/libpthread.so.0
7f63a86a0000-7f63a86a1000 r-xp 00001000 00:1344 4611686019027979942      /nix/store/4nlgxhb09sdr51nc9hdm8az5b08vzkgx-glibc-2.35-163/lib/libpthread.so.0
7f63a86a1000-7f63a86a2000 r--p 00002000 00:1344 4611686019027979942      /nix/store/4nlgxhb09sdr51nc9hdm8az5b08vzkgx-glibc-2.35-163/lib/libpthread.so.0
7f63a86a2000-7f63a86a3000 r--p 00002000 00:1344 4611686019027979942      /nix/store/4nlgxhb09sdr51nc9hdm8az5b08vzkgx-glibc-2.35-163/lib/libpthread.so.0
7f63a86a3000-7f63a86a4000 rw-p 00003000 00:1344 4611686019027979942      /nix/store/4nlgxhb09sdr51nc9hdm8az5b08vzkgx-glibc-2.35-163/lib/libpthread.so.0
7f63a86a4000-7f63a86b2000 r-xp 00000000 00:1344 4611686019135190033      /nix/store/gpxl5qgg8kicmcvivwmybwjlpf7wh20l-graalvm17-ce-22.3.0/lib/libjli.so
7f63a86b2000-7f63a86b3000 ---p 0000e000 00:1344 4611686019135190033      /nix/store/gpxl5qgg8kicmcvivwmybwjlpf7wh20l-graalvm17-ce-22.3.0/lib/libjli.so
7f63a86b3000-7f63a86b4000 r--p 0000e000 00:1344 4611686019135190033      /nix/store/gpxl5qgg8kicmcvivwmybwjlpf7wh20l-graalvm17-ce-22.3.0/lib/libjli.so
7f63a86b4000-7f63a86b5000 rw-p 0000f000 00:1344 4611686019135190033      /nix/store/gpxl5qgg8kicmcvivwmybwjlpf7wh20l-graalvm17-ce-22.3.0/lib/libjli.so
7f63a86b5000-7f63a86b6000 rw-p 00012000 00:1344 4611686019135190033      /nix/store/gpxl5qgg8kicmcvivwmybwjlpf7wh20l-graalvm17-ce-22.3.0/lib/libjli.so
7f63a86b6000-7f63a86b9000 r--p 00000000 00:1344 4611686019106210071      /nix/store/026hln0aq1hyshaxsdvhg0kmcm6yf45r-zlib-1.2.13/lib/libz.so.1.2.13
7f63a86b9000-7f63a86cb000 r-xp 00003000 00:1344 4611686019106210071      /nix/store/026hln0aq1hyshaxsdvhg0kmcm6yf45r-zlib-1.2.13/lib/libz.so.1.2.13
7f63a86cb000-7f63a86d2000 r--p 00015000 00:1344 4611686019106210071      /nix/store/026hln0aq1hyshaxsdvhg0kmcm6yf45r-zlib-1.2.13/lib/libz.so.1.2.13
7f63a86d2000-7f63a86d3000 r--p 0001b000 00:1344 4611686019106210071      /nix/store/026hln0aq1hyshaxsdvhg0kmcm6yf45r-zlib-1.2.13/lib/libz.so.1.2.13
7f63a86d3000-7f63a86d4000 rw-p 0001c000 00:1344 4611686019106210071      /nix/store/026hln0aq1hyshaxsdvhg0kmcm6yf45r-zlib-1.2.13/lib/libz.so.1.2.13
7f63a86d4000-7f63a86d6000 rw-p 00000000 00:00 0 
7f63a86d6000-7f63a86d8000 r--p 00000000 00:1344 4611686019027979912      /nix/store/4nlgxhb09sdr51nc9hdm8az5b08vzkgx-glibc-2.35-163/lib/ld-linux-x86-64.so.2
7f63a86d8000-7f63a86ff000 r-xp 00002000 00:1344 4611686019027979912      /nix/store/4nlgxhb09sdr51nc9hdm8az5b08vzkgx-glibc-2.35-163/lib/ld-linux-x86-64.so.2
7f63a86ff000-7f63a870b000 r--p 00029000 00:1344 4611686019027979912      /nix/store/4nlgxhb09sdr51nc9hdm8az5b08vzkgx-glibc-2.35-163/lib/ld-linux-x86-64.so.2
7f63a870b000-7f63a870d000 r--p 00034000 00:1344 4611686019027979912      /nix/store/4nlgxhb09sdr51nc9hdm8az5b08vzkgx-glibc-2.35-163/lib/ld-linux-x86-64.so.2
7f63a870d000-7f63a870f000 rw-p 00036000 00:1344 4611686019027979912      /nix/store/4nlgxhb09sdr51nc9hdm8az5b08vzkgx-glibc-2.35-163/lib/ld-linux-x86-64.so.2
7ffd038a6000-7ffd038ca000 rw-p 00000000 00:00 0                          [stack]
7ffd038f5000-7ffd038f9000 r--p 00000000 00:00 0                          [vvar]
7ffd038f9000-7ffd038fb000 r-xp 00000000 00:00 0                          [vdso]
ffffffffff600000-ffffffffff601000 --xp 00000000 00:00 0                  [vsyscall]


VM Arguments:
jvm_args: -XX:ThreadPriorityPolicy=1 -XX:+UnlockExperimentalVMOptions -XX:+EnableJVMCIProduct -XX:JVMCIThreadsPerNativeLibraryRuntime=1 -XX:-UnlockExperimentalVMOptions -Declipse.application=org.eclipse.jdt.ls.core.id1 -Dosgi.bundles.defaultStartLevel=4 -Declipse.product=org.eclipse.jdt.ls.core.product -Dlog.level=ALL -Xverify:none -XX:+UseParallelGC -XX:GCTimeRatio=4 -XX:AdaptiveSizePolicyWeight=90 -Dsun.zip.disableMemoryMapping=true -Xmx512m -Xms100m 
java_command: /nix/store/m6gcpi1ii6rghy04cjwjddcavv7i90df-jdt-language-server-1.9.0/share/java/plugins/org.eclipse.equinox.launcher_1.6.400.v20210924-0641.jar --add-modules=ALL-SYSTEM --add-opens java.base/java.util=ALL-UNNAMED --add-opens java.base/java.lang=ALL-UNNAMED -configuration /home/runner/.cache/jdt-language-server/config -data /home/runner/.cache/jdt-language-server/data/home/runner/Hangman-Game-Java
java_class_path (initial): /nix/store/m6gcpi1ii6rghy04cjwjddcavv7i90df-jdt-language-server-1.9.0/share/java/plugins/org.eclipse.equinox.launcher_1.6.400.v20210924-0641.jar
Launcher Type: SUN_STANDARD

[Global flags]
    uintx AdaptiveSizePolicyWeight                 = 90                                        {product} {command line}
     intx CICompilerCount                          = 2                                         {product} {ergonomic}
     bool EnableJVMCIProduct                       = true                                {JVMCI product} {jimage}
    uintx GCTimeRatio                              = 4                                         {product} {command line}
   size_t InitialHeapSize                          = 104857600                                 {product} {command line}
     uint JVMCIThreadsPerNativeLibraryRuntime      = 1                                   {JVMCI product} {jimage}
   size_t MaxHeapSize                              = 536870912                                 {product} {command line}
   size_t MaxNewSize                               = 178782208                                 {product} {ergonomic}
   size_t MinHeapDeltaBytes                        = 524288                                    {product} {ergonomic}
   size_t MinHeapSize                              = 104857600                                 {product} {command line}
   size_t NewSize                                  = 34603008                                  {product} {ergonomic}
    uintx NonNMethodCodeHeapSize                   = 5826188                                {pd product} {ergonomic}
    uintx NonProfiledCodeHeapSize                  = 122916026                              {pd product} {ergonomic}
   size_t OldSize                                  = 70254592                                  {product} {ergonomic}
    uintx ProfiledCodeHeapSize                     = 122916026                              {pd product} {ergonomic}
    uintx ReservedCodeCacheSize                    = 251658240                              {pd product} {ergonomic}
     bool SegmentedCodeCache                       = true                                      {product} {ergonomic}
   size_t SoftMaxHeapSize                          = 536870912                              {manageable} {ergonomic}
     intx ThreadPriorityPolicy                     = 1                                         {product} {jimage}
     bool UseCompressedClassPointers               = true                           {product lp64_product} {ergonomic}
     bool UseCompressedOops                        = true                           {product lp64_product} {ergonomic}
     bool UseParallelGC                            = true                                      {product} {command line}

Logging:
Log output configuration:
 #0: stdout all=warning uptime,level,tags
 #1: stderr all=off uptime,level,tags

Environment Variables:
JAVA_HOME=/nix/store/gpxl5qgg8kicmcvivwmybwjlpf7wh20l-graalvm17-ce-22.3.0
PATH=/nix/store/1d6ian3r8kdzspw8hacjhl3xkp40g1lj-binutils-wrapper-2.39/bin:/nix/store/dq0xwmsk1g0i2ayg6pb7y87na2knzylh-gcc-wrapper-11.3.0/bin:/nix/store/bap4d0lpcrhpwmpb8ayjcgkmvfj62lnq-bash-interactive-5.1-p16/bin:/nix/store/pr5n59mb4jzmfx6kanwxly0l07p861fg-patchelf-0.15.0/bin:/nix/store/1gf2flfqnpqbr1b4p4qz2f72y42bs56r-gcc-11.3.0/bin:/nix/store/57xv61c5zi8pphjbcwxxjlgc34p61ic9-glibc-2.35-163-bin/bin:/nix/store/a7gvj343m05j2s32xcnwr35v31ynlypr-coreutils-9.1/bin:/nix/store/039g378vc3pc3dvi9dzdlrd0i4q93qwf-binutils-2.39/bin:/nix/store/gpxl5qgg8kicmcvivwmybwjlpf7wh20l-graalvm17-ce-22.3.0/bin:/nix/store/6z9ag3ihc8mq2hzsw48lhbznvzny65nz-apache-maven-3.8.6/bin:/nix/store/m6gcpi1ii6rghy04cjwjddcavv7i90df-jdt-language-server-1.9.0/bin:/nix/store/84xs5alhs01zrbr4ywm05kxbjbp5590l-java-debug/bin:/nix/store/mydc6f4k2z73xlcz7ilif3v2lcaiqvza-findutils-4.9.0/bin:/nix/store/j9p3g8472iijd50vhdprx0nmk2fqn5gv-diffutils-3.8/bin:/nix/store/89zs7rms6x00xfq4dq6m7mjnhkr8a6r4-gnused-4.8/bin:/nix/store/86bp03jkmsl6f92w0yzg4s59g5mhxwmy-gnugrep-3.7/bin:/nix/store/hwcdqw4jrjnd37wxqgsd47hd0j8bnj09-gawk-5.1.1/bin:/nix/store/cfbhw8r8ags41vwqaz47r583d0p4h4a1-gnutar-1.34/bin:/nix/store/p3m1ndl1lapwrlh698bnb5lvvxh67378-gzip-1.12/bin:/nix/store/a8mhcagrsly7c7mpjrpsnaahk4aax056-bzip2-1.0.8-bin/bin:/nix/store/mblgz65m3zv9x548a3d5m96fj2pbwr09-gnumake-4.3/bin:/nix/store/dsd5gz46hdbdk2rfdimqddhq6m8m8fqs-bash-5.1-p16/bin:/nix/store/v7ljksji50mg3w61dykaa3n3y79n6nil-patch-2.7.6/bin:/nix/store/zlcnmqq14jz5x9439jf937mvayyl63da-xz-5.2.7-bin/bin:/nix/store/y6aj732zm9m87c82fpvf103a1xb22blp-file-5.43/bin:/nix/store/sgqd0ajghcv2axfl1lad0b1alyavp0dc-prybar-elisp-0.0.0-67f7a00/bin:/nix/store/p3hsvljpgs68jqwar41lc0jqhjj734lf-prybar-lua-0.0.0-67f7a00/bin:/nix/store/qzxs2gybds3s9kb1vkaflpgm2nwr85fh-prybar-python3-0.0.0-67f7a00/bin:/nix/store/km94z9mxp8w4m8gxxp5mbfpdf3nkfvd8-prybar-sqlite-0.0.0-67f7a00/bin:/nix/store/2pnc7b76asw0z59c4l6h6qy8arwqrii1-prybar-tcl-0.0.0-67f7a00/bin:/nix/store/hpbvrlwd5viqmvcaisb3x0118i913a9n-st
LD_LIBRARY_PATH=/nix/store/a4pff549sk2idnkpzk5nsfps3mdkdnvm-cups-2.4.2-lib/lib:/nix/store/72mqxxhh3cy5yifh92wh2yb8cl2hikyy-cairo-1.16.0/lib:/nix/store/2k366jrbsra97gjfxwvrhvixjfxdach5-glib-2.74.1/lib:/nix/store/2j2znigd8ak37rlwh9khz0ry3clqlw1l-gtk+3-3.24.34/lib:/nix/store/hisqvx32cd57apbpcsnkpx6k3549wql1-libglvnd-1.4.0/lib:/nix/store/p36pgcv991mq5srvg765b78yqpxvk3qs-mesa-21.3.3-drivers/lib:/nix/store/mav4251if1ahjq5vkpwycyyvnmy459c4-pulseaudio-14.2/lib
DISPLAY=:0
LANG=en_US.UTF-8

Signal Handlers:
   SIGSEGV: crash_handler in libjvm.so, mask=11100100010111111101111111111110, flags=SA_RESTART|SA_SIGINFO
    SIGBUS: crash_handler in libjvm.so, mask=11100100010111111101111111111110, flags=SA_RESTART|SA_SIGINFO
    SIGFPE: crash_handler in libjvm.so, mask=11100100010111111101111111111110, flags=SA_RESTART|SA_SIGINFO
   SIGPIPE: IsolateEnterStub_IgnoreSIGPIPEStartupHook_noopSignalHandler_8f19bff2f35b5f630d83b364d6b2339320d4ec70_216e8361c6bc87a8f89f58cc10d3b2fd4415bf87 in libjvmcicompiler.so, mask=00000000000000000000000000000000, flags=SA_RESTART
  *** Handler was modified!
  *** Expected: javaSignalHandler in libjvm.so, mask=11100100110111111111111111111110, flags=SA_RESTART|SA_SIGINFO
   SIGXFSZ: javaSignalHandler in libjvm.so, mask=11100100010111111101111111111110, flags=SA_RESTART|SA_SIGINFO
    SIGILL: crash_handler in libjvm.so, mask=11100100010111111101111111111110, flags=SA_RESTART|SA_SIGINFO
   SIGUSR2: SR_handler in libjvm.so, mask=00000000000000000000000000000000, flags=SA_RESTART|SA_SIGINFO
    SIGHUP: UserHandler in libjvm.so, mask=11100100010111111101111111111110, flags=SA_RESTART|SA_SIGINFO
    SIGINT: UserHandler in libjvm.so, mask=11100100010111111101111111111110, flags=SA_RESTART|SA_SIGINFO
   SIGTERM: UserHandler in libjvm.so, mask=11100100010111111101111111111110, flags=SA_RESTART|SA_SIGINFO
   SIGQUIT: UserHandler in libjvm.so, mask=11100100010111111101111111111110, flags=SA_RESTART|SA_SIGINFO
  *** Handler was modified!
  *** Expected: javaSignalHandler in libjvm.so, mask=11100100110111111111111111111110, flags=SA_RESTART|SA_SIGINFO
   SIGTRAP: crash_handler in libjvm.so, mask=11100100010111111101111111111110, flags=SA_RESTART|SA_SIGINFO


---------------  S Y S T E M  ---------------

OS:
DISTRIB_ID=Ubuntu
DISTRIB_RELEASE=20.04
DISTRIB_CODENAME=focal
DISTRIB_DESCRIPTION="Ubuntu 20.04.2 LTS"
uname: Linux 5.15.0-1030-gcp #37~20.04.1-Ubuntu SMP Mon Feb 20 04:30:57 UTC 2023 x86_64
OS uptime: 0 days 16:49 hours
libc: glibc 2.35 NPTL 2.35 
rlimit (soft/hard): STACK 8192k/infinity , CORE infinity/infinity , NPROC infinity/infinity , NOFILE 5242/5242 , AS infinity/infinity , CPU infinity/infinity , DATA infinity/infinity , FSIZE infinity/infinity , MEMLOCK 64k/64k
load average: 16.40 14.07 14.66

/proc/meminfo:
MemTotal:       65852728 kB
MemFree:        16792780 kB
MemAvailable:   40136656 kB
Buffers:         3189264 kB
Cached:         18591712 kB
SwapCached:            0 kB
Active:         11825892 kB
Inactive:       32019396 kB
Active(anon):      15468 kB
Inactive(anon): 21743516 kB
Active(file):   11810424 kB
Inactive(file): 10275880 kB
Unevictable:       43180 kB
Mlocked:           43180 kB
SwapTotal:             0 kB
SwapFree:              0 kB
Dirty:             43348 kB
Writeback:            28 kB
AnonPages:      20509236 kB
Mapped:          2239312 kB
Shmem:             62968 kB
KReclaimable:    1984172 kB
Slab:            4112256 kB
SReclaimable:    1984172 kB
SUnreclaim:      2128084 kB
KernelStack:      413348 kB
PageTables:       228296 kB
NFS_Unstable:          0 kB
Bounce:                0 kB
WritebackTmp:          0 kB
CommitLimit:    32926364 kB
Committed_AS:   68211544 kB
VmallocTotal:   34359738367 kB
VmallocUsed:      463792 kB
VmallocChunk:          0 kB
Percpu:            82304 kB
HardwareCorrupted:     0 kB
AnonHugePages:   1515520 kB
ShmemHugePages:        0 kB
ShmemPmdMapped:        0 kB
FileHugePages:         0 kB
FilePmdMapped:         0 kB
HugePages_Total:       0
HugePages_Free:        0
HugePages_Rsvd:        0
HugePages_Surp:        0
Hugepagesize:       2048 kB
Hugetlb:               0 kB
DirectMap4k:     5624640 kB
DirectMap2M:    45752320 kB
DirectMap1G:    17825792 kB

/sys/kernel/mm/transparent_hugepage/enabled: always [madvise] never
/sys/kernel/mm/transparent_hugepage/defrag (defrag/compaction efforts parameter): always defer defer+madvise [madvise] never

Process Memory:
Virtual Size: 5330008K (peak: 5414716K)
Resident Set Size: 738900K (peak: 778368K) (anon: 544684K, file: 194216K, shmem: 0K)
Swapped out: 0K
C-Heap outstanding allocations: 45185K, retained: 17730K
glibc malloc tunables: (default)

/proc/sys/kernel/threads-max (system-wide limit on the number of threads): 514406
/proc/sys/vm/max_map_count (maximum number of memory map areas a process may have): 65530
/proc/sys/kernel/pid_max (system-wide limit on number of process identifiers): 4194304

container (cgroup) information:
container_type: cgroupv1
cpu_cpuset_cpus: 2-7
cpu_memory_nodes: 0
active_processor_count: 1
cpu_quota: 50000
cpu_period: 100000
cpu_shares: 512
memory_limit_in_bytes: 1048576 k
memory_and_swap_limit_in_bytes: 1048576 k
memory_soft_limit_in_bytes: 524288 k
memory_usage_in_bytes: 590856 k
memory_max_usage_in_bytes: 645992 k
maximum number of tasks: 1000
current number of tasks: 58

KVM virtualization detected
Steal ticks since vm start: 0
Steal ticks percentage since vm start:  0.000

CPU: total 8 (initial active 1) (8 cores per cpu, 2 threads per core) family 23 model 49 stepping 0 microcode 0xffffffff, cx8, cmov, fxsr, ht, mmx, 3dnowpref, sse, sse2, sse3, ssse3, sse4a, sse4.1, sse4.2, popcnt, lzcnt, tsc, tscinvbit, avx, avx2, aes, clmul, bmi1, bmi2, adx, sha, fma, vzeroupper, clflush, clflushopt, hv
CPU Model and flags from /proc/cpuinfo:
model name	: AMD EPYC 7B12
flags		: fpu vme de pse tsc msr pae mce cx8 apic sep mtrr pge mca cmov pat pse36 clflush mmx fxsr sse sse2 ht syscall nx mmxext fxsr_opt pdpe1gb rdtscp lm constant_tsc rep_good nopl nonstop_tsc cpuid extd_apicid tsc_known_freq pni pclmulqdq ssse3 fma cx16 sse4_1 sse4_2 movbe popcnt aes xsave avx f16c rdrand hypervisor lahf_lm cmp_legacy cr8_legacy abm sse4a misalignsse 3dnowprefetch osvw topoext ssbd ibrs ibpb stibp vmmcall fsgsbase tsc_adjust bmi1 avx2 smep bmi2 rdseed adx smap clflushopt clwb sha_ni xsaveopt xsavec xgetbv1 clzero xsaveerptr arat npt nrip_save umip rdpid

Online cpus: 0-7
Offline cpus: 
BIOS frequency limitation: <Not Available>
Frequency switch latency (ns): <Not Available>
Available cpu frequencies: <Not Available>
Current governor: <Not Available>
Core performance/turbo boost: <Not Available>

Memory: 4k page, physical 1048576k(457704k free), swap 0k(0k free)
Page Sizes: 4k

vm_info: OpenJDK 64-Bit Server VM (17.0.5+8-jvmci-22.3-b08) for linux-amd64 JRE (17.0.5+8-jvmci-22.3-b08), built on Oct 19 2022 09:01:27 by "buildslave" with gcc 10.3.0

END.
