#
# A fatal error has been detected by the Java Runtime Environment:
#
#  Internal Error (jvmciRuntime.cpp:1609), pid=6851, tid=6865
#  fatal error: Fatal exception in JVMCI: Error calling jdk.vm.ci.services.Services.serializeSavedProperties
#
# JRE version: OpenJDK Runtime Environment GraalVM CE 22.3.0 (17.0.5+8) (build 17.0.5+8-jvmci-22.3-b08)
# Java VM: OpenJDK 64-Bit Server VM GraalVM CE 22.3.0 (17.0.5+8-jvmci-22.3-b08, mixed mode, sharing, tiered, jvmci, jvmci compiler, compressed oops, compressed class ptrs, parallel gc, linux-amd64)
# Problematic frame:
# V  [libjvm.so+0x972714]  JVMCIRuntime::fatal_exception(JVMCIEnv*, char const*)+0x74
#
# Core dump will be written. Default location: Core dumps may be processed with "/usr/share/apport/apport -p%p -s%s -c%c -d%d -P%P -u%u -g%g -- %E" (or dumping to /home/runner/Hangman-Game-Java/core.6851)
#
# If you would like to submit a bug report, please visit:
#   https://github.com/oracle/graal/issues
#

---------------  S U M M A R Y ------------

Command Line: -XX:ThreadPriorityPolicy=1 -XX:+UnlockExperimentalVMOptions -XX:+EnableJVMCIProduct -XX:JVMCIThreadsPerNativeLibraryRuntime=1 -XX:-UnlockExperimentalVMOptions -Declipse.application=org.eclipse.jdt.ls.core.id1 -Dosgi.bundles.defaultStartLevel=4 -Declipse.product=org.eclipse.jdt.ls.core.product -Dlog.level=ALL -Xverify:none -XX:+UseParallelGC -XX:GCTimeRatio=4 -XX:AdaptiveSizePolicyWeight=90 -Dsun.zip.disableMemoryMapping=true -Xmx512m -Xms100m /nix/store/m6gcpi1ii6rghy04cjwjddcavv7i90df-jdt-language-server-1.9.0/share/java/plugins/org.eclipse.equinox.launcher_1.6.400.v20210924-0641.jar --add-modules=ALL-SYSTEM --add-opens java.base/java.util=ALL-UNNAMED --add-opens java.base/java.lang=ALL-UNNAMED -configuration /home/runner/.cache/jdt-language-server/config -data /home/runner/.cache/jdt-language-server/data/home/runner/Hangman-Game-Java

Host: AMD EPYC 7B12, 8 cores, 1G, Ubuntu 20.04.2 LTS
Time: Fri Mar 17 03:50:01 2023 UTC elapsed time: 615.634568 seconds (0d 0h 10m 15s)

---------------  T H R E A D  ---------------

Current thread (0x00007fa8a80b21e0):  JavaThread "JVMCI-native CompilerThread0" daemon [_thread_in_vm, id=6865, stack(0x00007fa88c448000,0x00007fa88c648000)]


Current CompileTask:
JVMCI-native: 615634 9905       4       org.eclipse.core.runtime.ProgressMonitorWrapper::isCanceled (10 bytes)

Stack: [0x00007fa88c448000,0x00007fa88c648000],  sp=0x00007fa88c646380,  free space=2040k
Native frames: (J=compiled Java code, j=interpreted, Vv=VM code, C=native code)
V  [libjvm.so+0x972714]  JVMCIRuntime::fatal_exception(JVMCIEnv*, char const*)+0x74
V  [libjvm.so+0x93e2fe]  JVMCIEnv::copy_saved_properties()+0x14e
V  [libjvm.so+0x9732a9]  JVMCIRuntime::initialize(JVMCIEnv*)+0xb19
V  [libjvm.so+0x9738a2]  JVMCIRuntime::get_HotSpotJVMCIRuntime(JVMCIEnv*)+0x12
V  [libjvm.so+0x9749f2]  JVMCIRuntime::compile_method(JVMCIEnv*, JVMCICompiler*, methodHandle const&, int)+0xd2
V  [libjvm.so+0x5b0d20]  CompileBroker::invoke_compiler_on_method(CompileTask*)+0x1470
V  [libjvm.so+0x5b12e8]  CompileBroker::compiler_thread_loop()+0x528
V  [libjvm.so+0xd82460]  JavaThread::thread_main_inner()+0xd0
V  [libjvm.so+0xd85a40]  Thread::call_run()+0xc0
V  [libjvm.so+0xbdb1e1]  thread_native_entry(Thread*)+0xe1

Register to memory mapping:

RAX=0x00007fa8ac048000 points into unknown readable memory: 0x0000000000000058 | 58 00 00 00 00 00 00 00
RBX=0x00007fa8ad143398: <offset 0x0000000000ef5398> in /nix/store/gpxl5qgg8kicmcvivwmybwjlpf7wh20l-graalvm17-ce-22.3.0/lib/server/libjvm.so at 0x00007fa8ac24e000
RCX=0x00007fa8ad0fb1e8: <offset 0x0000000000ead1e8> in /nix/store/gpxl5qgg8kicmcvivwmybwjlpf7wh20l-graalvm17-ce-22.3.0/lib/server/libjvm.so at 0x00007fa8ac24e000
RDX=0x0000000000000649 is an unknown value
RSP=0x00007fa88c646380 is pointing into the stack for thread: 0x00007fa8a80b21e0
RBP=0x00007fa88c6463a0 is pointing into the stack for thread: 0x00007fa8a80b21e0
RSI=0x00007fa8ad143c48: <offset 0x0000000000ef5c48> in /nix/store/gpxl5qgg8kicmcvivwmybwjlpf7wh20l-graalvm17-ce-22.3.0/lib/server/libjvm.so at 0x00007fa8ac24e000
RDI=0x00000000e0000000 is an oop: [Ljava.util.HashMap$Node; 
{0x00000000e0000000} - klass: 'java/util/HashMap$Node'[]
 - length: 2
R8 =0x00007fa8ad143398: <offset 0x0000000000ef5398> in /nix/store/gpxl5qgg8kicmcvivwmybwjlpf7wh20l-graalvm17-ce-22.3.0/lib/server/libjvm.so at 0x00007fa8ac24e000
R9 =0x0000000000000003 is an unknown value
R10=0x00007fa8ad494da0: <offset 0x0000000001246da0> in /nix/store/gpxl5qgg8kicmcvivwmybwjlpf7wh20l-graalvm17-ce-22.3.0/lib/server/libjvm.so at 0x00007fa8ac24e000
R11=0x000000080044f048 is pointing into metadata
R12=0x0 is NULL
R13=0x00007fa8a80b21e0 is a thread
R14=0x00007fa8a8000b80 points into unknown readable memory: 0x00007fa8ad374a38 | 38 4a 37 ad a8 7f 00 00
R15=0x00007fa8ad482e40: <offset 0x0000000001234e40> in /nix/store/gpxl5qgg8kicmcvivwmybwjlpf7wh20l-graalvm17-ce-22.3.0/lib/server/libjvm.so at 0x00007fa8ac24e000


Registers:
RAX=0x00007fa8ac048000, RBX=0x00007fa8ad143398, RCX=0x00007fa8ad0fb1e8, RDX=0x0000000000000649
RSP=0x00007fa88c646380, RBP=0x00007fa88c6463a0, RSI=0x00007fa8ad143c48, RDI=0x00000000e0000000
R8 =0x00007fa8ad143398, R9 =0x0000000000000003, R10=0x00007fa8ad494da0, R11=0x000000080044f048
R12=0x0000000000000000, R13=0x00007fa8a80b21e0, R14=0x00007fa8a8000b80, R15=0x00007fa8ad482e40
RIP=0x00007fa8acbc0714, EFLAGS=0x0000000000010206, CSGSFS=0x002b000000000033, ERR=0x0000000000000006
  TRAPNO=0x000000000000000e

Top of Stack: (sp=0x00007fa88c646380)
0x00007fa88c646380:   00007fa88c646940 00007fa8a80b21e0
0x00007fa88c646390:   00007fa88de8caf8 0000000800c428e0
0x00007fa88c6463a0:   00007fa88c646500 00007fa8acb8c2fe
0x00007fa88c6463b0:   00007fa88c6463e0 00007fa88c646440 

Instructions: (pc=0x00007fa8acbc0714)
0x00007fa8acbc0614:   30 e8 f6 cf e8 ff 4c 89 e7 e8 2e 48 d1 ff 84 db
0x00007fa8acbc0624:   75 2a 4d 85 ed 74 04 4d 8b 6d 00 48 83 c4 08 44
0x00007fa8acbc0634:   89 f9 4c 89 f2 4c 89 ee 5b 4c 89 e7 41 5c 41 5d
0x00007fa8acbc0644:   41 5e 41 5f 5d e9 e2 47 d1 ff 66 90 48 83 c4 08
0x00007fa8acbc0654:   5b 41 5c 41 5d 41 5e 41 5f 5d c3 90 31 d2 be 08
0x00007fa8acbc0664:   00 00 00 4c 89 ff e8 b1 78 a3 ff 49 89 c5 e9 37
0x00007fa8acbc0674:   ff ff ff 66 0f 1f 84 00 00 00 00 00 48 8b 7a 08
0x00007fa8acbc0684:   e9 6d ff ff ff 0f 1f 80 00 00 00 00 e8 5b 48 0a
0x00007fa8acbc0694:   00 84 c0 75 89 e9 6a ff ff ff 66 90 55 48 89 e5
0x00007fa8acbc06a4:   41 56 41 55 41 54 49 89 fc 53 48 89 f3 66 48 8d
0x00007fa8acbc06b4:   3d 27 5e 85 00 66 66 48 e8 df 43 8d ff 4c 8b 28
0x00007fa8acbc06c4:   8b 05 be 72 8a 00 85 c0 75 14 ba 01 00 00 00 48
0x00007fa8acbc06d4:   8d 0d ae 72 8a 00 f0 0f b1 11 85 c0 74 4e be c8
0x00007fa8acbc06e4:   00 00 00 4c 89 ef e8 01 0b 41 00 48 8d 05 12 ac
0x00007fa8acbc06f4:   85 00 49 89 d8 48 8d 0d e8 aa 53 00 ba 49 06 00
0x00007fa8acbc0704:   00 48 8d 35 3c 35 58 00 bf 00 00 00 e0 48 8b 00
0x00007fa8acbc0714:   c6 00 58 31 c0 e8 e2 91 c6 ff 5b 41 5c 41 5d 41
0x00007fa8acbc0724:   5e 5d e9 55 34 26 00 0f 1f 44 00 00 48 8d 05 81
0x00007fa8acbc0734:   a3 8b 00 48 89 df 4c 8b 30 e8 9e 43 8d ff 48 89
0x00007fa8acbc0744:   de 48 89 c2 49 8b 06 4c 89 f7 ff 50 08 4c 89 f7
0x00007fa8acbc0754:   e8 a7 5c 27 00 4d 85 e4 74 12 be 01 00 00 00 4c
0x00007fa8acbc0764:   89 e7 e8 35 43 fc ff eb 82 0f 1f 00 be 01 00 00
0x00007fa8acbc0774:   00 4c 89 ef e8 d3 fd ff ff e9 6d ff ff ff 66 66
0x00007fa8acbc0784:   2e 0f 1f 84 00 00 00 00 00 0f 1f 00 55 48 89 e5
0x00007fa8acbc0794:   41 57 41 56 41 55 41 54 53 48 81 ec 08 02 00 00
0x00007fa8acbc07a4:   64 48 8b 04 25 28 00 00 00 48 89 45 c8 8b 07 83
0x00007fa8acbc07b4:   f8 02 0f 84 11 04 00 00 4c 8b 6f 18 49 89 ff 49
0x00007fa8acbc07c4:   89 f4 4d 85 ed 74 14 4c 89 ef e8 5d 57 22 00 41
0x00007fa8acbc07d4:   8b 07 83 f8 02 0f 84 19 04 00 00 48 8d 1d 9a 06
0x00007fa8acbc07e4:   8a 00 4c 8d 35 0b 3c 58 00 eb 38 90 48 85 d2 7f
0x00007fa8acbc07f4:   0d 48 8d 05 b4 c0 85 00 48 83 38 00 7e 0e 41 8b
0x00007fa8acbc0804:   77 2c 4c 89 f7 31 c0 e8 a0 b2 f7 ff 49 8b 7f 18 


Stack slot to memory mapping:
stack at sp + 0 slots: 0x00007fa88c646940 is pointing into the stack for thread: 0x00007fa8a80b21e0
stack at sp + 1 slots: 0x00007fa8a80b21e0 is a thread
stack at sp + 2 slots: 0x00007fa88de8caf8 points into unknown readable memory: 0x65730018a53dffff | ff ff 3d a5 18 00 73 65
stack at sp + 3 slots: 0x0000000800c428e0 is a pointer to class: 
jdk.vm.ci.services.Services {0x0000000800c428e0}
 - instance size:     2
 - klass size:        65
 - access:            public final synchronized 
 - state:             fully_initialized
 - name:              'jdk/vm/ci/services/Services'
 - super:             'java/lang/Object'
 - sub:               
 - arrays:            NULL
 - methods:           Array<T>(0x00007fa88d051110)
 - method ordering:   Array<T>(0x0000000800928960)
 - default_methods:   Array<T>(0x0000000000000000)
 - local interfaces:  Array<T>(0x00000008005ce810)
 - trans. interfaces: Array<T>(0x00000008005ce810)
 - constants:         constant pool [427] {0x00007fa88d0501f0} for 'jdk/vm/ci/services/Services' cache=0x00007fa88d0523e0
 - class loader data:  loader data: 0x00007fa8a80283f0 of 'bootstrap'
 - source file:       'Services.java'
 - class annotations:       Array<T>(0x0000000000000000)
 - class type annotations:  Array<T>(0x0000000000000000)
 - field annotations:       Array<T>(0x0000000000000000)
 - field type annotations:  Array<T>(0x0000000000000000)
 - inner classes:     Array<T>(0x00007fa88d0523b0)
 - nest members:     Array<T>(0x00007fa88d0523d0)
 - permitted subclasses:     Array<T>(0x00000008005ce7a0)
 - java mirror:       a 'java/lang/Class'{0x00000000e02a9e58} = 'jdk/vm/ci/services/Services'
 - vtable length      5  (start addr: 0x0000000800c42ab0)
 - itable length      2 (start addr: 0x0000000800c42ad8)
 - ---- static fields (3 words):
 - public static final 'IS_BUILDING_NATIVE_IMAGE' 'Z' @128 
 - public static final 'IS_IN_NATIVE_IMAGE' 'Z' @129 
 - private static volatile 'savedProperties' 'Ljava/util/Map;' @112 
 - static final 'JVMCI_ENABLED' 'Z' @130 
 - private static final 'servicesCache' 'Ljava/util/Map;' @116 
 - private static final 'MAX_UNICODE_IN_UTF8_LENGTH' 'I' @120 
 - private static final 'MAX_UTF8_PROPERTY_STRING_LENGTH' 'I' @124 
 - ---- non-static fields (0 words):
 - non-static oop maps: 
stack at sp + 4 slots: 0x00007fa88c646500 is pointing into the stack for thread: 0x00007fa8a80b21e0
stack at sp + 5 slots: 0x00007fa8acb8c2fe: <offset 0x000000000093e2fe> in /nix/store/gpxl5qgg8kicmcvivwmybwjlpf7wh20l-graalvm17-ce-22.3.0/lib/server/libjvm.so at 0x00007fa8ac24e000
stack at sp + 6 slots: 0x00007fa88c6463e0 is pointing into the stack for thread: 0x00007fa8a80b21e0
stack at sp + 7 slots: 0x00007fa88c646440 is pointing into the stack for thread: 0x00007fa8a80b21e0


---------------  P R O C E S S  ---------------

Threads class SMR info:
_java_thread_list=0x00007fa8101b97a0, length=30, elements={
0x00007fa8a8026690, 0x00007fa8a80a64d0, 0x00007fa8a80a7910, 0x00007fa8a80ae050,
0x00007fa8a80af400, 0x00007fa8a80b07f0, 0x00007fa8a80b21e0, 0x00007fa8a80b36f0,
0x00007fa8a80b4b40, 0x00007fa8a80dfa80, 0x00007fa8a8127a70, 0x00007fa8a82d5ec0,
0x00007fa8a831dd70, 0x00007fa8a8320a00, 0x00007fa83c032ed0, 0x00007fa83c3fdc80,
0x00007fa82c000ff0, 0x00007fa83c6204e0, 0x00007fa83c65d3d0, 0x00007fa8a8363350,
0x00007fa8a83f5ea0, 0x00007fa820015a20, 0x00007fa810214a90, 0x00007fa8101b7600,
0x00007fa8101b6d20, 0x00007fa8101ba8c0, 0x00007fa8101b7b80, 0x00007fa8101ba070,
0x00007fa820019c70, 0x00007fa8101bb320
}

Java Threads: ( => current thread )
  0x00007fa8a8026690 JavaThread "main" [_thread_blocked, id=6857, stack(0x00007fa8ac069000,0x00007fa8ac169000)]
  0x00007fa8a80a64d0 JavaThread "Reference Handler" daemon [_thread_blocked, id=6860, stack(0x00007fa88cd2e000,0x00007fa88ce2e000)]
  0x00007fa8a80a7910 JavaThread "Finalizer" daemon [_thread_blocked, id=6861, stack(0x00007fa88cc2e000,0x00007fa88cd2e000)]
  0x00007fa8a80ae050 JavaThread "Signal Dispatcher" daemon [_thread_blocked, id=6862, stack(0x00007fa88c848000,0x00007fa88c948000)]
  0x00007fa8a80af400 JavaThread "Service Thread" daemon [_thread_blocked, id=6863, stack(0x00007fa88c748000,0x00007fa88c848000)]
  0x00007fa8a80b07f0 JavaThread "Monitor Deflation Thread" daemon [_thread_blocked, id=6864, stack(0x00007fa88c648000,0x00007fa88c748000)]
=>0x00007fa8a80b21e0 JavaThread "JVMCI-native CompilerThread0" daemon [_thread_in_vm, id=6865, stack(0x00007fa88c448000,0x00007fa88c648000)]
  0x00007fa8a80b36f0 JavaThread "C1 CompilerThread0" daemon [_thread_blocked, id=6866, stack(0x00007fa88c248000,0x00007fa88c448000)]
  0x00007fa8a80b4b40 JavaThread "Sweeper thread" daemon [_thread_blocked, id=6867, stack(0x00007fa88c148000,0x00007fa88c248000)]
  0x00007fa8a80dfa80 JavaThread "Common-Cleaner" daemon [_thread_blocked, id=6868, stack(0x00007fa88c048000,0x00007fa88c148000)]
  0x00007fa8a8127a70 JavaThread "Notification Thread" daemon [_thread_blocked, id=6869, stack(0x00007fa85ff00000,0x00007fa860000000)]
  0x00007fa8a82d5ec0 JavaThread "Active Thread: Equinox Container: 780cb2a0-32bd-4b37-a7ca-9d0bb6609182" [_thread_blocked, id=6882, stack(0x00007fa85c700000,0x00007fa85c800000)]
  0x00007fa8a831dd70 JavaThread "Framework Event Dispatcher: Equinox Container: 780cb2a0-32bd-4b37-a7ca-9d0bb6609182" daemon [_thread_blocked, id=6883, stack(0x00007fa85c500000,0x00007fa85c600000)]
  0x00007fa8a8320a00 JavaThread "Start Level: Equinox Container: 780cb2a0-32bd-4b37-a7ca-9d0bb6609182" daemon [_thread_blocked, id=6884, stack(0x00007fa85c300000,0x00007fa85c400000)]
  0x00007fa83c032ed0 JavaThread "SCR Component Actor" daemon [_thread_blocked, id=6885, stack(0x00007fa85c100000,0x00007fa85c200000)]
  0x00007fa83c3fdc80 JavaThread "Worker-JM" [_thread_blocked, id=6902, stack(0x00007fa857d00000,0x00007fa857e00000)]
  0x00007fa82c000ff0 JavaThread "Worker-2: Periodic workspace save." [_thread_blocked, id=6906, stack(0x00007fa857700000,0x00007fa857800000)]
  0x00007fa83c6204e0 JavaThread "Java indexing" daemon [_thread_blocked, id=6907, stack(0x00007fa857500000,0x00007fa857600000)]
  0x00007fa83c65d3d0 JavaThread "Bundle File Closer" daemon [_thread_blocked, id=6915, stack(0x00007fa857300000,0x00007fa857400000)]
  0x00007fa8a8363350 JavaThread "pool-3-thread-1" [_thread_blocked, id=6917, stack(0x00007fa857e00000,0x00007fa857f00000)]
  0x00007fa8a83f5ea0 JavaThread "pool-2-thread-1" [_thread_blocked, id=6922, stack(0x00007fa857100000,0x00007fa857200000)]
  0x00007fa820015a20 JavaThread "Worker-4: Java indexing... " [_thread_blocked, id=6968, stack(0x00007fa856f00000,0x00007fa857000000)]
  0x00007fa810214a90 JavaThread "Thread-5" [_thread_blocked, id=7301, stack(0x00007fa857900000,0x00007fa857a00000)]
  0x00007fa8101b7600 JavaThread "Thread-10" [_thread_blocked, id=7500, stack(0x00007fa857f00000,0x00007fa858000000)]
  0x00007fa8101b6d20 JavaThread "Thread-22" [_thread_blocked, id=7590, stack(0x00007fa857b00000,0x00007fa857c00000)]
  0x00007fa8101ba8c0 JavaThread "Thread-26" [_thread_blocked, id=7686, stack(0x00007fa85d900000,0x00007fa85da00000)]
  0x00007fa8101b7b80 JavaThread "Thread-27" [_thread_blocked, id=7751, stack(0x00007fa85d700000,0x00007fa85d800000)]
  0x00007fa8101ba070 JavaThread "Thread-28" [_thread_blocked, id=8143, stack(0x00007fa856d00000,0x00007fa856e00000)]
  0x00007fa820019c70 JavaThread "Worker-5: Compacting resource model" [_thread_blocked, id=8153, stack(0x00007fa85d500000,0x00007fa85d600000)]
  0x00007fa8101bb320 JavaThread "Thread-29" [_thread_blocked, id=8366, stack(0x00007fa85d800000,0x00007fa85d900000)]

Other Threads:
  0x00007fa8a80a1c10 VMThread "VM Thread" [stack: 0x00007fa88ce30000,0x00007fa88cf30000] [id=6859] _threads_hazard_ptr=0x00007fa8101b97a0
  0x00007fa8a8129410 WatcherThread [stack: 0x00007fa85fe00000,0x00007fa85ff00000] [id=6870]
  0x00007fa8a803df30 GCTaskThread "GC Thread#0" [stack: 0x00007fa88f0dc000,0x00007fa88f1dc000] [id=6858]

Threads with active compile tasks:
JVMCI-native CompilerThread0   615719 9905       4       org.eclipse.core.runtime.ProgressMonitorWrapper::isCanceled (10 bytes)

VM state: synchronizing (normal execution)

VM Mutex/Monitor currently owned by a thread:  ([mutex/lock_event])
[0x00007fa8a8023840] Threads_lock - owner thread: 0x00007fa8a80a1c10
[0x00007fa8a8023ff0] Heap_lock - owner thread: 0x00007fa8101bb320

OutOfMemory and StackOverflow Exception counts:
OutOfMemoryError java_heap_errors=2
LinkageErrors=55

Heap address: 0x00000000e0000000, size: 512 MB, Compressed Oops mode: 32-bit

CDS archive(s) mapped at: [0x0000000800000000-0x0000000800bc8000-0x0000000800bc8000), size 12353536, SharedBaseAddress: 0x0000000800000000, ArchiveRelocationMode: 0.
Compressed class space mapped at: 0x0000000800c00000-0x0000000840c00000, reserved size: 1073741824
Narrow klass base: 0x0000000800000000, Narrow klass shift: 0, Narrow klass range: 0x100000000

GC Precious Log:
 CPUs: 8 total, 1 available
 Memory: 1024M
 Large Page Support: Disabled
 NUMA Support: Disabled
 Compressed Oops: Enabled (32-bit)
 Alignments: Space 512K, Generation 512K, Heap 2M
 Heap Min Capacity: 100M
 Heap Initial Capacity: 100M
 Heap Max Capacity: 512M
 Pre-touch: Disabled
 Parallel Workers: 1

Heap:
 PSYoungGen      total 61952K, used 45567K [0x00000000f5580000, 0x00000000fa400000, 0x0000000100000000)
  eden space 45568K, 99% used [0x00000000f5580000,0x00000000f81ffff8,0x00000000f8200000)
  from space 16384K, 0% used [0x00000000f8200000,0x00000000f8200000,0x00000000f9200000)
  to   space 15360K, 0% used [0x00000000f9300000,0x00000000f9300000,0x00000000fa200000)
 ParOldGen       total 349696K, used 349695K [0x00000000e0000000, 0x00000000f5580000, 0x00000000f5580000)
  object space 349696K, 99% used [0x00000000e0000000,0x00000000f557fc00,0x00000000f5580000)
 Metaspace       used 59171K, committed 60096K, reserved 1105920K
  class space    used 5656K, committed 6144K, reserved 1048576K

Card table byte_map: [0x00007fa88f1dc000,0x00007fa88f2dd000] _byte_map_base: 0x00007fa88eadc000

Marking Bits: (ParMarkBitMap*) 0x00007fa8ad47c4c0
 Begin Bits: [0x00007fa88e02f000, 0x00007fa88e82f000)
 End Bits:   [0x00007fa88e82f000, 0x00007fa88f02f000)

Polling page: 0x00007fa8ac046000

Metaspace:

Usage:
  Non-class:     52.26 MB used.
      Class:      5.52 MB used.
       Both:     57.78 MB used.

Virtual space:
  Non-class space:       56.00 MB reserved,      52.69 MB ( 94%) committed,  7 nodes.
      Class space:        1.00 GB reserved,       6.00 MB ( <1%) committed,  1 nodes.
             Both:        1.05 GB reserved,      58.69 MB (  5%) committed. 

Chunk freelists:
   Non-Class:  2.58 MB
       Class:  1.89 MB
        Both:  4.47 MB

MaxMetaspaceSize: unlimited
CompressedClassSpaceSize: 1.00 GB
Initial GC threshold: 21.00 MB
Current GC threshold: 97.62 MB
CDS: on
MetaspaceReclaimPolicy: balanced
 - commit_granule_bytes: 65536.
 - commit_granule_words: 8192.
 - virtual_space_node_default_size: 1048576.
 - enlarge_chunks_in_place: 1.
 - new_chunks_are_fully_committed: 0.
 - uncommit_free_chunks: 1.
 - use_allocation_guard: 0.
 - handle_deallocations: 1.


Internal statistics:

num_allocs_failed_limit: 6.
num_arena_births: 468.
num_arena_deaths: 136.
num_vsnodes_births: 8.
num_vsnodes_deaths: 0.
num_space_committed: 936.
num_space_uncommitted: 0.
num_chunks_returned_to_freelist: 197.
num_chunks_taken_from_freelist: 2961.
num_chunk_merges: 82.
num_chunk_splits: 1955.
num_chunks_enlarged: 1230.
num_purges: 14.
num_inconsistent_stats: 0.

CodeHeap 'non-profiled nmethods': size=120036Kb used=2956Kb max_used=3240Kb free=117079Kb
 bounds [0x00007fa896f7a000, 0x00007fa8972aa000, 0x00007fa89e4b3000]
CodeHeap 'profiled nmethods': size=120032Kb used=14422Kb max_used=17019Kb free=105610Kb
 bounds [0x00007fa88fa42000, 0x00007fa890ae2000, 0x00007fa896f7a000]
CodeHeap 'non-nmethods': size=5692Kb used=1368Kb max_used=1381Kb free=4324Kb
 bounds [0x00007fa88f4b3000, 0x00007fa88f723000, 0x00007fa88fa42000]
 total_blobs=7898 nmethods=7191 adapters=590
 compilation: enabled
              stopped_count=0, restarted_count=0
 full_count=0

JVMCI Events (20 events):
Event: 341.854 Thread 0x00007fa8a80b21e0 detached from JVMCI runtime 0
Event: 349.046 Thread 0x00007fa8a80b21e0 attached to JVMCI runtime 0
Event: 349.047 Thread 0x00007fa8a80b21e0 created JavaVM[4]@0x00007fa85679e340 for JVMCI runtime 0
Event: 350.545 Thread 0x00007fa8a80b21e0 initializing JVMCI runtime 0
Event: 350.545 Thread 0x00007fa8a80b21e0 done waiting for JavaVM references initialization in JVMCI runtime 0
Event: 359.169 Thread 0x00007fa8a80b21e0 initialized JVMCI runtime 0
Event: 384.964 Thread 0x00007fa8a80b21e0 compacted oop handles in JVMCI runtime 0 from 63 to 50
Event: 429.495 Thread 0x00007fa8a80b21e0 compacted oop handles in JVMCI runtime 0 from 107 to 95
Event: 429.496 Thread 0x00007fa8a80b21e0 compacted oop handles in JVMCI runtime 0 from 95 to 73
Event: 431.061 Thread 0x00007fa8a80b21e0 detaching from JVMCI runtime 0: releasing idle compiler thread (0 other threads still attached)
Event: 431.061 Thread 0x00007fa8a80b21e0 shutting down HotSpotJVMCIRuntime for JVMCI runtime 0
Event: 431.061 Thread 0x00007fa8a80b21e0 shut down JVMCI runtime 0
Event: 431.064 Thread 0x00007fa8a80b21e0 destroyed JavaVM[4]@0x00007fa85679e340 for JVMCI runtime 0
Event: 431.064 Thread 0x00007fa8a80b21e0 compacted oop handles in JVMCI runtime 0 from 73 to 73
Event: 431.064 Thread 0x00007fa8a80b21e0 releasing handles for JVMCI runtime 0: oop handles=73, metadata handles={total=192, live=190, blocks=35}
Event: 431.064 Thread 0x00007fa8a80b21e0 detached from JVMCI runtime 0
Event: 497.458 Thread 0x00007fa8a80b21e0 attached to JVMCI runtime 0
Event: 497.519 Thread 0x00007fa8a80b21e0 created JavaVM[5]@0x00007fa85679e340 for JVMCI runtime 0
Event: 498.973 Thread 0x00007fa8a80b21e0 initializing JVMCI runtime 0
Event: 498.973 Thread 0x00007fa8a80b21e0 done waiting for JavaVM references initialization in JVMCI runtime 0

Compilation events (20 events):
Event: 384.964 Thread 0x00007fa8a80b21e0 nmethod 9895 0x00007fa89718d890 code [0x00007fa89718da40, 0x00007fa89718dd00]
Event: 384.964 Thread 0x00007fa8a80b21e0 9896       4       org.eclipse.jdt.internal.compiler.parser.Parser::consumeToken (2275 bytes)
Event: 416.561 Thread 0x00007fa8a80b36f0 9899       3       com.google.gson.stream.JsonReader::endObject (100 bytes)
Event: 419.366 Thread 0x00007fa8a80b36f0 nmethod 9899 0x00007fa8900a1610 code [0x00007fa8900a18c0, 0x00007fa8900a2c10]
Event: 429.495 Thread 0x00007fa8a80b21e0 nmethod 9896 0x00007fa89719bf10 code [0x00007fa89719c460, 0x00007fa89719e680]
Event: 429.495 Thread 0x00007fa8a80b21e0 9898       4       org.eclipse.jdt.internal.compiler.parser.Parser::pushOnTypeAnnotationLengthStack (53 bytes)
Event: 429.497 Thread 0x00007fa8a80b21e0 nmethod 9898 0x00007fa896fbf590 code [0x00007fa896fbf700, 0x00007fa896fbf7d0]
Event: 457.842 Thread 0x00007fa8a80b36f0 9901       3       org.eclipse.jdt.internal.compiler.ast.AllocationExpression::<init> (24 bytes)
Event: 459.227 Thread 0x00007fa8a80b36f0 nmethod 9901 0x00007fa88fe4e690 code [0x00007fa88fe4e840, 0x00007fa88fe4eb10]
Event: 460.676 Thread 0x00007fa8a80b36f0 9902       3       org.eclipse.jdt.internal.codeassist.impl.AssistParser::popElement (170 bytes)
Event: 462.162 Thread 0x00007fa8a80b36f0 nmethod 9902 0x00007fa89016e890 code [0x00007fa89016eac0, 0x00007fa89016f4a0]
Event: 493.023 Thread 0x00007fa8a80b36f0 9903       3       java.util.concurrent.ThreadPoolExecutor::runStateAtLeast (11 bytes)
Event: 493.023 Thread 0x00007fa8a80b36f0 nmethod 9903 0x00007fa88fc50c90 code [0x00007fa88fc50e20, 0x00007fa88fc50f70]
Event: 494.670 Thread 0x00007fa8a80b36f0 9904       3       java.util.regex.Pattern$Branch::match (66 bytes)
Event: 494.670 Thread 0x00007fa8a80b36f0 nmethod 9904 0x00007fa88fdd2d90 code [0x00007fa88fdd2f80, 0x00007fa88fdd3710]
Event: 497.457 Thread 0x00007fa8a80b21e0 9905       4       org.eclipse.core.runtime.ProgressMonitorWrapper::isCanceled (10 bytes)
Event: 529.480 Thread 0x00007fa8a80b36f0 9907       3       org.eclipse.jdt.internal.compiler.parser.Parser::consumeMethodBody (14 bytes)
Event: 529.481 Thread 0x00007fa8a80b36f0 nmethod 9907 0x00007fa88fa7e010 code [0x00007fa88fa7e1a0, 0x00007fa88fa7e2f0]
Event: 584.931 Thread 0x00007fa8a80b36f0 9908   !   3       org.eclipse.core.internal.filebuffers.SynchronizableDocument::getLineOffset (30 bytes)
Event: 584.931 Thread 0x00007fa8a80b36f0 nmethod 9908 0x00007fa88fc3e490 code [0x00007fa88fc3e6c0, 0x00007fa88fc3f4d0]

GC Heap History (20 events):
Event: 600.964 GC heap before
{Heap before GC invocations=369 (full 280):
 PSYoungGen      total 61952K, used 45567K [0x00000000f5580000, 0x00000000fa400000, 0x0000000100000000)
  eden space 45568K, 99% used [0x00000000f5580000,0x00000000f81ffff8,0x00000000f8200000)
  from space 16384K, 0% used [0x00000000f8200000,0x00000000f8200000,0x00000000f9200000)
  to   space 15360K, 0% used [0x00000000f9300000,0x00000000f9300000,0x00000000fa200000)
 ParOldGen       total 349696K, used 349689K [0x00000000e0000000, 0x00000000f5580000, 0x00000000f5580000)
  object space 349696K, 99% used [0x00000000e0000000,0x00000000f557e608,0x00000000f5580000)
 Metaspace       used 59171K, committed 60096K, reserved 1105920K
  class space    used 5656K, committed 6144K, reserved 1048576K
}
Event: 602.549 GC heap after
{Heap after GC invocations=369 (full 280):
 PSYoungGen      total 60928K, used 45567K [0x00000000f5580000, 0x00000000fa400000, 0x0000000100000000)
  eden space 45568K, 99% used [0x00000000f5580000,0x00000000f81fff20,0x00000000f8200000)
  from space 15360K, 0% used [0x00000000f9300000,0x00000000f9300000,0x00000000fa200000)
  to   space 16384K, 0% used [0x00000000f8200000,0x00000000f8200000,0x00000000f9200000)
 ParOldGen       total 349696K, used 349689K [0x00000000e0000000, 0x00000000f5580000, 0x00000000f5580000)
  object space 349696K, 99% used [0x00000000e0000000,0x00000000f557e538,0x00000000f5580000)
 Metaspace       used 59171K, committed 60096K, reserved 1105920K
  class space    used 5656K, committed 6144K, reserved 1048576K
}
Event: 602.549 GC heap before
{Heap before GC invocations=370 (full 281):
 PSYoungGen      total 60928K, used 45567K [0x00000000f5580000, 0x00000000fa400000, 0x0000000100000000)
  eden space 45568K, 99% used [0x00000000f5580000,0x00000000f81fffe8,0x00000000f8200000)
  from space 15360K, 0% used [0x00000000f9300000,0x00000000f9300000,0x00000000fa200000)
  to   space 16384K, 0% used [0x00000000f8200000,0x00000000f8200000,0x00000000f9200000)
 ParOldGen       total 349696K, used 349689K [0x00000000e0000000, 0x00000000f5580000, 0x00000000f5580000)
  object space 349696K, 99% used [0x00000000e0000000,0x00000000f557e538,0x00000000f5580000)
 Metaspace       used 59171K, committed 60096K, reserved 1105920K
  class space    used 5656K, committed 6144K, reserved 1048576K
}
Event: 603.940 GC heap after
{Heap after GC invocations=370 (full 281):
 PSYoungGen      total 61952K, used 45567K [0x00000000f5580000, 0x00000000fa400000, 0x0000000100000000)
  eden space 45568K, 99% used [0x00000000f5580000,0x00000000f81fffb8,0x00000000f8200000)
  from space 16384K, 0% used [0x00000000f8200000,0x00000000f8200000,0x00000000f9200000)
  to   space 15360K, 0% used [0x00000000f9300000,0x00000000f9300000,0x00000000fa200000)
 ParOldGen       total 349696K, used 349689K [0x00000000e0000000, 0x00000000f5580000, 0x00000000f5580000)
  object space 349696K, 99% used [0x00000000e0000000,0x00000000f557e538,0x00000000f5580000)
 Metaspace       used 59171K, committed 60096K, reserved 1105920K
  class space    used 5656K, committed 6144K, reserved 1048576K
}
Event: 603.942 GC heap before
{Heap before GC invocations=371 (full 282):
 PSYoungGen      total 61952K, used 45567K [0x00000000f5580000, 0x00000000fa400000, 0x0000000100000000)
  eden space 45568K, 99% used [0x00000000f5580000,0x00000000f81ffff0,0x00000000f8200000)
  from space 16384K, 0% used [0x00000000f8200000,0x00000000f8200000,0x00000000f9200000)
  to   space 15360K, 0% used [0x00000000f9300000,0x00000000f9300000,0x00000000fa200000)
 ParOldGen       total 349696K, used 349689K [0x00000000e0000000, 0x00000000f5580000, 0x00000000f5580000)
  object space 349696K, 99% used [0x00000000e0000000,0x00000000f557e538,0x00000000f5580000)
 Metaspace       used 59171K, committed 60096K, reserved 1105920K
  class space    used 5656K, committed 6144K, reserved 1048576K
}
Event: 605.367 GC heap after
{Heap after GC invocations=371 (full 282):
 PSYoungGen      total 60928K, used 45567K [0x00000000f5580000, 0x00000000fa400000, 0x0000000100000000)
  eden space 45568K, 99% used [0x00000000f5580000,0x00000000f81fff18,0x00000000f8200000)
  from space 15360K, 0% used [0x00000000f9300000,0x00000000f9300000,0x00000000fa200000)
  to   space 16384K, 0% used [0x00000000f8200000,0x00000000f8200000,0x00000000f9200000)
 ParOldGen       total 349696K, used 349689K [0x00000000e0000000, 0x00000000f5580000, 0x00000000f5580000)
  object space 349696K, 99% used [0x00000000e0000000,0x00000000f557e538,0x00000000f5580000)
 Metaspace       used 59171K, committed 60096K, reserved 1105920K
  class space    used 5656K, committed 6144K, reserved 1048576K
}
Event: 605.371 GC heap before
{Heap before GC invocations=372 (full 283):
 PSYoungGen      total 60928K, used 45567K [0x00000000f5580000, 0x00000000fa400000, 0x0000000100000000)
  eden space 45568K, 99% used [0x00000000f5580000,0x00000000f81fffc8,0x00000000f8200000)
  from space 15360K, 0% used [0x00000000f9300000,0x00000000f9300000,0x00000000fa200000)
  to   space 16384K, 0% used [0x00000000f8200000,0x00000000f8200000,0x00000000f9200000)
 ParOldGen       total 349696K, used 349689K [0x00000000e0000000, 0x00000000f5580000, 0x00000000f5580000)
  object space 349696K, 99% used [0x00000000e0000000,0x00000000f557e538,0x00000000f5580000)
 Metaspace       used 59171K, committed 60096K, reserved 1105920K
  class space    used 5656K, committed 6144K, reserved 1048576K
}
Event: 606.779 GC heap after
{Heap after GC invocations=372 (full 283):
 PSYoungGen      total 61952K, used 45567K [0x00000000f5580000, 0x00000000fa400000, 0x0000000100000000)
  eden space 45568K, 99% used [0x00000000f5580000,0x00000000f81fffa8,0x00000000f8200000)
  from space 16384K, 0% used [0x00000000f8200000,0x00000000f8200000,0x00000000f9200000)
  to   space 15360K, 0% used [0x00000000f9300000,0x00000000f9300000,0x00000000fa200000)
 ParOldGen       total 349696K, used 349689K [0x00000000e0000000, 0x00000000f5580000, 0x00000000f5580000)
  object space 349696K, 99% used [0x00000000e0000000,0x00000000f557e538,0x00000000f5580000)
 Metaspace       used 59171K, committed 60096K, reserved 1105920K
  class space    used 5656K, committed 6144K, reserved 1048576K
}
Event: 606.779 GC heap before
{Heap before GC invocations=373 (full 284):
 PSYoungGen      total 61952K, used 45568K [0x00000000f5580000, 0x00000000fa400000, 0x0000000100000000)
  eden space 45568K, 100% used [0x00000000f5580000,0x00000000f8200000,0x00000000f8200000)
  from space 16384K, 0% used [0x00000000f8200000,0x00000000f8200000,0x00000000f9200000)
  to   space 15360K, 0% used [0x00000000f9300000,0x00000000f9300000,0x00000000fa200000)
 ParOldGen       total 349696K, used 349689K [0x00000000e0000000, 0x00000000f5580000, 0x00000000f5580000)
  object space 349696K, 99% used [0x00000000e0000000,0x00000000f557e538,0x00000000f5580000)
 Metaspace       used 59171K, committed 60096K, reserved 1105920K
  class space    used 5656K, committed 6144K, reserved 1048576K
}
Event: 608.224 GC heap after
{Heap after GC invocations=373 (full 284):
 PSYoungGen      total 60928K, used 45567K [0x00000000f5580000, 0x00000000fa400000, 0x0000000100000000)
  eden space 45568K, 99% used [0x00000000f5580000,0x00000000f81fffe0,0x00000000f8200000)
  from space 15360K, 0% used [0x00000000f9300000,0x00000000f9300000,0x00000000fa200000)
  to   space 16384K, 0% used [0x00000000f8200000,0x00000000f8200000,0x00000000f9200000)
 ParOldGen       total 349696K, used 349689K [0x00000000e0000000, 0x00000000f5580000, 0x00000000f5580000)
  object space 349696K, 99% used [0x00000000e0000000,0x00000000f557e538,0x00000000f5580000)
 Metaspace       used 59171K, committed 60096K, reserved 1105920K
  class space    used 5656K, committed 6144K, reserved 1048576K
}
Event: 608.227 GC heap before
{Heap before GC invocations=374 (full 285):
 PSYoungGen      total 60928K, used 45567K [0x00000000f5580000, 0x00000000fa400000, 0x0000000100000000)
  eden space 45568K, 99% used [0x00000000f5580000,0x00000000f81ffff8,0x00000000f8200000)
  from space 15360K, 0% used [0x00000000f9300000,0x00000000f9300000,0x00000000fa200000)
  to   space 16384K, 0% used [0x00000000f8200000,0x00000000f8200000,0x00000000f9200000)
 ParOldGen       total 349696K, used 349689K [0x00000000e0000000, 0x00000000f5580000, 0x00000000f5580000)
  object space 349696K, 99% used [0x00000000e0000000,0x00000000f557e538,0x00000000f5580000)
 Metaspace       used 59171K, committed 60096K, reserved 1105920K
  class space    used 5656K, committed 6144K, reserved 1048576K
}
Event: 609.661 GC heap after
{Heap after GC invocations=374 (full 285):
 PSYoungGen      total 61952K, used 45567K [0x00000000f5580000, 0x00000000fa400000, 0x0000000100000000)
  eden space 45568K, 99% used [0x00000000f5580000,0x00000000f81ffff8,0x00000000f8200000)
  from space 16384K, 0% used [0x00000000f8200000,0x00000000f8200000,0x00000000f9200000)
  to   space 15360K, 0% used [0x00000000f9300000,0x00000000f9300000,0x00000000fa200000)
 ParOldGen       total 349696K, used 349689K [0x00000000e0000000, 0x00000000f5580000, 0x00000000f5580000)
  object space 349696K, 99% used [0x00000000e0000000,0x00000000f557e538,0x00000000f5580000)
 Metaspace       used 59171K, committed 60096K, reserved 1105920K
  class space    used 5656K, committed 6144K, reserved 1048576K
}
Event: 609.662 GC heap before
{Heap before GC invocations=375 (full 286):
 PSYoungGen      total 61952K, used 45567K [0x00000000f5580000, 0x00000000fa400000, 0x0000000100000000)
  eden space 45568K, 99% used [0x00000000f5580000,0x00000000f81ffff8,0x00000000f8200000)
  from space 16384K, 0% used [0x00000000f8200000,0x00000000f8200000,0x00000000f9200000)
  to   space 15360K, 0% used [0x00000000f9300000,0x00000000f9300000,0x00000000fa200000)
 ParOldGen       total 349696K, used 349691K [0x00000000e0000000, 0x00000000f5580000, 0x00000000f5580000)
  object space 349696K, 99% used [0x00000000e0000000,0x00000000f557eee0,0x00000000f5580000)
 Metaspace       used 59171K, committed 60096K, reserved 1105920K
  class space    used 5656K, committed 6144K, reserved 1048576K
}
Event: 611.057 GC heap after
{Heap after GC invocations=375 (full 286):
 PSYoungGen      total 60928K, used 45567K [0x00000000f5580000, 0x00000000fa400000, 0x0000000100000000)
  eden space 45568K, 99% used [0x00000000f5580000,0x00000000f81ffd90,0x00000000f8200000)
  from space 15360K, 0% used [0x00000000f9300000,0x00000000f9300000,0x00000000fa200000)
  to   space 16384K, 0% used [0x00000000f8200000,0x00000000f8200000,0x00000000f9200000)
 ParOldGen       total 349696K, used 349691K [0x00000000e0000000, 0x00000000f5580000, 0x00000000f5580000)
  object space 349696K, 99% used [0x00000000e0000000,0x00000000f557eee0,0x00000000f5580000)
 Metaspace       used 59171K, committed 60096K, reserved 1105920K
  class space    used 5656K, committed 6144K, reserved 1048576K
}
Event: 611.058 GC heap before
{Heap before GC invocations=376 (full 287):
 PSYoungGen      total 60928K, used 45567K [0x00000000f5580000, 0x00000000fa400000, 0x0000000100000000)
  eden space 45568K, 99% used [0x00000000f5580000,0x00000000f81ffe10,0x00000000f8200000)
  from space 15360K, 0% used [0x00000000f9300000,0x00000000f9300000,0x00000000fa200000)
  to   space 16384K, 0% used [0x00000000f8200000,0x00000000f8200000,0x00000000f9200000)
 ParOldGen       total 349696K, used 349691K [0x00000000e0000000, 0x00000000f5580000, 0x00000000f5580000)
  object space 349696K, 99% used [0x00000000e0000000,0x00000000f557eee0,0x00000000f5580000)
 Metaspace       used 59171K, committed 60096K, reserved 1105920K
  class space    used 5656K, committed 6144K, reserved 1048576K
}
Event: 612.558 GC heap after
{Heap after GC invocations=376 (full 287):
 PSYoungGen      total 61952K, used 45567K [0x00000000f5580000, 0x00000000fa400000, 0x0000000100000000)
  eden space 45568K, 99% used [0x00000000f5580000,0x00000000f81ffe10,0x00000000f8200000)
  from space 16384K, 0% used [0x00000000f8200000,0x00000000f8200000,0x00000000f9200000)
  to   space 15360K, 0% used [0x00000000f9300000,0x00000000f9300000,0x00000000fa200000)
 ParOldGen       total 349696K, used 349691K [0x00000000e0000000, 0x00000000f5580000, 0x00000000f5580000)
  object space 349696K, 99% used [0x00000000e0000000,0x00000000f557eeb0,0x00000000f5580000)
 Metaspace       used 59171K, committed 60096K, reserved 1105920K
  class space    used 5656K, committed 6144K, reserved 1048576K
}
Event: 612.558 GC heap before
{Heap before GC invocations=377 (full 288):
 PSYoungGen      total 61952K, used 45567K [0x00000000f5580000, 0x00000000fa400000, 0x0000000100000000)
  eden space 45568K, 99% used [0x00000000f5580000,0x00000000f81ffff8,0x00000000f8200000)
  from space 16384K, 0% used [0x00000000f8200000,0x00000000f8200000,0x00000000f9200000)
  to   space 15360K, 0% used [0x00000000f9300000,0x00000000f9300000,0x00000000fa200000)
 ParOldGen       total 349696K, used 349694K [0x00000000e0000000, 0x00000000f5580000, 0x00000000f5580000)
  object space 349696K, 99% used [0x00000000e0000000,0x00000000f557f8a8,0x00000000f5580000)
 Metaspace       used 59171K, committed 60096K, reserved 1105920K
  class space    used 5656K, committed 6144K, reserved 1048576K
}
Event: 614.088 GC heap after
{Heap after GC invocations=377 (full 288):
 PSYoungGen      total 60928K, used 45567K [0x00000000f5580000, 0x00000000fa400000, 0x0000000100000000)
  eden space 45568K, 99% used [0x00000000f5580000,0x00000000f81fff78,0x00000000f8200000)
  from space 15360K, 0% used [0x00000000f9300000,0x00000000f9300000,0x00000000fa200000)
  to   space 16384K, 0% used [0x00000000f8200000,0x00000000f8200000,0x00000000f9200000)
 ParOldGen       total 349696K, used 349693K [0x00000000e0000000, 0x00000000f5580000, 0x00000000f5580000)
  object space 349696K, 99% used [0x00000000e0000000,0x00000000f557f5a0,0x00000000f5580000)
 Metaspace       used 59171K, committed 60096K, reserved 1105920K
  class space    used 5656K, committed 6144K, reserved 1048576K
}
Event: 614.088 GC heap before
{Heap before GC invocations=378 (full 289):
 PSYoungGen      total 60928K, used 45567K [0x00000000f5580000, 0x00000000fa400000, 0x0000000100000000)
  eden space 45568K, 99% used [0x00000000f5580000,0x00000000f81fff78,0x00000000f8200000)
  from space 15360K, 0% used [0x00000000f9300000,0x00000000f9300000,0x00000000fa200000)
  to   space 16384K, 0% used [0x00000000f8200000,0x00000000f8200000,0x00000000f9200000)
 ParOldGen       total 349696K, used 349693K [0x00000000e0000000, 0x00000000f5580000, 0x00000000f5580000)
  object space 349696K, 99% used [0x00000000e0000000,0x00000000f557f5a0,0x00000000f5580000)
 Metaspace       used 59171K, committed 60096K, reserved 1105920K
  class space    used 5656K, committed 6144K, reserved 1048576K
}
Event: 615.579 GC heap after
{Heap after GC invocations=378 (full 289):
 PSYoungGen      total 61952K, used 45567K [0x00000000f5580000, 0x00000000fa400000, 0x0000000100000000)
  eden space 45568K, 99% used [0x00000000f5580000,0x00000000f81fff78,0x00000000f8200000)
  from space 16384K, 0% used [0x00000000f8200000,0x00000000f8200000,0x00000000f9200000)
  to   space 15360K, 0% used [0x00000000f9300000,0x00000000f9300000,0x00000000fa200000)
 ParOldGen       total 349696K, used 349693K [0x00000000e0000000, 0x00000000f5580000, 0x00000000f5580000)
  object space 349696K, 99% used [0x00000000e0000000,0x00000000f557f5a0,0x00000000f5580000)
 Metaspace       used 59171K, committed 60096K, reserved 1105920K
  class space    used 5656K, committed 6144K, reserved 1048576K
}

Dll operation events (8 events):
Event: 0.002 Loaded shared library /nix/store/gpxl5qgg8kicmcvivwmybwjlpf7wh20l-graalvm17-ce-22.3.0/lib/libjava.so
Event: 0.009 Loaded shared library /nix/store/gpxl5qgg8kicmcvivwmybwjlpf7wh20l-graalvm17-ce-22.3.0/lib/libjsvml.so
Event: 0.186 Loaded shared library /nix/store/gpxl5qgg8kicmcvivwmybwjlpf7wh20l-graalvm17-ce-22.3.0/lib/libnio.so
Event: 0.191 Loaded shared library /nix/store/gpxl5qgg8kicmcvivwmybwjlpf7wh20l-graalvm17-ce-22.3.0/lib/libzip.so
Event: 0.200 Loaded shared library /nix/store/gpxl5qgg8kicmcvivwmybwjlpf7wh20l-graalvm17-ce-22.3.0/lib/libjvmcicompiler.so
Event: 0.548 Loaded shared library /nix/store/gpxl5qgg8kicmcvivwmybwjlpf7wh20l-graalvm17-ce-22.3.0/lib/libjimage.so
Event: 2.354 Loaded shared library /nix/store/gpxl5qgg8kicmcvivwmybwjlpf7wh20l-graalvm17-ce-22.3.0/lib/libnet.so
Event: 3.667 Loaded shared library /home/runner/.cache/jdt-language-server/config/org.eclipse.equinox.launcher/org.eclipse.equinox.launcher.gtk.linux.x86_64_1.2.400.v20211117-0650/eclipse_11600.so

Deoptimization events (20 events):
Event: 161.544 Thread 0x00007fa8101b7600 DEOPT PACKING pc=0x00007fa8972107eb sp=0x00007fa857ffda90
Event: 161.544 Thread 0x00007fa8101b7600 DEOPT UNPACKING pc=0x00007fa88f505325 sp=0x00007fa857ffcf60 mode 3
Event: 161.626 Thread 0x00007fa8101b7600 Uncommon trap: trap_request=0xffffffed fr.pc=0x00007fa896fd47c7 relative=0x0000000000000407
Event: 161.626 Thread 0x00007fa8101b7600 Uncommon trap: reason=null_assert_or_unreached0 action=reinterpret pc=0x00007fa896fd47c7 method=org.eclipse.jdt.internal.core.index.DiskIndex.readStreamChars(Ljava/io/InputStream;)[C @ 521 jvmci
Event: 161.626 Thread 0x00007fa8101b7600 DEOPT PACKING pc=0x00007fa896fd47c7 sp=0x00007fa857ffda40
Event: 161.626 Thread 0x00007fa8101b7600 DEOPT UNPACKING pc=0x00007fa88f505325 sp=0x00007fa857ffcec0 mode 3
Event: 161.626 Thread 0x00007fa8101b7600 Uncommon trap: trap_request=0xffffffcd fr.pc=0x00007fa8970fbef0 relative=0x0000000000000c50
Event: 161.626 Thread 0x00007fa8101b7600 Uncommon trap: reason=intrinsic_or_type_checked_inlining action=reinterpret pc=0x00007fa8970fbef0 method=org.eclipse.jdt.internal.compiler.util.SimpleLookupTable.put(Ljava/lang/Object;Ljava/lang/Object;)Ljava/lang/Object; @ 0 jvmci
Event: 161.626 Thread 0x00007fa8101b7600 DEOPT PACKING pc=0x00007fa8970fbef0 sp=0x00007fa857ffdba0
Event: 161.626 Thread 0x00007fa8101b7600 DEOPT UNPACKING pc=0x00007fa88f505325 sp=0x00007fa857ffd090 mode 3
Event: 163.774 Thread 0x00007fa8101b7cd0 DEOPT PACKING pc=0x00007fa89001bb48 sp=0x00007fa856dfdde0
Event: 163.774 Thread 0x00007fa8101b7cd0 DEOPT UNPACKING pc=0x00007fa88f505325 sp=0x00007fa856dfd2a8 mode 0
Event: 167.263 Thread 0x00007fa8101b7cd0 DEOPT PACKING pc=0x00007fa89001bb48 sp=0x00007fa857bfdfb0
Event: 167.263 Thread 0x00007fa8101b7cd0 DEOPT UNPACKING pc=0x00007fa88f505325 sp=0x00007fa857bfd478 mode 0
Event: 190.676 Thread 0x00007fa8101b7b80 DEOPT PACKING pc=0x00007fa8906ee418 sp=0x00007fa85d7fda40
Event: 190.676 Thread 0x00007fa8101b7b80 DEOPT UNPACKING pc=0x00007fa88f505325 sp=0x00007fa85d7fcf48 mode 0
Event: 493.024 Thread 0x00007fa8101ba070 Uncommon trap: trap_request=0xffffffed fr.pc=0x00007fa897090af1 relative=0x0000000000000151
Event: 493.024 Thread 0x00007fa8101ba070 Uncommon trap: reason=null_assert_or_unreached0 action=reinterpret pc=0x00007fa897090af1 method=java.lang.Class.reflectionData()Ljava/lang/Class$ReflectionData; @ 9 jvmci
Event: 493.024 Thread 0x00007fa8101ba070 DEOPT PACKING pc=0x00007fa897090af1 sp=0x00007fa856dfd890
Event: 493.024 Thread 0x00007fa8101ba070 DEOPT UNPACKING pc=0x00007fa88f505325 sp=0x00007fa856dfcd10 mode 3

Classes unloaded (20 events):
Event: 150.933 Thread 0x00007fa8a80a1c10 Unloading class 0x0000000800cb1400 'java/lang/invoke/LambdaForm$MH+0x0000000800cb1400'
Event: 150.933 Thread 0x00007fa8a80a1c10 Unloading class 0x0000000800cb1000 'java/lang/invoke/LambdaForm$MH+0x0000000800cb1000'
Event: 150.933 Thread 0x00007fa8a80a1c10 Unloading class 0x0000000800cb0c00 'java/lang/invoke/LambdaForm$MH+0x0000000800cb0c00'
Event: 150.933 Thread 0x00007fa8a80a1c10 Unloading class 0x0000000800cb0400 'java/lang/invoke/LambdaForm$MH+0x0000000800cb0400'
Event: 150.933 Thread 0x00007fa8a80a1c10 Unloading class 0x0000000800c85000 'jdk/internal/reflect/GeneratedMethodAccessor5'
Event: 150.933 Thread 0x00007fa8a80a1c10 Unloading class 0x0000000800c84c00 'jdk/internal/reflect/GeneratedMethodAccessor4'
Event: 150.933 Thread 0x00007fa8a80a1c10 Unloading class 0x0000000800c84800 'jdk/internal/reflect/GeneratedMethodAccessor3'
Event: 150.933 Thread 0x00007fa8a80a1c10 Unloading class 0x0000000800c84400 'jdk/internal/reflect/GeneratedMethodAccessor2'
Event: 150.933 Thread 0x00007fa8a80a1c10 Unloading class 0x0000000800c84000 'jdk/internal/reflect/GeneratedMethodAccessor1'
Event: 150.933 Thread 0x00007fa8a80a1c10 Unloading class 0x0000000800c01c00 'java/lang/invoke/LambdaForm$DMH+0x0000000800c01c00'
Event: 155.067 Thread 0x00007fa8a80a1c10 Unloading class 0x0000000801098400 'jdk/internal/reflect/GeneratedMethodAccessor12'
Event: 155.067 Thread 0x00007fa8a80a1c10 Unloading class 0x0000000801098000 'jdk/internal/reflect/GeneratedMethodAccessor11'
Event: 155.067 Thread 0x00007fa8a80a1c10 Unloading class 0x0000000801088000 'jdk/internal/reflect/GeneratedMethodAccessor9'
Event: 160.751 Thread 0x00007fa8a80a1c10 Unloading class 0x0000000801138000 'jdk/internal/reflect/GeneratedMethodAccessor14'
Event: 160.751 Thread 0x00007fa8a80a1c10 Unloading class 0x0000000801088400 'jdk/internal/reflect/GeneratedMethodAccessor10'
Event: 160.751 Thread 0x00007fa8a80a1c10 Unloading class 0x0000000800e08c00 'jdk/internal/reflect/GeneratedMethodAccessor8'
Event: 168.577 Thread 0x00007fa8a80a1c10 Unloading class 0x0000000800e05c00 'jdk/internal/reflect/GeneratedMethodAccessor7'
Event: 172.244 Thread 0x00007fa8a80a1c10 Unloading class 0x000000080117c800 'jdk/internal/reflect/GeneratedConstructorAccessor30'
Event: 236.247 Thread 0x00007fa8a80a1c10 Unloading class 0x000000080116c000 'jdk/internal/reflect/GeneratedConstructorAccessor29'
Event: 339.795 Thread 0x00007fa8a80a1c10 Unloading class 0x0000000800ff0800 'jdk/internal/reflect/GeneratedConstructorAccessor14'

Classes redefined (0 events):
No events

Internal exceptions (20 events):
Event: 31.169 Thread 0x00007fa810208370 Exception <a 'java/lang/ClassCastException'{0x00000000f68e34a8}: class org.eclipse.jdt.internal.compiler.lookup.BinaryTypeBinding cannot be cast to class org.eclipse.jdt.internal.compiler.lookup.SourceTypeBinding (org.eclipse.jdt.internal.compiler.lookup.BinaryTypeBinding and org.eclipse.jdt.internal.compiler.lookup.SourceTypeBinding are in unnamed module of loader org.eclipse.osgi.internal.loader.EquinoxClassLoader @58fbdb65)> (0x00000000f68e34a8) 
thrown [src/hotspot/share/interpreter/interpreterRuntime.
Event: 31.169 Thread 0x00007fa810208370 Exception <a 'java/lang/ClassCastException'{0x00000000f68e3910}: class org.eclipse.jdt.internal.compiler.lookup.BinaryTypeBinding cannot be cast to class org.eclipse.jdt.internal.compiler.lookup.SourceTypeBinding (org.eclipse.jdt.internal.compiler.lookup.BinaryTypeBinding and org.eclipse.jdt.internal.compiler.lookup.SourceTypeBinding are in unnamed module of loader org.eclipse.osgi.internal.loader.EquinoxClassLoader @58fbdb65)> (0x00000000f68e3910) 
thrown [src/hotspot/share/interpreter/interpreterRuntime.
Event: 31.169 Thread 0x00007fa810208370 Exception <a 'java/lang/ClassCastException'{0x00000000f68e3d78}: class org.eclipse.jdt.internal.compiler.lookup.BinaryTypeBinding cannot be cast to class org.eclipse.jdt.internal.compiler.lookup.SourceTypeBinding (org.eclipse.jdt.internal.compiler.lookup.BinaryTypeBinding and org.eclipse.jdt.internal.compiler.lookup.SourceTypeBinding are in unnamed module of loader org.eclipse.osgi.internal.loader.EquinoxClassLoader @58fbdb65)> (0x00000000f68e3d78) 
thrown [src/hotspot/share/interpreter/interpreterRuntime.
Event: 31.169 Thread 0x00007fa810208370 Exception <a 'java/lang/ClassCastException'{0x00000000f68e41e0}: class org.eclipse.jdt.internal.compiler.lookup.BinaryTypeBinding cannot be cast to class org.eclipse.jdt.internal.compiler.lookup.SourceTypeBinding (org.eclipse.jdt.internal.compiler.lookup.BinaryTypeBinding and org.eclipse.jdt.internal.compiler.lookup.SourceTypeBinding are in unnamed module of loader org.eclipse.osgi.internal.loader.EquinoxClassLoader @58fbdb65)> (0x00000000f68e41e0) 
thrown [src/hotspot/share/interpreter/interpreterRuntime.
Event: 31.169 Thread 0x00007fa810208370 Exception <a 'java/lang/ClassCastException'{0x00000000f68e4648}: class org.eclipse.jdt.internal.compiler.lookup.BinaryTypeBinding cannot be cast to class org.eclipse.jdt.internal.compiler.lookup.SourceTypeBinding (org.eclipse.jdt.internal.compiler.lookup.BinaryTypeBinding and org.eclipse.jdt.internal.compiler.lookup.SourceTypeBinding are in unnamed module of loader org.eclipse.osgi.internal.loader.EquinoxClassLoader @58fbdb65)> (0x00000000f68e4648) 
thrown [src/hotspot/share/interpreter/interpreterRuntime.
Event: 33.499 Thread 0x00007fa810214a90 Exception <a 'java/io/FileNotFoundException'{0x00000000f658c7d8}> (0x00000000f658c7d8) 
thrown [src/hotspot/share/prims/jni.cpp, line 516]
Event: 35.331 Thread 0x00007fa810214a90 Exception <a 'java/lang/NoSuchMethodError'{0x00000000f5865368}: 'void java.lang.invoke.DirectMethodHandle$Holder.invokeSpecial(java.lang.Object, java.lang.Object, int)'> (0x00000000f5865368) 
thrown [src/hotspot/share/interpreter/linkResolver.cpp, line 758]
Event: 37.533 Thread 0x00007fa810214a90 Exception <a 'java/lang/NoSuchMethodError'{0x00000000f6221768}: 'java.lang.Object java.lang.invoke.DirectMethodHandle$Holder.newInvokeSpecial(java.lang.Object, java.lang.Object, int, java.lang.Object, java.lang.Object, java.lang.Object, java.lang.Object)'> (0x00000000f6221768) 
thrown [src/hotspot/share/interpreter/linkResolver.cpp, line 758]
Event: 37.637 Thread 0x00007fa810214a90 Exception <a 'java/lang/NoSuchMethodError'{0x00000000f62ff408}: 'int java.lang.invoke.DirectMethodHandle$Holder.invokeSpecial(java.lang.Object, java.lang.Object, java.lang.Object)'> (0x00000000f62ff408) 
thrown [src/hotspot/share/interpreter/linkResolver.cpp, line 758]
Event: 39.643 Thread 0x00007fa810214a90 Exception <a 'java/lang/NoSuchMethodError'{0x00000000f5eca608}: 'java.lang.Object java.lang.invoke.DirectMethodHandle$Holder.invokeStatic(java.lang.Object, int, java.lang.Object, java.lang.Object, java.lang.Object, java.lang.Object)'> (0x00000000f5eca608) 
thrown [src/hotspot/share/interpreter/linkResolver.cpp, line 758]
Event: 39.643 Thread 0x00007fa810214a90 Exception <a 'java/lang/NoSuchMethodError'{0x00000000f5ed2830}: 'java.lang.Object java.lang.invoke.DirectMethodHandle$Holder.newInvokeSpecial(java.lang.Object, int, java.lang.Object, java.lang.Object, java.lang.Object)'> (0x00000000f5ed2830) 
thrown [src/hotspot/share/interpreter/linkResolver.cpp, line 758]
Event: 39.731 Thread 0x00007fa810214a90 Implicit null exception at 0x00007fa897182ab0 to 0x00007fa897182e4c
Event: 40.513 Thread 0x00007fa810214a90 Exception <a 'java/lang/NoSuchMethodError'{0x00000000f62b7e80}: 'int java.lang.invoke.DirectMethodHandle$Holder.invokeSpecialIFC(java.lang.Object, java.lang.Object, java.lang.Object, java.lang.Object)'> (0x00000000f62b7e80) 
thrown [src/hotspot/share/interpreter/linkResolver.cpp, line 758]
Event: 108.967 Thread 0x00007fa810214a90 Implicit null exception at 0x00007fa897192a53 to 0x00007fa8971930ef
Event: 109.030 Thread 0x00007fa810214a90 Exception <a 'java/io/FileNotFoundException'{0x00000000f608db40}> (0x00000000f608db40) 
thrown [src/hotspot/share/prims/jni.cpp, line 516]
Event: 110.730 Thread 0x00007fa83c6204e0 Implicit null exception at 0x00007fa8970c03b0 to 0x00007fa8970c0457
Event: 128.260 Thread 0x00007fa83c6204e0 Implicit null exception at 0x00007fa89722d895 to 0x00007fa89722df7e
Event: 493.024 Thread 0x00007fa8101ba070 Implicit null exception at 0x00007fa897090a27 to 0x00007fa897090ad6
Event: 576.372 Thread 0x00007fa8a83f5ea0 Exception <a 'java/lang/OutOfMemoryError'{0x00000000e00c4fb8}> (0x00000000e00c4fb8) 
thrown [src/hotspot/share/gc/shared/memAllocator.cpp, line 136]
Event: 615.579 Thread 0x00007fa8a80b21e0 Exception <a 'java/lang/OutOfMemoryError'{0x00000000e00c5288}> (0x00000000e00c5288) 
thrown [src/hotspot/share/gc/shared/memAllocator.cpp, line 136]

VM Operations (20 events):
Event: 599.366 Executing VM operation: ParallelGCFailedAllocation
Event: 600.963 Executing VM operation: ParallelGCFailedAllocation done
Event: 600.963 Executing VM operation: ParallelGCFailedAllocation
Event: 602.549 Executing VM operation: ParallelGCFailedAllocation done
Event: 602.549 Executing VM operation: ParallelGCFailedAllocation
Event: 603.940 Executing VM operation: ParallelGCFailedAllocation done
Event: 603.940 Executing VM operation: ParallelGCFailedAllocation
Event: 605.367 Executing VM operation: ParallelGCFailedAllocation done
Event: 605.371 Executing VM operation: ParallelGCFailedAllocation
Event: 606.779 Executing VM operation: ParallelGCFailedAllocation done
Event: 606.779 Executing VM operation: ParallelGCFailedAllocation
Event: 608.224 Executing VM operation: ParallelGCFailedAllocation done
Event: 608.224 Executing VM operation: ParallelGCFailedAllocation
Event: 609.661 Executing VM operation: ParallelGCFailedAllocation done
Event: 609.662 Executing VM operation: ParallelGCFailedAllocation
Event: 611.057 Executing VM operation: ParallelGCFailedAllocation done
Event: 611.057 Executing VM operation: ParallelGCFailedAllocation
Event: 612.558 Executing VM operation: ParallelGCFailedAllocation done
Event: 612.558 Executing VM operation: ParallelGCFailedAllocation
Event: 615.579 Executing VM operation: ParallelGCFailedAllocation done

Events (20 events):
Event: 393.843 Thread 0x00007fa8a80b4b40 flushing nmethod 0x00007fa89086ac10
Event: 393.843 Thread 0x00007fa8a80b4b40 flushing nmethod 0x00007fa89086db90
Event: 393.843 Thread 0x00007fa8a80b4b40 flushing nmethod 0x00007fa89086ee90
Event: 393.843 Thread 0x00007fa8a80b4b40 flushing nmethod 0x00007fa890891510
Event: 393.843 Thread 0x00007fa8a80b4b40 flushing nmethod 0x00007fa89089ac90
Event: 396.836 Thread 0x00007fa8a80b4b40 flushing nmethod 0x00007fa890a0ba90
Event: 396.836 Thread 0x00007fa8a80b4b40 flushing nmethod 0x00007fa890a0fb10
Event: 396.836 Thread 0x00007fa8a80b4b40 flushing nmethod 0x00007fa890a35510
Event: 396.836 Thread 0x00007fa8a80b4b40 flushing nmethod 0x00007fa890a3a210
Event: 396.836 Thread 0x00007fa8a80b4b40 flushing nmethod 0x00007fa890a4f610
Event: 396.836 Thread 0x00007fa8a80b4b40 flushing nmethod 0x00007fa890a4fe90
Event: 396.836 Thread 0x00007fa8a80b4b40 flushing nmethod 0x00007fa890a50910
Event: 396.836 Thread 0x00007fa8a80b4b40 flushing nmethod 0x00007fa890a55110
Event: 396.836 Thread 0x00007fa8a80b4b40 flushing nmethod 0x00007fa890a55a90
Event: 396.836 Thread 0x00007fa8a80b4b40 flushing nmethod 0x00007fa890a56810
Event: 396.836 Thread 0x00007fa8a80b4b40 flushing nmethod 0x00007fa890a57010
Event: 396.836 Thread 0x00007fa8a80b4b40 flushing nmethod 0x00007fa890a57690
Event: 396.836 Thread 0x00007fa8a80b4b40 flushing nmethod 0x00007fa890a57a90
Event: 396.836 Thread 0x00007fa8a80b4b40 flushing nmethod 0x00007fa890a59910
Event: 396.836 Thread 0x00007fa8a80b4b40 flushing nmethod 0x00007fa890a60d90


Dynamic libraries:
e0000000-f5580000 rw-p 00000000 00:00 0 
f5580000-fa400000 rw-p 00000000 00:00 0 
fa400000-100000000 ---p 00000000 00:00 0 
800000000-800449000 rw-p 00001000 00:13eb 4611686019135357769            /nix/store/gpxl5qgg8kicmcvivwmybwjlpf7wh20l-graalvm17-ce-22.3.0/lib/server/classes.jsa
800449000-800bc8000 r--p 0044a000 00:13eb 4611686019135357769            /nix/store/gpxl5qgg8kicmcvivwmybwjlpf7wh20l-graalvm17-ce-22.3.0/lib/server/classes.jsa
800bc8000-800c00000 ---p 00000000 00:00 0 
800c00000-800c20000 rw-p 00000000 00:00 0 
800c20000-800c40000 rw-p 00000000 00:00 0 
800c40000-800cc0000 rw-p 00000000 00:00 0 
800cc0000-800d00000 rw-p 00000000 00:00 0 
800d00000-800dc0000 rw-p 00000000 00:00 0 
800dc0000-800e00000 rw-p 00000000 00:00 0 
800e00000-8011c0000 rw-p 00000000 00:00 0 
8011c0000-8011d0000 rw-p 00000000 00:00 0 
8011d0000-801200000 ---p 00000000 00:00 0 
801200000-801230000 rw-p 00000000 00:00 0 
801230000-840c00000 ---p 00000000 00:00 0 
55f1288ab000-55f1288ac000 r-xp 00000000 00:13eb 4611686019099417844      /nix/store/gpxl5qgg8kicmcvivwmybwjlpf7wh20l-graalvm17-ce-22.3.0/bin/.java-wrapped
55f1288ad000-55f1288ae000 r--p 00001000 00:13eb 4611686019099417844      /nix/store/gpxl5qgg8kicmcvivwmybwjlpf7wh20l-graalvm17-ce-22.3.0/bin/.java-wrapped
55f1288ae000-55f1288af000 rw-p 00002000 00:13eb 4611686019099417844      /nix/store/gpxl5qgg8kicmcvivwmybwjlpf7wh20l-graalvm17-ce-22.3.0/bin/.java-wrapped
55f1288af000-55f1288b0000 rw-p 00004000 00:13eb 4611686019099417844      /nix/store/gpxl5qgg8kicmcvivwmybwjlpf7wh20l-graalvm17-ce-22.3.0/bin/.java-wrapped
55f1288b0000-55f1288b1000 rw-p 00005000 00:13eb 4611686019099417844      /nix/store/gpxl5qgg8kicmcvivwmybwjlpf7wh20l-graalvm17-ce-22.3.0/bin/.java-wrapped
55f129e90000-55f129ed8000 rw-p 00000000 00:00 0                          [heap]
7fa7f0000000-7fa7f0021000 rw-p 00000000 00:00 0 
7fa7f0021000-7fa7f4000000 ---p 00000000 00:00 0 
7fa7f4000000-7fa7f4021000 rw-p 00000000 00:00 0 
7fa7f4021000-7fa7f8000000 ---p 00000000 00:00 0 
7fa7f8000000-7fa7f8021000 rw-p 00000000 00:00 0 
7fa7f8021000-7fa7fc000000 ---p 00000000 00:00 0 
7fa7fe400000-7fa7fe5a0000 rw-p 00000000 00:00 0 
7fa7fe5a0000-7fa7fe970000 rw-p 00000000 00:00 0 
7fa7fe970000-7fa7fec00000 ---p 00000000 00:00 0 
7fa800000000-7fa8001c6000 rw-p 00000000 00:00 0 
7fa8001c6000-7fa804000000 ---p 00000000 00:00 0 
7fa8064b3000-7fa810000000 r--s 00000000 00:13eb 4611686019135192581      /nix/store/gpxl5qgg8kicmcvivwmybwjlpf7wh20l-graalvm17-ce-22.3.0/lib/modules
7fa810000000-7fa810229000 rw-p 00000000 00:00 0 
7fa810229000-7fa814000000 ---p 00000000 00:00 0 
7fa814000000-7fa814021000 rw-p 00000000 00:00 0 
7fa814021000-7fa818000000 ---p 00000000 00:00 0 
7fa818000000-7fa818021000 rw-p 00000000 00:00 0 
7fa818021000-7fa81c000000 ---p 00000000 00:00 0 
7fa81c000000-7fa81c021000 rw-p 00000000 00:00 0 
7fa81c021000-7fa820000000 ---p 00000000 00:00 0 
7fa820000000-7fa82003c000 rw-p 00000000 00:00 0 
7fa82003c000-7fa824000000 ---p 00000000 00:00 0 
7fa824000000-7fa824025000 rw-p 00000000 00:00 0 
7fa824025000-7fa828000000 ---p 00000000 00:00 0 
7fa828000000-7fa828366000 rw-p 00000000 00:00 0 
7fa828366000-7fa82c000000 ---p 00000000 00:00 0 
7fa82c000000-7fa82c47a000 rw-p 00000000 00:00 0 
7fa82c47a000-7fa830000000 ---p 00000000 00:00 0 
7fa830000000-7fa830041000 rw-p 00000000 00:00 0 
7fa830041000-7fa834000000 ---p 00000000 00:00 0 
7fa834000000-7fa834021000 rw-p 00000000 00:00 0 
7fa834021000-7fa838000000 ---p 00000000 00:00 0 
7fa838000000-7fa838021000 rw-p 00000000 00:00 0 
7fa838021000-7fa83c000000 ---p 00000000 00:00 0 
7fa83c000000-7fa83c8d0000 rw-p 00000000 00:00 0 
7fa83c8d0000-7fa840000000 ---p 00000000 00:00 0 
7fa841400000-7fa841b00000 rw-p 00000000 00:00 0 
7fa841b00000-7fa841b40000 rw-p 00000000 00:00 0 
7fa841b40000-7fa841c00000 ---p 00000000 00:00 0 
7fa841c00000-7fa841e00000 rw-p 00000000 00:00 0 
7fa841e00000-7fa842000000 rw-p 00000000 00:00 0 
7fa842000000-7fa842400000 rw-p 00000000 00:00 0 
7fa842400000-7fa842c00000 rw-p 00000000 00:00 0 
7fa842c00000-7fa842d00000 rw-p 00000000 00:00 0 
7fa842d00000-7fa843100000 rw-p 00000000 00:00 0 
7fa843100000-7fa843200000 rw-p 00000000 00:00 0 
7fa843200000-7fa843400000 rw-p 00000000 00:00 0 
7fa843400000-7fa843500000 rw-p 00000000 00:00 0 
7fa843500000-7fa843600000 rw-p 00000000 00:00 0 
7fa843600000-7fa843b80000 rw-p 00000000 00:00 0 
7fa843b80000-7fa843c00000 rw-p 00000000 00:00 0 
7fa843c00000-7fa843c10000 r-xp 00000000 00:1387 353                      /home/runner/.cache/jdt-language-server/config/org.eclipse.equinox.launcher/org.eclipse.equinox.launcher.gtk.linux.x86_64_1.2.400.v20211117-0650/eclipse_11600.so
7fa843c10000-7fa843e0f000 ---p 00010000 00:1387 353                      /home/runner/.cache/jdt-language-server/config/org.eclipse.equinox.launcher/org.eclipse.equinox.launcher.gtk.linux.x86_64_1.2.400.v20211117-0650/eclipse_11600.so
7fa843e0f000-7fa843e10000 r--p 0000f000 00:1387 353                      /home/runner/.cache/jdt-language-server/config/org.eclipse.equinox.launcher/org.eclipse.equinox.launcher.gtk.linux.x86_64_1.2.400.v20211117-0650/eclipse_11600.so
7fa843e10000-7fa843e11000 rw-p 00010000 00:1387 353                      /home/runner/.cache/jdt-language-server/config/org.eclipse.equinox.launcher/org.eclipse.equinox.launcher.gtk.linux.x86_64_1.2.400.v20211117-0650/eclipse_11600.so
7fa844000000-7fa844021000 rw-p 00000000 00:00 0 
7fa844021000-7fa848000000 ---p 00000000 00:00 0 
7fa848000000-7fa848021000 rw-p 00000000 00:00 0 
7fa848021000-7fa84c000000 ---p 00000000 00:00 0 
7fa84c000000-7fa84c021000 rw-p 00000000 00:00 0 
7fa84c021000-7fa850000000 ---p 00000000 00:00 0 
7fa850000000-7fa850021000 rw-p 00000000 00:00 0 
7fa850021000-7fa854000000 ---p 00000000 00:00 0 
7fa855b00000-7fa855c00000 ---p 00000000 00:00 0 
7fa855c00000-7fa8561af000 r--p 01122000 00:13eb 4611686019135190040      /nix/store/gpxl5qgg8kicmcvivwmybwjlpf7wh20l-graalvm17-ce-22.3.0/lib/libjvmcicompiler.so
7fa8561af000-7fa856300000 r--p 00000000 00:00 0 
7fa856300000-7fa85633d000 rw-p 00000000 00:00 0 
7fa85633d000-7fa85685d000 rw-p 0185f000 00:13eb 4611686019135190040      /nix/store/gpxl5qgg8kicmcvivwmybwjlpf7wh20l-graalvm17-ce-22.3.0/lib/libjvmcicompiler.so
7fa85685d000-7fa856c44000 r--p 01d7f000 00:13eb 4611686019135190040      /nix/store/gpxl5qgg8kicmcvivwmybwjlpf7wh20l-graalvm17-ce-22.3.0/lib/libjvmcicompiler.so
7fa856d00000-7fa856d04000 ---p 00000000 00:00 0 
7fa856d04000-7fa856e00000 rw-p 00000000 00:00 0 
7fa856f00000-7fa856f04000 ---p 00000000 00:00 0 
7fa856f04000-7fa857000000 rw-p 00000000 00:00 0 
7fa857100000-7fa857104000 ---p 00000000 00:00 0 
7fa857104000-7fa857200000 rw-p 00000000 00:00 0 
7fa857300000-7fa857304000 ---p 00000000 00:00 0 
7fa857304000-7fa857400000 rw-p 00000000 00:00 0 
7fa857500000-7fa857504000 ---p 00000000 00:00 0 
7fa857504000-7fa857600000 rw-p 00000000 00:00 0 
7fa857700000-7fa857704000 ---p 00000000 00:00 0 
7fa857704000-7fa857800000 rw-p 00000000 00:00 0 
7fa857900000-7fa857904000 ---p 00000000 00:00 0 
7fa857904000-7fa857a00000 rw-p 00000000 00:00 0 
7fa857b00000-7fa857b04000 ---p 00000000 00:00 0 
7fa857b04000-7fa857c00000 rw-p 00000000 00:00 0 
7fa857d00000-7fa857d04000 ---p 00000000 00:00 0 
7fa857d04000-7fa857e00000 rw-p 00000000 00:00 0 
7fa857e00000-7fa857e04000 ---p 00000000 00:00 0 
7fa857e04000-7fa857f00000 rw-p 00000000 00:00 0 
7fa857f00000-7fa857f04000 ---p 00000000 00:00 0 
7fa857f04000-7fa858000000 rw-p 00000000 00:00 0 
7fa858000000-7fa858021000 rw-p 00000000 00:00 0 
7fa858021000-7fa85c000000 ---p 00000000 00:00 0 
7fa85c100000-7fa85c104000 ---p 00000000 00:00 0 
7fa85c104000-7fa85c200000 rw-p 00000000 00:00 0 
7fa85c300000-7fa85c304000 ---p 00000000 00:00 0 
7fa85c304000-7fa85c400000 rw-p 00000000 00:00 0 
7fa85c500000-7fa85c504000 ---p 00000000 00:00 0 
7fa85c504000-7fa85c600000 rw-p 00000000 00:00 0 
7fa85c700000-7fa85c704000 ---p 00000000 00:00 0 
7fa85c704000-7fa85c800000 rw-p 00000000 00:00 0 
7fa85cf68000-7fa85d400000 rw-p 00000000 00:00 0 
7fa85d500000-7fa85d504000 ---p 00000000 00:00 0 
7fa85d504000-7fa85d600000 rw-p 00000000 00:00 0 
7fa85d700000-7fa85d704000 ---p 00000000 00:00 0 
7fa85d704000-7fa85d800000 rw-p 00000000 00:00 0 
7fa85d800000-7fa85d804000 ---p 00000000 00:00 0 
7fa85d804000-7fa85d900000 rw-p 00000000 00:00 0 
7fa85d900000-7fa85d904000 ---p 00000000 00:00 0 
7fa85d904000-7fa85da00000 rw-p 00000000 00:00 0 
7fa85da00000-7fa85fb6a000 r-xp 00000000 00:13eb 4611686019135190040      /nix/store/gpxl5qgg8kicmcvivwmybwjlpf7wh20l-graalvm17-ce-22.3.0/lib/libjvmcicompiler.so
7fa85fb6a000-7fa85fd69000 ---p 0216a000 00:13eb 4611686019135190040      /nix/store/gpxl5qgg8kicmcvivwmybwjlpf7wh20l-graalvm17-ce-22.3.0/lib/libjvmcicompiler.so
7fa85fd69000-7fa85fd6a000 r--p 02169000 00:13eb 4611686019135190040      /nix/store/gpxl5qgg8kicmcvivwmybwjlpf7wh20l-graalvm17-ce-22.3.0/lib/libjvmcicompiler.so
7fa85fd6a000-7fa85fd6c000 rw-p 0216a000 00:13eb 4611686019135190040      /nix/store/gpxl5qgg8kicmcvivwmybwjlpf7wh20l-graalvm17-ce-22.3.0/lib/libjvmcicompiler.so
7fa85fd6c000-7fa85fd6d000 rw-p 00000000 00:00 0 
7fa85fd6d000-7fa85fd72000 rw-p 023c3000 00:13eb 4611686019135190040      /nix/store/gpxl5qgg8kicmcvivwmybwjlpf7wh20l-graalvm17-ce-22.3.0/lib/libjvmcicompiler.so
7fa85fddc000-7fa85fde0000 ---p 00000000 00:00 0 
7fa85fde0000-7fa85fdfe000 rw-p 00000000 00:00 0 
7fa85fdfe000-7fa85fdff000 ---p 00000000 00:00 0 
7fa85fdff000-7fa85ff00000 rw-p 00000000 00:00 0 
7fa85ff00000-7fa85ff04000 ---p 00000000 00:00 0 
7fa85ff04000-7fa860000000 rw-p 00000000 00:00 0 
7fa860000000-7fa860021000 rw-p 00000000 00:00 0 
7fa860021000-7fa864000000 ---p 00000000 00:00 0 
7fa864000000-7fa864021000 rw-p 00000000 00:00 0 
7fa864021000-7fa868000000 ---p 00000000 00:00 0 
7fa868000000-7fa8680e9000 rw-p 00000000 00:00 0 
7fa8680e9000-7fa86c000000 ---p 00000000 00:00 0 
7fa86c000000-7fa86ca7e000 rw-p 00000000 00:00 0 
7fa86ca7e000-7fa870000000 ---p 00000000 00:00 0 
7fa870000000-7fa870021000 rw-p 00000000 00:00 0 
7fa870021000-7fa874000000 ---p 00000000 00:00 0 
7fa874000000-7fa874021000 rw-p 00000000 00:00 0 
7fa874021000-7fa878000000 ---p 00000000 00:00 0 
7fa878000000-7fa878021000 rw-p 00000000 00:00 0 
7fa878021000-7fa87c000000 ---p 00000000 00:00 0 
7fa87c000000-7fa87c021000 rw-p 00000000 00:00 0 
7fa87c021000-7fa880000000 ---p 00000000 00:00 0 
7fa880000000-7fa880021000 rw-p 00000000 00:00 0 
7fa880021000-7fa884000000 ---p 00000000 00:00 0 
7fa884000000-7fa884021000 rw-p 00000000 00:00 0 
7fa884021000-7fa888000000 ---p 00000000 00:00 0 
7fa888000000-7fa88805a000 rw-p 00000000 00:00 0 
7fa88805a000-7fa88c000000 ---p 00000000 00:00 0 
7fa88c007000-7fa88c00e000 r-xp 00000000 00:13eb 4611686019135192580      /nix/store/gpxl5qgg8kicmcvivwmybwjlpf7wh20l-graalvm17-ce-22.3.0/lib/libzip.so
7fa88c00e000-7fa88c00f000 ---p 00007000 00:13eb 4611686019135192580      /nix/store/gpxl5qgg8kicmcvivwmybwjlpf7wh20l-graalvm17-ce-22.3.0/lib/libzip.so
7fa88c00f000-7fa88c010000 r--p 00007000 00:13eb 4611686019135192580      /nix/store/gpxl5qgg8kicmcvivwmybwjlpf7wh20l-graalvm17-ce-22.3.0/lib/libzip.so
7fa88c010000-7fa88c011000 rw-p 00008000 00:13eb 4611686019135192580      /nix/store/gpxl5qgg8kicmcvivwmybwjlpf7wh20l-graalvm17-ce-22.3.0/lib/libzip.so
7fa88c011000-7fa88c013000 rw-p 0000b000 00:13eb 4611686019135192580      /nix/store/gpxl5qgg8kicmcvivwmybwjlpf7wh20l-graalvm17-ce-22.3.0/lib/libzip.so
7fa88c013000-7fa88c028000 r-xp 00000000 00:13eb 4611686019135192570      /nix/store/gpxl5qgg8kicmcvivwmybwjlpf7wh20l-graalvm17-ce-22.3.0/lib/libnet.so
7fa88c028000-7fa88c029000 ---p 00015000 00:13eb 4611686019135192570      /nix/store/gpxl5qgg8kicmcvivwmybwjlpf7wh20l-graalvm17-ce-22.3.0/lib/libnet.so
7fa88c029000-7fa88c02a000 r--p 00015000 00:13eb 4611686019135192570      /nix/store/gpxl5qgg8kicmcvivwmybwjlpf7wh20l-graalvm17-ce-22.3.0/lib/libnet.so
7fa88c02a000-7fa88c02b000 rw-p 00016000 00:13eb 4611686019135192570      /nix/store/gpxl5qgg8kicmcvivwmybwjlpf7wh20l-graalvm17-ce-22.3.0/lib/libnet.so
7fa88c02b000-7fa88c02e000 rw-p 0001b000 00:13eb 4611686019135192570      /nix/store/gpxl5qgg8kicmcvivwmybwjlpf7wh20l-graalvm17-ce-22.3.0/lib/libnet.so
7fa88c02e000-7fa88c041000 r-xp 00000000 00:13eb 4611686019135192571      /nix/store/gpxl5qgg8kicmcvivwmybwjlpf7wh20l-graalvm17-ce-22.3.0/lib/libnio.so
7fa88c041000-7fa88c042000 r--p 00012000 00:13eb 4611686019135192571      /nix/store/gpxl5qgg8kicmcvivwmybwjlpf7wh20l-graalvm17-ce-22.3.0/lib/libnio.so
7fa88c042000-7fa88c043000 rw-p 00013000 00:13eb 4611686019135192571      /nix/store/gpxl5qgg8kicmcvivwmybwjlpf7wh20l-graalvm17-ce-22.3.0/lib/libnio.so
7fa88c043000-7fa88c048000 rw-p 00019000 00:13eb 4611686019135192571      /nix/store/gpxl5qgg8kicmcvivwmybwjlpf7wh20l-graalvm17-ce-22.3.0/lib/libnio.so
7fa88c048000-7fa88c04c000 ---p 00000000 00:00 0 
7fa88c04c000-7fa88c148000 rw-p 00000000 00:00 0 
7fa88c148000-7fa88c14c000 ---p 00000000 00:00 0 
7fa88c14c000-7fa88c248000 rw-p 00000000 00:00 0 
7fa88c248000-7fa88c24c000 ---p 00000000 00:00 0 
7fa88c24c000-7fa88c448000 rw-p 00000000 00:00 0 
7fa88c448000-7fa88c44c000 ---p 00000000 00:00 0 
7fa88c44c000-7fa88c648000 rw-p 00000000 00:00 0 
7fa88c648000-7fa88c64c000 ---p 00000000 00:00 0 
7fa88c64c000-7fa88c748000 rw-p 00000000 00:00 0 
7fa88c748000-7fa88c74c000 ---p 00000000 00:00 0 
7fa88c74c000-7fa88c848000 rw-p 00000000 00:00 0 
7fa88c848000-7fa88c84c000 ---p 00000000 00:00 0 
7fa88c84c000-7fa88c948000 rw-p 00000000 00:00 0 
7fa88c948000-7fa88cc2e000 r--p 00000000 00:101b 28444448                 /usr/lib/locale/locale-archive
7fa88cc2e000-7fa88cc32000 ---p 00000000 00:00 0 
7fa88cc32000-7fa88cd2e000 rw-p 00000000 00:00 0 
7fa88cd2e000-7fa88cd32000 ---p 00000000 00:00 0 
7fa88cd32000-7fa88ce2e000 rw-p 00000000 00:00 0 
7fa88ce2e000-7fa88ce2f000 ---p 00000000 00:00 0 
7fa88ce2f000-7fa88cf30000 rw-p 00000000 00:00 0 
7fa88cf30000-7fa88cffe000 r-xp 00000000 00:13eb 4611686019135190036      /nix/store/gpxl5qgg8kicmcvivwmybwjlpf7wh20l-graalvm17-ce-22.3.0/lib/libjsvml.so
7fa88cffe000-7fa88cfff000 r--p 000cd000 00:13eb 4611686019135190036      /nix/store/gpxl5qgg8kicmcvivwmybwjlpf7wh20l-graalvm17-ce-22.3.0/lib/libjsvml.so
7fa88cfff000-7fa88d000000 rw-p 000ce000 00:13eb 4611686019135190036      /nix/store/gpxl5qgg8kicmcvivwmybwjlpf7wh20l-graalvm17-ce-22.3.0/lib/libjsvml.so
7fa88d000000-7fa88d400000 rw-p 00000000 00:00 0 
7fa88d400000-7fa88d6c0000 rw-p 00000000 00:00 0 
7fa88d6c0000-7fa88d700000 rw-p 00000000 00:00 0 
7fa88d700000-7fa88d800000 rw-p 00000000 00:00 0 
7fa88d802000-7fa88f0da000 rw-p 00000000 00:00 0 
7fa88f0da000-7fa88f0db000 ---p 00000000 00:00 0 
7fa88f0db000-7fa88f286000 rw-p 00000000 00:00 0 
7fa88f286000-7fa88f2ae000 rw-p 00000000 00:00 0 
7fa88f2ae000-7fa88f2dc000 ---p 00000000 00:00 0 
7fa88f2dc000-7fa88f2e4000 rw-p 00000000 00:00 0 
7fa88f2e4000-7fa88f3c8000 ---p 00000000 00:00 0 
7fa88f3c8000-7fa88f3ea000 rw-p 00000000 00:00 0 
7fa88f3ea000-7fa88f4b3000 ---p 00000000 00:00 0 
7fa88f4b3000-7fa88f723000 rwxp 00000000 00:00 0 
7fa88f723000-7fa88fa42000 ---p 00000000 00:00 0 
7fa88fa42000-7fa890ae2000 rwxp 00000000 00:00 0 
7fa890ae2000-7fa896f7a000 ---p 00000000 00:00 0 
7fa896f7a000-7fa8972aa000 rwxp 00000000 00:00 0 
7fa8972aa000-7fa89e4b3000 ---p 00000000 00:00 0 
7fa89e4b3000-7fa8a8000000 r--s 00000000 00:13eb 4611686019135192581      /nix/store/gpxl5qgg8kicmcvivwmybwjlpf7wh20l-graalvm17-ce-22.3.0/lib/modules
7fa8a8000000-7fa8a83fe000 rw-p 00000000 00:00 0 
7fa8a83fe000-7fa8ac000000 ---p 00000000 00:00 0 
7fa8ac003000-7fa8ac008000 rw-p 00000000 00:00 0 
7fa8ac008000-7fa8ac00f000 ---p 00000000 00:00 0 
7fa8ac00f000-7fa8ac033000 r-xp 00000000 00:13eb 4611686019135190028      /nix/store/gpxl5qgg8kicmcvivwmybwjlpf7wh20l-graalvm17-ce-22.3.0/lib/libjava.so
7fa8ac033000-7fa8ac034000 ---p 00024000 00:13eb 4611686019135190028      /nix/store/gpxl5qgg8kicmcvivwmybwjlpf7wh20l-graalvm17-ce-22.3.0/lib/libjava.so
7fa8ac034000-7fa8ac035000 r--p 00024000 00:13eb 4611686019135190028      /nix/store/gpxl5qgg8kicmcvivwmybwjlpf7wh20l-graalvm17-ce-22.3.0/lib/libjava.so
7fa8ac035000-7fa8ac036000 rw-p 00025000 00:13eb 4611686019135190028      /nix/store/gpxl5qgg8kicmcvivwmybwjlpf7wh20l-graalvm17-ce-22.3.0/lib/libjava.so
7fa8ac036000-7fa8ac037000 rw-p 00000000 00:00 0 
7fa8ac037000-7fa8ac03e000 rw-p 0002f000 00:13eb 4611686019135190028      /nix/store/gpxl5qgg8kicmcvivwmybwjlpf7wh20l-graalvm17-ce-22.3.0/lib/libjava.so
7fa8ac03e000-7fa8ac046000 rw-s 00000000 00:be5 671                       /tmp/hsperfdata_runner/6851
7fa8ac046000-7fa8ac047000 ---p 00000000 00:00 0 
7fa8ac047000-7fa8ac048000 r--p 00000000 00:00 0 
7fa8ac048000-7fa8ac049000 rwxp 00000000 00:00 0 
7fa8ac049000-7fa8ac064000 r-xp 00000000 00:13eb 4611686019135190032      /nix/store/gpxl5qgg8kicmcvivwmybwjlpf7wh20l-graalvm17-ce-22.3.0/lib/libjimage.so
7fa8ac064000-7fa8ac065000 ---p 0001b000 00:13eb 4611686019135190032      /nix/store/gpxl5qgg8kicmcvivwmybwjlpf7wh20l-graalvm17-ce-22.3.0/lib/libjimage.so
7fa8ac065000-7fa8ac067000 r--p 0001b000 00:13eb 4611686019135190032      /nix/store/gpxl5qgg8kicmcvivwmybwjlpf7wh20l-graalvm17-ce-22.3.0/lib/libjimage.so
7fa8ac067000-7fa8ac068000 rw-p 0001d000 00:13eb 4611686019135190032      /nix/store/gpxl5qgg8kicmcvivwmybwjlpf7wh20l-graalvm17-ce-22.3.0/lib/libjimage.so
7fa8ac068000-7fa8ac069000 rw-p 00024000 00:13eb 4611686019135190032      /nix/store/gpxl5qgg8kicmcvivwmybwjlpf7wh20l-graalvm17-ce-22.3.0/lib/libjimage.so
7fa8ac069000-7fa8ac06d000 ---p 00000000 00:00 0 
7fa8ac06d000-7fa8ac169000 rw-p 00000000 00:00 0 
7fa8ac169000-7fa8ac177000 r--p 00000000 00:13eb 4611686019027979927      /nix/store/4nlgxhb09sdr51nc9hdm8az5b08vzkgx-glibc-2.35-163/lib/libm.so.6
7fa8ac177000-7fa8ac1ea000 r-xp 0000e000 00:13eb 4611686019027979927      /nix/store/4nlgxhb09sdr51nc9hdm8az5b08vzkgx-glibc-2.35-163/lib/libm.so.6
7fa8ac1ea000-7fa8ac247000 r--p 00081000 00:13eb 4611686019027979927      /nix/store/4nlgxhb09sdr51nc9hdm8az5b08vzkgx-glibc-2.35-163/lib/libm.so.6
7fa8ac247000-7fa8ac248000 r--p 000dd000 00:13eb 4611686019027979927      /nix/store/4nlgxhb09sdr51nc9hdm8az5b08vzkgx-glibc-2.35-163/lib/libm.so.6
7fa8ac248000-7fa8ac249000 rw-p 000de000 00:13eb 4611686019027979927      /nix/store/4nlgxhb09sdr51nc9hdm8az5b08vzkgx-glibc-2.35-163/lib/libm.so.6
7fa8ac249000-7fa8ac24a000 r--p 00000000 00:13eb 4611686019027979946      /nix/store/4nlgxhb09sdr51nc9hdm8az5b08vzkgx-glibc-2.35-163/lib/librt.so.1
7fa8ac24a000-7fa8ac24b000 r-xp 00001000 00:13eb 4611686019027979946      /nix/store/4nlgxhb09sdr51nc9hdm8az5b08vzkgx-glibc-2.35-163/lib/librt.so.1
7fa8ac24b000-7fa8ac24c000 r--p 00002000 00:13eb 4611686019027979946      /nix/store/4nlgxhb09sdr51nc9hdm8az5b08vzkgx-glibc-2.35-163/lib/librt.so.1
7fa8ac24c000-7fa8ac24d000 r--p 00002000 00:13eb 4611686019027979946      /nix/store/4nlgxhb09sdr51nc9hdm8az5b08vzkgx-glibc-2.35-163/lib/librt.so.1
7fa8ac24d000-7fa8ac24e000 rw-p 00003000 00:13eb 4611686019027979946      /nix/store/4nlgxhb09sdr51nc9hdm8az5b08vzkgx-glibc-2.35-163/lib/librt.so.1
7fa8ac24e000-7fa8ad361000 r-xp 00000000 00:13eb 4611686019135360866      /nix/store/gpxl5qgg8kicmcvivwmybwjlpf7wh20l-graalvm17-ce-22.3.0/lib/server/libjvm.so
7fa8ad361000-7fa8ad362000 ---p 01113000 00:13eb 4611686019135360866      /nix/store/gpxl5qgg8kicmcvivwmybwjlpf7wh20l-graalvm17-ce-22.3.0/lib/server/libjvm.so
7fa8ad362000-7fa8ad417000 r--p 01113000 00:13eb 4611686019135360866      /nix/store/gpxl5qgg8kicmcvivwmybwjlpf7wh20l-graalvm17-ce-22.3.0/lib/server/libjvm.so
7fa8ad417000-7fa8ad44b000 rw-p 011c8000 00:13eb 4611686019135360866      /nix/store/gpxl5qgg8kicmcvivwmybwjlpf7wh20l-graalvm17-ce-22.3.0/lib/server/libjvm.so
7fa8ad44b000-7fa8ad4a7000 rw-p 00000000 00:00 0 
7fa8ad4a7000-7fa8ad4cf000 r--p 00000000 00:13eb 4611686019027979918      /nix/store/4nlgxhb09sdr51nc9hdm8az5b08vzkgx-glibc-2.35-163/lib/libc.so.6
7fa8ad4cf000-7fa8ad645000 r-xp 00028000 00:13eb 4611686019027979918      /nix/store/4nlgxhb09sdr51nc9hdm8az5b08vzkgx-glibc-2.35-163/lib/libc.so.6
7fa8ad645000-7fa8ad69d000 r--p 0019e000 00:13eb 4611686019027979918      /nix/store/4nlgxhb09sdr51nc9hdm8az5b08vzkgx-glibc-2.35-163/lib/libc.so.6
7fa8ad69d000-7fa8ad6a1000 r--p 001f6000 00:13eb 4611686019027979918      /nix/store/4nlgxhb09sdr51nc9hdm8az5b08vzkgx-glibc-2.35-163/lib/libc.so.6
7fa8ad6a1000-7fa8ad6a3000 rw-p 001fa000 00:13eb 4611686019027979918      /nix/store/4nlgxhb09sdr51nc9hdm8az5b08vzkgx-glibc-2.35-163/lib/libc.so.6
7fa8ad6a3000-7fa8ad6b2000 rw-p 00000000 00:00 0 
7fa8ad6b2000-7fa8ad6b3000 r--p 00000000 00:13eb 4611686019027979923      /nix/store/4nlgxhb09sdr51nc9hdm8az5b08vzkgx-glibc-2.35-163/lib/libdl.so.2
7fa8ad6b3000-7fa8ad6b4000 r-xp 00001000 00:13eb 4611686019027979923      /nix/store/4nlgxhb09sdr51nc9hdm8az5b08vzkgx-glibc-2.35-163/lib/libdl.so.2
7fa8ad6b4000-7fa8ad6b5000 r--p 00002000 00:13eb 4611686019027979923      /nix/store/4nlgxhb09sdr51nc9hdm8az5b08vzkgx-glibc-2.35-163/lib/libdl.so.2
7fa8ad6b5000-7fa8ad6b6000 r--p 00002000 00:13eb 4611686019027979923      /nix/store/4nlgxhb09sdr51nc9hdm8az5b08vzkgx-glibc-2.35-163/lib/libdl.so.2
7fa8ad6b6000-7fa8ad6b7000 rw-p 00003000 00:13eb 4611686019027979923      /nix/store/4nlgxhb09sdr51nc9hdm8az5b08vzkgx-glibc-2.35-163/lib/libdl.so.2
7fa8ad6b7000-7fa8ad6b8000 r--p 00000000 00:13eb 4611686019027979942      /nix/store/4nlgxhb09sdr51nc9hdm8az5b08vzkgx-glibc-2.35-163/lib/libpthread.so.0
7fa8ad6b8000-7fa8ad6b9000 r-xp 00001000 00:13eb 4611686019027979942      /nix/store/4nlgxhb09sdr51nc9hdm8az5b08vzkgx-glibc-2.35-163/lib/libpthread.so.0
7fa8ad6b9000-7fa8ad6ba000 r--p 00002000 00:13eb 4611686019027979942      /nix/store/4nlgxhb09sdr51nc9hdm8az5b08vzkgx-glibc-2.35-163/lib/libpthread.so.0
7fa8ad6ba000-7fa8ad6bb000 r--p 00002000 00:13eb 4611686019027979942      /nix/store/4nlgxhb09sdr51nc9hdm8az5b08vzkgx-glibc-2.35-163/lib/libpthread.so.0
7fa8ad6bb000-7fa8ad6bc000 rw-p 00003000 00:13eb 4611686019027979942      /nix/store/4nlgxhb09sdr51nc9hdm8az5b08vzkgx-glibc-2.35-163/lib/libpthread.so.0
7fa8ad6bc000-7fa8ad6ca000 r-xp 00000000 00:13eb 4611686019135190033      /nix/store/gpxl5qgg8kicmcvivwmybwjlpf7wh20l-graalvm17-ce-22.3.0/lib/libjli.so
7fa8ad6ca000-7fa8ad6cb000 ---p 0000e000 00:13eb 4611686019135190033      /nix/store/gpxl5qgg8kicmcvivwmybwjlpf7wh20l-graalvm17-ce-22.3.0/lib/libjli.so
7fa8ad6cb000-7fa8ad6cc000 r--p 0000e000 00:13eb 4611686019135190033      /nix/store/gpxl5qgg8kicmcvivwmybwjlpf7wh20l-graalvm17-ce-22.3.0/lib/libjli.so
7fa8ad6cc000-7fa8ad6cd000 rw-p 0000f000 00:13eb 4611686019135190033      /nix/store/gpxl5qgg8kicmcvivwmybwjlpf7wh20l-graalvm17-ce-22.3.0/lib/libjli.so
7fa8ad6cd000-7fa8ad6ce000 rw-p 00012000 00:13eb 4611686019135190033      /nix/store/gpxl5qgg8kicmcvivwmybwjlpf7wh20l-graalvm17-ce-22.3.0/lib/libjli.so
7fa8ad6ce000-7fa8ad6d1000 r--p 00000000 00:13eb 4611686019106210071      /nix/store/026hln0aq1hyshaxsdvhg0kmcm6yf45r-zlib-1.2.13/lib/libz.so.1.2.13
7fa8ad6d1000-7fa8ad6e3000 r-xp 00003000 00:13eb 4611686019106210071      /nix/store/026hln0aq1hyshaxsdvhg0kmcm6yf45r-zlib-1.2.13/lib/libz.so.1.2.13
7fa8ad6e3000-7fa8ad6ea000 r--p 00015000 00:13eb 4611686019106210071      /nix/store/026hln0aq1hyshaxsdvhg0kmcm6yf45r-zlib-1.2.13/lib/libz.so.1.2.13
7fa8ad6ea000-7fa8ad6eb000 r--p 0001b000 00:13eb 4611686019106210071      /nix/store/026hln0aq1hyshaxsdvhg0kmcm6yf45r-zlib-1.2.13/lib/libz.so.1.2.13
7fa8ad6eb000-7fa8ad6ec000 rw-p 0001c000 00:13eb 4611686019106210071      /nix/store/026hln0aq1hyshaxsdvhg0kmcm6yf45r-zlib-1.2.13/lib/libz.so.1.2.13
7fa8ad6ec000-7fa8ad6ee000 rw-p 00000000 00:00 0 
7fa8ad6ee000-7fa8ad6f0000 r--p 00000000 00:13eb 4611686019027979912      /nix/store/4nlgxhb09sdr51nc9hdm8az5b08vzkgx-glibc-2.35-163/lib/ld-linux-x86-64.so.2
7fa8ad6f0000-7fa8ad717000 r-xp 00002000 00:13eb 4611686019027979912      /nix/store/4nlgxhb09sdr51nc9hdm8az5b08vzkgx-glibc-2.35-163/lib/ld-linux-x86-64.so.2
7fa8ad717000-7fa8ad723000 r--p 00029000 00:13eb 4611686019027979912      /nix/store/4nlgxhb09sdr51nc9hdm8az5b08vzkgx-glibc-2.35-163/lib/ld-linux-x86-64.so.2
7fa8ad723000-7fa8ad725000 r--p 00034000 00:13eb 4611686019027979912      /nix/store/4nlgxhb09sdr51nc9hdm8az5b08vzkgx-glibc-2.35-163/lib/ld-linux-x86-64.so.2
7fa8ad725000-7fa8ad727000 rw-p 00036000 00:13eb 4611686019027979912      /nix/store/4nlgxhb09sdr51nc9hdm8az5b08vzkgx-glibc-2.35-163/lib/ld-linux-x86-64.so.2
7ffdedbc2000-7ffdedbe6000 rw-p 00000000 00:00 0                          [stack]
7ffdedbea000-7ffdedbee000 r--p 00000000 00:00 0                          [vvar]
7ffdedbee000-7ffdedbf0000 r-xp 00000000 00:00 0                          [vdso]
ffffffffff600000-ffffffffff601000 --xp 00000000 00:00 0                  [vsyscall]


VM Arguments:
jvm_args: -XX:ThreadPriorityPolicy=1 -XX:+UnlockExperimentalVMOptions -XX:+EnableJVMCIProduct -XX:JVMCIThreadsPerNativeLibraryRuntime=1 -XX:-UnlockExperimentalVMOptions -Declipse.application=org.eclipse.jdt.ls.core.id1 -Dosgi.bundles.defaultStartLevel=4 -Declipse.product=org.eclipse.jdt.ls.core.product -Dlog.level=ALL -Xverify:none -XX:+UseParallelGC -XX:GCTimeRatio=4 -XX:AdaptiveSizePolicyWeight=90 -Dsun.zip.disableMemoryMapping=true -Xmx512m -Xms100m 
java_command: /nix/store/m6gcpi1ii6rghy04cjwjddcavv7i90df-jdt-language-server-1.9.0/share/java/plugins/org.eclipse.equinox.launcher_1.6.400.v20210924-0641.jar --add-modules=ALL-SYSTEM --add-opens java.base/java.util=ALL-UNNAMED --add-opens java.base/java.lang=ALL-UNNAMED -configuration /home/runner/.cache/jdt-language-server/config -data /home/runner/.cache/jdt-language-server/data/home/runner/Hangman-Game-Java
java_class_path (initial): /nix/store/m6gcpi1ii6rghy04cjwjddcavv7i90df-jdt-language-server-1.9.0/share/java/plugins/org.eclipse.equinox.launcher_1.6.400.v20210924-0641.jar
Launcher Type: SUN_STANDARD

[Global flags]
    uintx AdaptiveSizePolicyWeight                 = 90                                        {product} {command line}
     intx CICompilerCount                          = 2                                         {product} {ergonomic}
     bool EnableJVMCIProduct                       = true                                {JVMCI product} {jimage}
    uintx GCTimeRatio                              = 4                                         {product} {command line}
   size_t InitialHeapSize                          = 104857600                                 {product} {command line}
     uint JVMCIThreadsPerNativeLibraryRuntime      = 1                                   {JVMCI product} {jimage}
   size_t MaxHeapSize                              = 536870912                                 {product} {command line}
   size_t MaxNewSize                               = 178782208                                 {product} {ergonomic}
   size_t MinHeapDeltaBytes                        = 524288                                    {product} {ergonomic}
   size_t MinHeapSize                              = 104857600                                 {product} {command line}
   size_t NewSize                                  = 34603008                                  {product} {ergonomic}
    uintx NonNMethodCodeHeapSize                   = 5826188                                {pd product} {ergonomic}
    uintx NonProfiledCodeHeapSize                  = 122916026                              {pd product} {ergonomic}
   size_t OldSize                                  = 70254592                                  {product} {ergonomic}
    uintx ProfiledCodeHeapSize                     = 122916026                              {pd product} {ergonomic}
    uintx ReservedCodeCacheSize                    = 251658240                              {pd product} {ergonomic}
     bool SegmentedCodeCache                       = true                                      {product} {ergonomic}
   size_t SoftMaxHeapSize                          = 536870912                              {manageable} {ergonomic}
     intx ThreadPriorityPolicy                     = 1                                         {product} {jimage}
     bool UseCompressedClassPointers               = true                           {product lp64_product} {ergonomic}
     bool UseCompressedOops                        = true                           {product lp64_product} {ergonomic}
     bool UseParallelGC                            = true                                      {product} {command line}

Logging:
Log output configuration:
 #0: stdout all=warning uptime,level,tags
 #1: stderr all=off uptime,level,tags

Environment Variables:
JAVA_HOME=/nix/store/gpxl5qgg8kicmcvivwmybwjlpf7wh20l-graalvm17-ce-22.3.0
PATH=/nix/store/1d6ian3r8kdzspw8hacjhl3xkp40g1lj-binutils-wrapper-2.39/bin:/nix/store/dq0xwmsk1g0i2ayg6pb7y87na2knzylh-gcc-wrapper-11.3.0/bin:/nix/store/bap4d0lpcrhpwmpb8ayjcgkmvfj62lnq-bash-interactive-5.1-p16/bin:/nix/store/pr5n59mb4jzmfx6kanwxly0l07p861fg-patchelf-0.15.0/bin:/nix/store/1gf2flfqnpqbr1b4p4qz2f72y42bs56r-gcc-11.3.0/bin:/nix/store/57xv61c5zi8pphjbcwxxjlgc34p61ic9-glibc-2.35-163-bin/bin:/nix/store/a7gvj343m05j2s32xcnwr35v31ynlypr-coreutils-9.1/bin:/nix/store/039g378vc3pc3dvi9dzdlrd0i4q93qwf-binutils-2.39/bin:/nix/store/gpxl5qgg8kicmcvivwmybwjlpf7wh20l-graalvm17-ce-22.3.0/bin:/nix/store/6z9ag3ihc8mq2hzsw48lhbznvzny65nz-apache-maven-3.8.6/bin:/nix/store/m6gcpi1ii6rghy04cjwjddcavv7i90df-jdt-language-server-1.9.0/bin:/nix/store/84xs5alhs01zrbr4ywm05kxbjbp5590l-java-debug/bin:/nix/store/mydc6f4k2z73xlcz7ilif3v2lcaiqvza-findutils-4.9.0/bin:/nix/store/j9p3g8472iijd50vhdprx0nmk2fqn5gv-diffutils-3.8/bin:/nix/store/89zs7rms6x00xfq4dq6m7mjnhkr8a6r4-gnused-4.8/bin:/nix/store/86bp03jkmsl6f92w0yzg4s59g5mhxwmy-gnugrep-3.7/bin:/nix/store/hwcdqw4jrjnd37wxqgsd47hd0j8bnj09-gawk-5.1.1/bin:/nix/store/cfbhw8r8ags41vwqaz47r583d0p4h4a1-gnutar-1.34/bin:/nix/store/p3m1ndl1lapwrlh698bnb5lvvxh67378-gzip-1.12/bin:/nix/store/a8mhcagrsly7c7mpjrpsnaahk4aax056-bzip2-1.0.8-bin/bin:/nix/store/mblgz65m3zv9x548a3d5m96fj2pbwr09-gnumake-4.3/bin:/nix/store/dsd5gz46hdbdk2rfdimqddhq6m8m8fqs-bash-5.1-p16/bin:/nix/store/v7ljksji50mg3w61dykaa3n3y79n6nil-patch-2.7.6/bin:/nix/store/zlcnmqq14jz5x9439jf937mvayyl63da-xz-5.2.7-bin/bin:/nix/store/y6aj732zm9m87c82fpvf103a1xb22blp-file-5.43/bin:/nix/store/sgqd0ajghcv2axfl1lad0b1alyavp0dc-prybar-elisp-0.0.0-67f7a00/bin:/nix/store/p3hsvljpgs68jqwar41lc0jqhjj734lf-prybar-lua-0.0.0-67f7a00/bin:/nix/store/qzxs2gybds3s9kb1vkaflpgm2nwr85fh-prybar-python3-0.0.0-67f7a00/bin:/nix/store/km94z9mxp8w4m8gxxp5mbfpdf3nkfvd8-prybar-sqlite-0.0.0-67f7a00/bin:/nix/store/2pnc7b76asw0z59c4l6h6qy8arwqrii1-prybar-tcl-0.0.0-67f7a00/bin:/nix/store/hpbvrlwd5viqmvcaisb3x0118i913a9n-st
LD_LIBRARY_PATH=/nix/store/a4pff549sk2idnkpzk5nsfps3mdkdnvm-cups-2.4.2-lib/lib:/nix/store/72mqxxhh3cy5yifh92wh2yb8cl2hikyy-cairo-1.16.0/lib:/nix/store/2k366jrbsra97gjfxwvrhvixjfxdach5-glib-2.74.1/lib:/nix/store/2j2znigd8ak37rlwh9khz0ry3clqlw1l-gtk+3-3.24.34/lib:/nix/store/hisqvx32cd57apbpcsnkpx6k3549wql1-libglvnd-1.4.0/lib:/nix/store/p36pgcv991mq5srvg765b78yqpxvk3qs-mesa-21.3.3-drivers/lib:/nix/store/mav4251if1ahjq5vkpwycyyvnmy459c4-pulseaudio-14.2/lib
DISPLAY=:0
LANG=en_US.UTF-8

Signal Handlers:
   SIGSEGV: crash_handler in libjvm.so, mask=11100100010111111101111111111110, flags=SA_RESTART|SA_SIGINFO
    SIGBUS: crash_handler in libjvm.so, mask=11100100010111111101111111111110, flags=SA_RESTART|SA_SIGINFO
    SIGFPE: crash_handler in libjvm.so, mask=11100100010111111101111111111110, flags=SA_RESTART|SA_SIGINFO
   SIGPIPE: IsolateEnterStub_IgnoreSIGPIPEStartupHook_noopSignalHandler_8f19bff2f35b5f630d83b364d6b2339320d4ec70_216e8361c6bc87a8f89f58cc10d3b2fd4415bf87 in libjvmcicompiler.so, mask=00000000000000000000000000000000, flags=SA_RESTART
  *** Handler was modified!
  *** Expected: javaSignalHandler in libjvm.so, mask=11100100110111111111111111111110, flags=SA_RESTART|SA_SIGINFO
   SIGXFSZ: javaSignalHandler in libjvm.so, mask=11100100010111111101111111111110, flags=SA_RESTART|SA_SIGINFO
    SIGILL: crash_handler in libjvm.so, mask=11100100010111111101111111111110, flags=SA_RESTART|SA_SIGINFO
   SIGUSR2: SR_handler in libjvm.so, mask=00000000000000000000000000000000, flags=SA_RESTART|SA_SIGINFO
    SIGHUP: UserHandler in libjvm.so, mask=11100100010111111101111111111110, flags=SA_RESTART|SA_SIGINFO
    SIGINT: UserHandler in libjvm.so, mask=11100100010111111101111111111110, flags=SA_RESTART|SA_SIGINFO
   SIGTERM: UserHandler in libjvm.so, mask=11100100010111111101111111111110, flags=SA_RESTART|SA_SIGINFO
   SIGQUIT: UserHandler in libjvm.so, mask=11100100010111111101111111111110, flags=SA_RESTART|SA_SIGINFO
  *** Handler was modified!
  *** Expected: javaSignalHandler in libjvm.so, mask=11100100110111111111111111111110, flags=SA_RESTART|SA_SIGINFO
   SIGTRAP: crash_handler in libjvm.so, mask=11100100010111111101111111111110, flags=SA_RESTART|SA_SIGINFO


---------------  S Y S T E M  ---------------

OS:
DISTRIB_ID=Ubuntu
DISTRIB_RELEASE=20.04
DISTRIB_CODENAME=focal
DISTRIB_DESCRIPTION="Ubuntu 20.04.2 LTS"
uname: Linux 5.15.0-1030-gcp #37~20.04.1-Ubuntu SMP Mon Feb 20 04:30:57 UTC 2023 x86_64
OS uptime: 0 days 10:31 hours
libc: glibc 2.35 NPTL 2.35 
rlimit (soft/hard): STACK 8192k/infinity , CORE infinity/infinity , NPROC infinity/infinity , NOFILE 5242/5242 , AS infinity/infinity , CPU infinity/infinity , DATA infinity/infinity , FSIZE infinity/infinity , MEMLOCK 64k/64k
load average: 11.29 13.93 14.87

/proc/meminfo:
MemTotal:       65852732 kB
MemFree:        24153964 kB
MemAvailable:   45812016 kB
Buffers:         2684120 kB
Cached:         17869916 kB
SwapCached:            0 kB
Active:         10515700 kB
Inactive:       26470884 kB
Active(anon):      14660 kB
Inactive(anon): 16297048 kB
Active(file):   10501040 kB
Inactive(file): 10173836 kB
Unevictable:       43432 kB
Mlocked:           43432 kB
SwapTotal:             0 kB
SwapFree:              0 kB
Dirty:            142176 kB
Writeback:            12 kB
AnonPages:      14749092 kB
Mapped:          1542784 kB
Shmem:             35096 kB
KReclaimable:    1709776 kB
Slab:            3739080 kB
SReclaimable:    1709776 kB
SUnreclaim:      2029304 kB
KernelStack:      396508 kB
PageTables:       143000 kB
NFS_Unstable:          0 kB
Bounce:                0 kB
WritebackTmp:          0 kB
CommitLimit:    32926364 kB
Committed_AS:   52847604 kB
VmallocTotal:   34359738367 kB
VmallocUsed:      446668 kB
VmallocChunk:          0 kB
Percpu:            77920 kB
HardwareCorrupted:     0 kB
AnonHugePages:   1716224 kB
ShmemHugePages:        0 kB
ShmemPmdMapped:        0 kB
FileHugePages:         0 kB
FilePmdMapped:         0 kB
HugePages_Total:       0
HugePages_Free:        0
HugePages_Rsvd:        0
HugePages_Surp:        0
Hugepagesize:       2048 kB
Hugetlb:               0 kB
DirectMap4k:     5376832 kB
DirectMap2M:    44951552 kB
DirectMap1G:    18874368 kB

/sys/kernel/mm/transparent_hugepage/enabled: always [madvise] never
/sys/kernel/mm/transparent_hugepage/defrag (defrag/compaction efforts parameter): always defer defer+madvise [madvise] never

Process Memory:
Virtual Size: 4523624K (peak: 4550440K)
Resident Set Size: 767864K (peak: 802836K) (anon: 575560K, file: 192304K, shmem: 0K)
Swapped out: 0K
C-Heap outstanding allocations: 39857K, retained: 12314K
glibc malloc tunables: (default)

/proc/sys/kernel/threads-max (system-wide limit on the number of threads): 514406
/proc/sys/vm/max_map_count (maximum number of memory map areas a process may have): 65530
/proc/sys/kernel/pid_max (system-wide limit on number of process identifiers): 4194304

container (cgroup) information:
container_type: cgroupv1
cpu_cpuset_cpus: 2-7
cpu_memory_nodes: 0
active_processor_count: 1
cpu_quota: 50000
cpu_period: 100000
cpu_shares: 512
memory_limit_in_bytes: 1048576 k
memory_and_swap_limit_in_bytes: 1048576 k
memory_soft_limit_in_bytes: 524288 k
memory_usage_in_bytes: 624588 k
memory_max_usage_in_bytes: 1048576 k
maximum number of tasks: 1000
current number of tasks: 54

KVM virtualization detected
Steal ticks since vm start: 0
Steal ticks percentage since vm start:  0.000

CPU: total 8 (initial active 1) (8 cores per cpu, 2 threads per core) family 23 model 49 stepping 0 microcode 0xffffffff, cx8, cmov, fxsr, ht, mmx, 3dnowpref, sse, sse2, sse3, ssse3, sse4a, sse4.1, sse4.2, popcnt, lzcnt, tsc, tscinvbit, avx, avx2, aes, clmul, bmi1, bmi2, adx, sha, fma, vzeroupper, clflush, clflushopt, hv
CPU Model and flags from /proc/cpuinfo:
model name	: AMD EPYC 7B12
flags		: fpu vme de pse tsc msr pae mce cx8 apic sep mtrr pge mca cmov pat pse36 clflush mmx fxsr sse sse2 ht syscall nx mmxext fxsr_opt pdpe1gb rdtscp lm constant_tsc rep_good nopl nonstop_tsc cpuid extd_apicid tsc_known_freq pni pclmulqdq ssse3 fma cx16 sse4_1 sse4_2 movbe popcnt aes xsave avx f16c rdrand hypervisor lahf_lm cmp_legacy cr8_legacy abm sse4a misalignsse 3dnowprefetch osvw topoext ssbd ibrs ibpb stibp vmmcall fsgsbase tsc_adjust bmi1 avx2 smep bmi2 rdseed adx smap clflushopt clwb sha_ni xsaveopt xsavec xgetbv1 clzero xsaveerptr arat npt nrip_save umip rdpid

Online cpus: 0-7
Offline cpus: 
BIOS frequency limitation: <Not Available>
Frequency switch latency (ns): <Not Available>
Available cpu frequencies: <Not Available>
Current governor: <Not Available>
Core performance/turbo boost: <Not Available>

Memory: 4k page, physical 1048576k(423980k free), swap 0k(0k free)
Page Sizes: 4k

vm_info: OpenJDK 64-Bit Server VM (17.0.5+8-jvmci-22.3-b08) for linux-amd64 JRE (17.0.5+8-jvmci-22.3-b08), built on Oct 19 2022 09:01:27 by "buildslave" with gcc 10.3.0

END.
